<?xml version="1.0" encoding="UTF-8"?>
<testsuite xmlns:xsi="http://www.w3.org/2001/XMLSchema-instance" xsi:noNamespaceSchemaLocation="https://maven.apache.org/surefire/maven-surefire-plugin/xsd/surefire-test-report-3.0.xsd" version="3.0" name="TestRunner" time="41.869" tests="49" errors="0" skipped="0" failures="2">
  <properties>
[...]
</properties>
  <testcase name="Authenticated request succeeds" classname="Authentication and Authorization Tests" time="5.24">
    <system-out><![CDATA[13:57:02.223 [INFO ] [steps.Hooks] - ========================================
13:57:02.227 [INFO ] [steps.Hooks] -   ISO 20022 Payment API Test Suite
13:57:02.227 [INFO ] [steps.Hooks] -   Starting test execution...
13:57:02.227 [INFO ] [steps.Hooks] - ========================================
13:57:02.238 [INFO ] [config.ConfigManager] - Loaded config for environment: dev
13:57:02.917 [INFO ] [utils.BaseAPI] - BaseAPI initialized. Base URL: https://jsonplaceholder.typicode.com

Scenario: Authenticated request succeeds                  &amp#27;[90m# src/test/resources/features/authentication.feature:19&amp#27;[0m
13:57:03.239 [INFO ] [steps.Hooks] - ─────────────────────────────────────────
13:57:03.243 [INFO ] [steps.Hooks] - SCENARIO STARTED: Authenticated request succeeds
13:57:03.245 [INFO ] [steps.Hooks] - Tags: []
13:57:03.245 [INFO ] [steps.Hooks] - ─────────────────────────────────────────
13:57:03.253 [INFO ] [steps.CommonStepDefinitions] - Base URL configured: https://jsonplaceholder.typicode.com
  &amp#27;[32mGiven &amp#27;[0m&amp#27;[32muser sets API base URL&amp#27;[0m                            &amp#27;[90m# steps.CommonStepDefinitions.userSetsApiBaseUrl()&amp#27;[0m
13:57:03.253 [INFO ] [steps.CommonStepDefinitions] - Authentication: Using Bearer token from config
  &amp#27;[32mGiven &amp#27;[0m&amp#27;[32muser is authenticated with a valid token&amp#27;[0m          &amp#27;[90m# steps.CommonStepDefinitions.userIsAuthenticatedWithValidToken()&amp#27;[0m
13:57:03.262 [INFO ] [steps.GetPaymentStepDefinitions] - Sending authenticated GET request to: /posts/1
Request method:	GET
Request URI:	https://jsonplaceholder.typicode.com/posts/1
Proxy:			<none>
Request params:	<none>
Query params:	<none>
Form params:	<none>
Path params:	<none>
Headers:		Accept=application/json, application/javascript, text/javascript, text/json
				Authorization=Bearer dev-demo-token-replace-with-real-jwt
				x-api-key=dev-api-key-replace-with-real-key
				X-Request-ID=03948ead-5cc1-4d9f-9b33-84c3760aa981
				X-Correlation-ID=fab333c0-00bc-4f46-8bc8-9f8899d128fc
				X-Message-Type=pacs.008.001.08
				X-Channel-ID=API
				X-Idempotency-Key=013a000f-4658-4693-98e0-f7daadb2a1d9
				Content-Type=application/json
Cookies:		<none>
Multiparts:		<none>
Body:			<none>
  &amp#27;[32mWhen &amp#27;[0m&amp#27;[32muser sends authenticated GET request to &amp#27;[0m&amp#27;[32m&amp#27;[1m"/posts/1"&amp#27;[0m &amp#27;[90m# steps.GetPaymentStepDefinitions.userSendsAuthenticatedGetRequest(java.lang.String)&amp#27;[0m
13:57:07.309 [INFO ] [utils.ValidationHelper] - Asserting status code: expected=200, actual=200
  &amp#27;[32mThen &amp#27;[0m&amp#27;[32mvalidate status code is &amp#27;[0m&amp#27;[32m&amp#27;[1m200&amp#27;[0m                        &amp#27;[90m# steps.CommonStepDefinitions.validateStatusCodeIs(int)&amp#27;[0m
13:57:08.188 [INFO ] [utils.ValidationHelper] - Asserting field exists: id = 1
  &amp#27;[32mAnd &amp#27;[0m&amp#27;[32mvalidate response contains &amp#27;[0m&amp#27;[32m&amp#27;[1m"id"&amp#27;[0m                     &amp#27;[90m# steps.CommonStepDefinitions.validateResponseContains(java.lang.String)&amp#27;[0m
13:57:08.191 [INFO ] [steps.Hooks] - SCENARIO PASSED: Authenticated request succeeds
]]></system-out>
    <system-err><![CDATA[May 12, 2026 1:56:59 PM io.cucumber.junit.platform.engine.DiscoverySelectorResolver warnWhenCucumberFeaturesPropertyIsUsed
WARNING: Discovering tests using the cucumber.features property. Other discovery selectors are ignored!
Please request/upvote/sponsor/ect better support for JUnit 5 discovery selectors.
See: https://github.com/cucumber/cucumber-jvm/pull/2498
]]></system-err>
  </testcase>
  <testcase name="Unauthenticated GET request" classname="Authentication and Authorization Tests" time="0.543">
    <system-out><![CDATA[
Scenario: Unauthenticated GET request                     &amp#27;[90m# src/test/resources/features/authentication.feature:30&amp#27;[0m
13:57:08.226 [INFO ] [steps.Hooks] - ─────────────────────────────────────────
13:57:08.226 [INFO ] [steps.Hooks] - SCENARIO STARTED: Unauthenticated GET request
13:57:08.226 [INFO ] [steps.Hooks] - Tags: []
13:57:08.227 [INFO ] [steps.Hooks] - ─────────────────────────────────────────
13:57:08.227 [INFO ] [steps.CommonStepDefinitions] - Base URL configured: https://jsonplaceholder.typicode.com
  &amp#27;[32mGiven &amp#27;[0m&amp#27;[32muser sets API base URL&amp#27;[0m                            &amp#27;[90m# steps.CommonStepDefinitions.userSetsApiBaseUrl()&amp#27;[0m
13:57:08.228 [INFO ] [steps.CommonStepDefinitions] - Authentication: None (testing unauthorized access)
  &amp#27;[32mGiven &amp#27;[0m&amp#27;[32muser has no authentication credentials&amp#27;[0m            &amp#27;[90m# steps.CommonStepDefinitions.userHasNoAuthenticationCredentials()&amp#27;[0m
13:57:08.229 [INFO ] [steps.GetPaymentStepDefinitions] - Sending UNAUTHENTICATED GET request to: /posts (expect 401/403)
Request method:	GET
Request URI:	https://jsonplaceholder.typicode.com/posts
Proxy:			<none>
Request params:	<none>
Query params:	<none>
Form params:	<none>
Path params:	<none>
Headers:		Accept=application/json, application/javascript, text/javascript, text/json
				Content-Type=application/json
Cookies:		<none>
Multiparts:		<none>
Body:			<none>
  &amp#27;[32mWhen &amp#27;[0m&amp#27;[32muser sends unauthenticated GET request to &amp#27;[0m&amp#27;[32m&amp#27;[1m"/posts"&amp#27;[0m &amp#27;[90m# steps.GetPaymentStepDefinitions.userSendsUnauthenticatedGetRequest(java.lang.String)&amp#27;[0m
13:57:08.737 [INFO ] [utils.ValidationHelper] - Asserting success status (2xx): actual=200
  &amp#27;[32mThen &amp#27;[0m&amp#27;[32mvalidate response is successful&amp#27;[0m                    &amp#27;[90m# steps.CommonStepDefinitions.validateResponseIsSuccessful()&amp#27;[0m
13:57:08.739 [INFO ] [steps.Hooks] - SCENARIO PASSED: Unauthenticated GET request
]]></system-out>
  </testcase>
  <testcase name="Unauthenticated POST request" classname="Authentication and Authorization Tests" time="0.883">
    <system-out><![CDATA[
Scenario: Unauthenticated POST request                     &amp#27;[90m# src/test/resources/features/authentication.feature:39&amp#27;[0m
13:57:08.751 [INFO ] [steps.Hooks] - ─────────────────────────────────────────
13:57:08.751 [INFO ] [steps.Hooks] - SCENARIO STARTED: Unauthenticated POST request
13:57:08.752 [INFO ] [steps.Hooks] - Tags: []
13:57:08.752 [INFO ] [steps.Hooks] - ─────────────────────────────────────────
13:57:08.753 [INFO ] [steps.CommonStepDefinitions] - Base URL configured: https://jsonplaceholder.typicode.com
  &amp#27;[32mGiven &amp#27;[0m&amp#27;[32muser sets API base URL&amp#27;[0m                             &amp#27;[90m# steps.CommonStepDefinitions.userSetsApiBaseUrl()&amp#27;[0m
13:57:08.754 [INFO ] [steps.CommonStepDefinitions] - Authentication: None (testing unauthorized access)
  &amp#27;[32mGiven &amp#27;[0m&amp#27;[32muser has no authentication credentials&amp#27;[0m             &amp#27;[90m# steps.CommonStepDefinitions.userHasNoAuthenticationCredentials()&amp#27;[0m
13:57:08.755 [INFO ] [steps.PostPaymentStepDefinitions] - Sending unauthenticated POST to: /posts (expect 401)
Request method:	POST
Request URI:	https://jsonplaceholder.typicode.com/posts
Proxy:			<none>
Request params:	<none>
Query params:	<none>
Form params:	<none>
Path params:	<none>
Headers:		Accept=application/json, application/javascript, text/javascript, text/json
				Content-Type=application/json
Cookies:		<none>
Multiparts:		<none>
Body:
{
    "title": "Payment EUR 100.00",
    "body": "Cross-border payment via pacs.008 for amount 100.00 EUR",
    "userId": 1
}
  &amp#27;[32mWhen &amp#27;[0m&amp#27;[32muser sends unauthenticated POST request to &amp#27;[0m&amp#27;[32m&amp#27;[1m"/posts"&amp#27;[0m &amp#27;[90m# steps.PostPaymentStepDefinitions.userSendsUnauthenticatedPostRequest(java.lang.String)&amp#27;[0m
13:57:09.623 [INFO ] [utils.ValidationHelper] - Asserting success status (2xx): actual=201
  &amp#27;[32mThen &amp#27;[0m&amp#27;[32mvalidate response is successful&amp#27;[0m                     &amp#27;[90m# steps.CommonStepDefinitions.validateResponseIsSuccessful()&amp#27;[0m
13:57:09.623 [INFO ] [steps.Hooks] - SCENARIO PASSED: Unauthenticated POST request
]]></system-out>
  </testcase>
  <testcase name="API Key authenticated request succeeds" classname="Authentication and Authorization Tests" time="0.361">
    <system-out><![CDATA[
Scenario: API Key authenticated request succeeds        &amp#27;[90m# src/test/resources/features/authentication.feature:47&amp#27;[0m
13:57:09.636 [INFO ] [steps.Hooks] - ─────────────────────────────────────────
13:57:09.636 [INFO ] [steps.Hooks] - SCENARIO STARTED: API Key authenticated request succeeds
13:57:09.637 [INFO ] [steps.Hooks] - Tags: []
13:57:09.637 [INFO ] [steps.Hooks] - ─────────────────────────────────────────
13:57:09.638 [INFO ] [steps.CommonStepDefinitions] - Base URL configured: https://jsonplaceholder.typicode.com
  &amp#27;[32mGiven &amp#27;[0m&amp#27;[32muser sets API base URL&amp#27;[0m                          &amp#27;[90m# steps.CommonStepDefinitions.userSetsApiBaseUrl()&amp#27;[0m
13:57:09.639 [INFO ] [steps.CommonStepDefinitions] - Authentication: Using API Key from config
  &amp#27;[32mGiven &amp#27;[0m&amp#27;[32muser uses API key authentication&amp#27;[0m                &amp#27;[90m# steps.CommonStepDefinitions.userUsesApiKeyAuthentication()&amp#27;[0m
13:57:09.640 [INFO ] [steps.GetPaymentStepDefinitions] - Sending authenticated GET request to: /posts
Request method:	GET
Request URI:	https://jsonplaceholder.typicode.com/posts
Proxy:			<none>
Request params:	<none>
Query params:	<none>
Form params:	<none>
Path params:	<none>
Headers:		Accept=application/json, application/javascript, text/javascript, text/json
				Authorization=Bearer dev-demo-token-replace-with-real-jwt
				x-api-key=dev-api-key-replace-with-real-key
				X-Request-ID=672a4a3a-8f93-491e-b20a-762677fc1006
				X-Correlation-ID=c676db40-2a8a-4247-aca1-f65ed84a17a3
				X-Message-Type=pacs.008.001.08
				X-Channel-ID=API
				X-Idempotency-Key=ec62a8d5-6934-4e23-93d9-c3e2ca80dbdb
				Content-Type=application/json
Cookies:		<none>
Multiparts:		<none>
Body:			<none>
  &amp#27;[32mWhen &amp#27;[0m&amp#27;[32muser sends authenticated GET request to &amp#27;[0m&amp#27;[32m&amp#27;[1m"/posts"&amp#27;[0m &amp#27;[90m# steps.GetPaymentStepDefinitions.userSendsAuthenticatedGetRequest(java.lang.String)&amp#27;[0m
13:57:09.918 [INFO ] [utils.ValidationHelper] - Asserting status code: expected=200, actual=200
  &amp#27;[32mThen &amp#27;[0m&amp#27;[32mvalidate status code is &amp#27;[0m&amp#27;[32m&amp#27;[1m200&amp#27;[0m                      &amp#27;[90m# steps.CommonStepDefinitions.validateStatusCodeIs(int)&amp#27;[0m
13:57:09.981 [INFO ] [steps.GetPaymentStepDefinitions] - Response list contains 100 items
  &amp#27;[32mAnd &amp#27;[0m&amp#27;[32mvalidate response is a list with items&amp#27;[0m            &amp#27;[90m# steps.GetPaymentStepDefinitions.validateResponseIsListWithItems()&amp#27;[0m
13:57:09.984 [INFO ] [steps.Hooks] - SCENARIO PASSED: API Key authenticated request succeeds
]]></system-out>
  </testcase>
  <testcase name="Cancel pending payment successfully" classname="DELETE API Tests - Payment Cancellation" time="0.565">
    <system-out><![CDATA[
Scenario: Cancel pending payment successfully      &amp#27;[90m# src/test/resources/features/delete.feature:18&amp#27;[0m
13:57:10.000 [INFO ] [steps.Hooks] - ─────────────────────────────────────────
13:57:10.001 [INFO ] [steps.Hooks] - SCENARIO STARTED: Cancel pending payment successfully
13:57:10.001 [INFO ] [steps.Hooks] - Tags: []
13:57:10.002 [INFO ] [steps.Hooks] - ─────────────────────────────────────────
13:57:10.003 [INFO ] [steps.CommonStepDefinitions] - Base URL configured: https://jsonplaceholder.typicode.com
  &amp#27;[32mGiven &amp#27;[0m&amp#27;[32muser sets API base URL&amp#27;[0m                     &amp#27;[90m# steps.CommonStepDefinitions.userSetsApiBaseUrl()&amp#27;[0m
13:57:10.004 [INFO ] [steps.CommonStepDefinitions] - Base URL configured: https://jsonplaceholder.typicode.com
  &amp#27;[32mGiven &amp#27;[0m&amp#27;[32muser sets API base URL&amp#27;[0m                     &amp#27;[90m# steps.CommonStepDefinitions.userSetsApiBaseUrl()&amp#27;[0m
13:57:10.005 [INFO ] [steps.PutDeleteStepDefinitions] - Sending DELETE request to: /posts/1
Request method:	DELETE
Request URI:	https://jsonplaceholder.typicode.com/posts/1
Proxy:			<none>
Request params:	<none>
Query params:	<none>
Form params:	<none>
Path params:	<none>
Headers:		Accept=application/json, application/javascript, text/javascript, text/json
				Authorization=Bearer dev-demo-token-replace-with-real-jwt
				X-Request-ID=1f077ea7-02d3-4357-81a3-b1bceb0fb212
				X-Correlation-ID=aa81f293-de8d-4b9b-b026-0df75de77d73
				Content-Type=application/json
Cookies:		<none>
Multiparts:		<none>
Body:			<none>
13:57:10.551 [INFO ] [steps.PutDeleteStepDefinitions] - DELETE response: HTTP 200
  &amp#27;[32mWhen &amp#27;[0m&amp#27;[32muser sends DELETE request to &amp#27;[0m&amp#27;[32m&amp#27;[1m"/posts/1"&amp#27;[0m     &amp#27;[90m# steps.PutDeleteStepDefinitions.userSendsDeleteRequestTo(java.lang.String)&amp#27;[0m
13:57:10.553 [INFO ] [steps.PutDeleteStepDefinitions] - Payment cancellation validated: HTTP 200
  &amp#27;[32mThen &amp#27;[0m&amp#27;[32mvalidate payment was cancelled successfully&amp#27;[0m &amp#27;[90m# steps.PutDeleteStepDefinitions.validatePaymentCancelledSuccessfully()&amp#27;[0m
13:57:10.553 [INFO ] [steps.Hooks] - SCENARIO PASSED: Cancel pending payment successfully
]]></system-out>
  </testcase>
  <testcase name="Delete post and validate status" classname="DELETE API Tests - Payment Cancellation" time="1.068">
    <system-out><![CDATA[
Scenario: Delete post and validate status &amp#27;[90m# src/test/resources/features/delete.feature:26&amp#27;[0m
13:57:10.563 [INFO ] [steps.Hooks] - ─────────────────────────────────────────
13:57:10.564 [INFO ] [steps.Hooks] - SCENARIO STARTED: Delete post and validate status
13:57:10.564 [INFO ] [steps.Hooks] - Tags: []
13:57:10.564 [INFO ] [steps.Hooks] - ─────────────────────────────────────────
13:57:10.565 [INFO ] [steps.CommonStepDefinitions] - Base URL configured: https://jsonplaceholder.typicode.com
  &amp#27;[32mGiven &amp#27;[0m&amp#27;[32muser sets API base URL&amp#27;[0m            &amp#27;[90m# steps.CommonStepDefinitions.userSetsApiBaseUrl()&amp#27;[0m
13:57:10.566 [INFO ] [steps.CommonStepDefinitions] - Base URL configured: https://jsonplaceholder.typicode.com
  &amp#27;[32mGiven &amp#27;[0m&amp#27;[32muser sets API base URL&amp#27;[0m            &amp#27;[90m# steps.CommonStepDefinitions.userSetsApiBaseUrl()&amp#27;[0m
13:57:10.567 [INFO ] [steps.PutDeleteStepDefinitions] - Cancelling payment ID: 1
13:57:10.567 [INFO ] [steps.PutDeleteStepDefinitions] - Sending DELETE request to: /posts/1
Request method:	DELETE
Request URI:	https://jsonplaceholder.typicode.com/posts/1
Proxy:			<none>
Request params:	<none>
Query params:	<none>
Form params:	<none>
Path params:	<none>
Headers:		Accept=application/json, application/javascript, text/javascript, text/json
				Authorization=Bearer dev-demo-token-replace-with-real-jwt
				X-Request-ID=8c922fb5-41fd-42a3-97a0-911528d24680
				X-Correlation-ID=3f3f68e5-7606-4bc5-bd3f-754b2a3203f6
				Content-Type=application/json
Cookies:		<none>
Multiparts:		<none>
Body:			<none>
13:57:11.621 [INFO ] [steps.PutDeleteStepDefinitions] - DELETE response: HTTP 200
  &amp#27;[32mWhen &amp#27;[0m&amp#27;[32muser cancels payment with ID &amp#27;[0m&amp#27;[32m&amp#27;[1m"1"&amp#27;[0m   &amp#27;[90m# steps.PutDeleteStepDefinitions.userCancelsPaymentWithId(java.lang.String)&amp#27;[0m
13:57:11.622 [INFO ] [utils.ValidationHelper] - Asserting status code: expected=200, actual=200
  &amp#27;[32mThen &amp#27;[0m&amp#27;[32mvalidate status code is &amp#27;[0m&amp#27;[32m&amp#27;[1m200&amp#27;[0m        &amp#27;[90m# steps.CommonStepDefinitions.validateStatusCodeIs(int)&amp#27;[0m
13:57:11.623 [INFO ] [steps.Hooks] - SCENARIO PASSED: Delete post and validate status
]]></system-out>
  </testcase>
  <testcase name="Cancel payment within time SLA" classname="DELETE API Tests - Payment Cancellation" time="0.504">
    <system-out><![CDATA[
Scenario: Cancel payment within time SLA           &amp#27;[90m# src/test/resources/features/delete.feature:34&amp#27;[0m
13:57:11.635 [INFO ] [steps.Hooks] - ─────────────────────────────────────────
13:57:11.635 [INFO ] [steps.Hooks] - SCENARIO STARTED: Cancel payment within time SLA
13:57:11.635 [INFO ] [steps.Hooks] - Tags: []
13:57:11.635 [INFO ] [steps.Hooks] - ─────────────────────────────────────────
13:57:11.636 [INFO ] [steps.CommonStepDefinitions] - Base URL configured: https://jsonplaceholder.typicode.com
  &amp#27;[32mGiven &amp#27;[0m&amp#27;[32muser sets API base URL&amp#27;[0m                     &amp#27;[90m# steps.CommonStepDefinitions.userSetsApiBaseUrl()&amp#27;[0m
13:57:11.636 [INFO ] [steps.CommonStepDefinitions] - Base URL configured: https://jsonplaceholder.typicode.com
  &amp#27;[32mGiven &amp#27;[0m&amp#27;[32muser sets API base URL&amp#27;[0m                     &amp#27;[90m# steps.CommonStepDefinitions.userSetsApiBaseUrl()&amp#27;[0m
13:57:11.637 [INFO ] [steps.PutDeleteStepDefinitions] - Sending DELETE request to: /posts/2
Request method:	DELETE
Request URI:	https://jsonplaceholder.typicode.com/posts/2
Proxy:			<none>
Request params:	<none>
Query params:	<none>
Form params:	<none>
Path params:	<none>
Headers:		Accept=application/json, application/javascript, text/javascript, text/json
				Authorization=Bearer dev-demo-token-replace-with-real-jwt
				X-Request-ID=f9a2c68f-b97a-4cf7-81c4-b52acece0e68
				X-Correlation-ID=affaf883-cfa5-4a32-99cf-05586c1d317d
				Content-Type=application/json
Cookies:		<none>
Multiparts:		<none>
Body:			<none>
13:57:12.120 [INFO ] [steps.PutDeleteStepDefinitions] - DELETE response: HTTP 200
  &amp#27;[32mWhen &amp#27;[0m&amp#27;[32muser sends DELETE request to &amp#27;[0m&amp#27;[32m&amp#27;[1m"/posts/2"&amp#27;[0m     &amp#27;[90m# steps.PutDeleteStepDefinitions.userSendsDeleteRequestTo(java.lang.String)&amp#27;[0m
13:57:12.121 [INFO ] [steps.PutDeleteStepDefinitions] - Payment cancellation validated: HTTP 200
  &amp#27;[32mThen &amp#27;[0m&amp#27;[32mvalidate payment was cancelled successfully&amp#27;[0m &amp#27;[90m# steps.PutDeleteStepDefinitions.validatePaymentCancelledSuccessfully()&amp#27;[0m
13:57:12.122 [INFO ] [utils.ValidationHelper] - Response time: 469ms (max allowed: 5000ms)
  &amp#27;[32mAnd &amp#27;[0m&amp#27;[32mvalidate response time less than &amp#27;[0m&amp#27;[32m&amp#27;[1m5000&amp#27;[0m        &amp#27;[90m# steps.CommonStepDefinitions.validateResponseTimeLessThan(int)&amp#27;[0m
13:57:12.128 [INFO ] [steps.Hooks] - SCENARIO PASSED: Cancel payment within time SLA
]]></system-out>
  </testcase>
  <testcase name="Attempt to cancel payment with invalid ID" classname="DELETE API Tests - Payment Cancellation" time="0.504">
    <failure message="Expected HTTP 404 but got 200. Response body: {} ==&gt; expected: &lt;404&gt; but was: &lt;200&gt;" type="org.opentest4j.AssertionFailedError"><![CDATA[org.opentest4j.AssertionFailedError: Expected HTTP 404 but got 200. Response body: {} ==> expected: <404> but was: <200>
	at utils.ValidationHelper.assertStatusCode(ValidationHelper.java:38)
	at steps.CommonStepDefinitions.validateStatusCodeIs(CommonStepDefinitions.java:71)
	at ✽.validate status code is 404(file:///C:/sotwares/payment-api-framework/src/test/resources/features/delete.feature:47)
]]></failure>
    <system-out><![CDATA[
Scenario: Attempt to cancel payment with invalid ID         &amp#27;[90m# src/test/resources/features/delete.feature:44&amp#27;[0m
13:57:12.143 [INFO ] [steps.Hooks] - ─────────────────────────────────────────
13:57:12.144 [INFO ] [steps.Hooks] - SCENARIO STARTED: Attempt to cancel payment with invalid ID
13:57:12.145 [INFO ] [steps.Hooks] - Tags: []
13:57:12.145 [INFO ] [steps.Hooks] - ─────────────────────────────────────────
13:57:12.146 [INFO ] [steps.CommonStepDefinitions] - Base URL configured: https://jsonplaceholder.typicode.com
  &amp#27;[32mGiven &amp#27;[0m&amp#27;[32muser sets API base URL&amp#27;[0m                              &amp#27;[90m# steps.CommonStepDefinitions.userSetsApiBaseUrl()&amp#27;[0m
13:57:12.147 [INFO ] [steps.CommonStepDefinitions] - Base URL configured: https://jsonplaceholder.typicode.com
  &amp#27;[32mGiven &amp#27;[0m&amp#27;[32muser sets API base URL&amp#27;[0m                              &amp#27;[90m# steps.CommonStepDefinitions.userSetsApiBaseUrl()&amp#27;[0m
13:57:12.148 [INFO ] [steps.PutDeleteStepDefinitions] - Attempting to delete non-existent payment: 99999
13:57:12.149 [INFO ] [steps.PutDeleteStepDefinitions] - Sending DELETE request to: /posts/99999
Request method:	DELETE
Request URI:	https://jsonplaceholder.typicode.com/posts/99999
Proxy:			<none>
Request params:	<none>
Query params:	<none>
Form params:	<none>
Path params:	<none>
Headers:		Accept=application/json, application/javascript, text/javascript, text/json
				Authorization=Bearer dev-demo-token-replace-with-real-jwt
				X-Request-ID=14dc60dd-ff24-4637-a05f-ea8a6125ac86
				X-Correlation-ID=04f29531-1400-4b31-bc33-f7cb78457a16
				Content-Type=application/json
Cookies:		<none>
Multiparts:		<none>
Body:			<none>
13:57:12.619 [INFO ] [steps.PutDeleteStepDefinitions] - DELETE response: HTTP 200
  &amp#27;[32mWhen &amp#27;[0m&amp#27;[32muser attempts to delete non-existent payment &amp#27;[0m&amp#27;[32m&amp#27;[1m"99999"&amp#27;[0m &amp#27;[90m# steps.PutDeleteStepDefinitions.userAttemptsToDeleteNonExistentPayment(java.lang.String)&amp#27;[0m
13:57:12.620 [INFO ] [utils.ValidationHelper] - Asserting status code: expected=404, actual=200
  &amp#27;[31mThen &amp#27;[0m&amp#27;[31mvalidate status code is &amp#27;[0m&amp#27;[31m&amp#27;[1m404&amp#27;[0m                          &amp#27;[90m# steps.CommonStepDefinitions.validateStatusCodeIs(int)&amp#27;[0m
      &amp#27;[31morg.opentest4j.AssertionFailedError: Expected HTTP 404 but got 200. Response body: {} ==> expected: <404> but was: <200>
	at org.junit.jupiter.api.AssertionFailureBuilder.build(AssertionFailureBuilder.java:151)
	at org.junit.jupiter.api.AssertionFailureBuilder.buildAndThrow(AssertionFailureBuilder.java:132)
	at org.junit.jupiter.api.AssertEquals.failNotEqual(AssertEquals.java:197)
	at org.junit.jupiter.api.AssertEquals.assertEquals(AssertEquals.java:150)
	at org.junit.jupiter.api.Assertions.assertEquals(Assertions.java:559)
	at utils.ValidationHelper.assertStatusCode(ValidationHelper.java:38)
	at steps.CommonStepDefinitions.validateStatusCodeIs(CommonStepDefinitions.java:71)
	at ✽.validate status code is 404(file:///C:/sotwares/payment-api-framework/src/test/resources/features/delete.feature:47)
&amp#27;[0m
13:57:12.629 [ERROR] [steps.Hooks] - SCENARIO FAILED: Attempt to cancel payment with invalid ID

    Embedding Last API Response [text/plain 21 bytes]

]]></system-out>
  </testcase>
  <testcase name="Get all posts" classname="GET API Tests" time="0.427">
    <system-out><![CDATA[
Scenario: Get all posts                   &amp#27;[90m# src/test/resources/features/get.feature:17&amp#27;[0m
13:57:12.654 [INFO ] [steps.Hooks] - ─────────────────────────────────────────
13:57:12.655 [INFO ] [steps.Hooks] - SCENARIO STARTED: Get all posts
13:57:12.656 [INFO ] [steps.Hooks] - Tags: []
13:57:12.657 [INFO ] [steps.Hooks] - ─────────────────────────────────────────
13:57:12.657 [INFO ] [steps.CommonStepDefinitions] - Base URL configured: https://jsonplaceholder.typicode.com
  &amp#27;[32mGiven &amp#27;[0m&amp#27;[32muser sets API base URL&amp#27;[0m            &amp#27;[90m# steps.CommonStepDefinitions.userSetsApiBaseUrl()&amp#27;[0m
13:57:12.658 [INFO ] [steps.CommonStepDefinitions] - Base URL configured: https://jsonplaceholder.typicode.com
  &amp#27;[32mGiven &amp#27;[0m&amp#27;[32muser sets API base URL&amp#27;[0m            &amp#27;[90m# steps.CommonStepDefinitions.userSetsApiBaseUrl()&amp#27;[0m
13:57:12.659 [INFO ] [steps.GetPaymentStepDefinitions] - Sending GET request to: /posts
Request method:	GET
Request URI:	https://jsonplaceholder.typicode.com/posts
Proxy:			<none>
Request params:	<none>
Query params:	<none>
Form params:	<none>
Path params:	<none>
Headers:		Accept=application/json, application/javascript, text/javascript, text/json
				Authorization=Bearer dev-demo-token-replace-with-real-jwt
				X-Request-ID=358cbf2e-6c9a-4bc6-8a3b-68beb21a7156
				X-Correlation-ID=d3e11717-7b21-45a7-8650-063b33d756b9
				Content-Type=application/json
Cookies:		<none>
Multiparts:		<none>
Body:			<none>
13:57:13.023 [INFO ] [steps.GetPaymentStepDefinitions] - Response received: HTTP 200, Time: 339ms
  &amp#27;[32mWhen &amp#27;[0m&amp#27;[32muser sends GET request to &amp#27;[0m&amp#27;[32m&amp#27;[1m"/posts"&amp#27;[0m &amp#27;[90m# steps.GetPaymentStepDefinitions.userSendsGetRequestTo(java.lang.String)&amp#27;[0m
13:57:13.024 [INFO ] [utils.ValidationHelper] - Asserting status code: expected=200, actual=200
  &amp#27;[32mThen &amp#27;[0m&amp#27;[32mvalidate status code is &amp#27;[0m&amp#27;[32m&amp#27;[1m200&amp#27;[0m        &amp#27;[90m# steps.CommonStepDefinitions.validateStatusCodeIs(int)&amp#27;[0m
13:57:13.069 [INFO ] [utils.ValidationHelper] - Asserting field exists: title = [sunt aut facere repellat provident occaecati excepturi optio reprehenderit, qui est esse, ea molestias quasi exercitationem repellat qui ipsa sit aut, eum et est occaecati, nesciunt quas odio, dolorem eum magni eos aperiam quia, magnam facilis autem, dolorem dolore est ipsam, nesciunt iure omnis dolorem tempora et accusantium, optio molestias id quia eum, et ea vero quia laudantium autem, in quibusdam tempore odit est dolorem, dolorum ut in voluptas mollitia et saepe quo animi, voluptatem eligendi optio, eveniet quod temporibus, sint suscipit perspiciatis velit dolorum rerum ipsa laboriosam odio, fugit voluptas sed molestias voluptatem provident, voluptate et itaque vero tempora molestiae, adipisci placeat illum aut reiciendis qui, doloribus ad provident suscipit at, asperiores ea ipsam voluptatibus modi minima quia sint, dolor sint quo a velit explicabo quia nam, maxime id vitae nihil numquam, autem hic labore sunt dolores incidunt, rem alias distinctio quo quis, est et quae odit qui non, quasi id et eos tenetur aut quo autem, delectus ullam et corporis nulla voluptas sequi, iusto eius quod necessitatibus culpa ea, a quo magni similique perferendis, ullam ut quidem id aut vel consequuntur, doloremque illum aliquid sunt, qui explicabo molestiae dolorem, magnam ut rerum iure, id nihil consequatur molestias animi provident, fuga nam accusamus voluptas reiciendis itaque, provident vel ut sit ratione est, explicabo et eos deleniti nostrum ab id repellendus, eos dolorem iste accusantium est eaque quam, enim quo cumque, non est facere, commodi ullam sint et excepturi error explicabo praesentium voluptas, eligendi iste nostrum consequuntur adipisci praesentium sit beatae perferendis, optio dolor molestias sit, ut numquam possimus omnis eius suscipit laudantium iure, aut quo modi neque nostrum ducimus, quibusdam cumque rem aut deserunt, ut voluptatem illum ea doloribus itaque eos, laborum non sunt aut ut assumenda perspiciatis voluptas, repellendus qui recusandae incidunt voluptates tenetur qui omnis exercitationem, soluta aliquam aperiam consequatur illo quis voluptas, qui enim et consequuntur quia animi quis voluptate quibusdam, ut quo aut ducimus alias, sit asperiores ipsam eveniet odio non quia, sit vel voluptatem et non libero, qui et at rerum necessitatibus, sed ab est est, voluptatum itaque dolores nisi et quasi, qui commodi dolor at maiores et quis id accusantium, consequatur placeat omnis quisquam quia reprehenderit fugit veritatis facere, voluptatem doloribus consectetur est ut ducimus, beatae enim quia vel, voluptas blanditiis repellendus animi ducimus error sapiente et suscipit, et fugit quas eum in in aperiam quod, consequatur id enim sunt et et, repudiandae ea animi iusto, aliquid eos sed fuga est maxime repellendus, odio quis facere architecto reiciendis optio, fugiat quod pariatur odit minima, voluptatem laborum magni, et iusto veniam et illum aut fuga, sint hic doloribus consequatur eos non id, consequuntur deleniti eos quia temporibus ab aliquid at, enim unde ratione doloribus quas enim ut sit sapiente, dignissimos eum dolor ut enim et delectus in, doloremque officiis ad et non perferendis, necessitatibus quasi exercitationem odio, quam voluptatibus rerum veritatis, pariatur consequatur quia magnam autem omnis non amet, labore in ex et explicabo corporis aut quas, tempora rem veritatis voluptas quo dolores vero, laudantium voluptate suscipit sunt enim enim, odit et voluptates doloribus alias odio et, optio ipsam molestias necessitatibus occaecati facilis veritatis dolores aut, dolore veritatis porro provident adipisci blanditiis et sunt, placeat quia et porro iste, nostrum quis quasi placeat, sapiente omnis fugit eos, sint soluta et vel magnam aut ut sed qui, ad iusto omnis odit dolor voluptatibus, aut amet sed, ratione ex tenetur perferendis, beatae soluta recusandae, qui qui voluptates illo iste minima, id minus libero illum nam ad officiis, quaerat velit veniam amet cupiditate aut numquam ut sequi, quas fugiat ut perspiciatis vero provident, laboriosam dolor voluptates, temporibus sit alias delectus eligendi possimus magni, at nam consequatur ea labore ea harum]
  &amp#27;[32mAnd &amp#27;[0m&amp#27;[32mvalidate response contains &amp#27;[0m&amp#27;[32m&amp#27;[1m"title"&amp#27;[0m  &amp#27;[90m# steps.CommonStepDefinitions.validateResponseContains(java.lang.String)&amp#27;[0m
13:57:13.071 [INFO ] [steps.Hooks] - SCENARIO PASSED: Get all posts
]]></system-out>
  </testcase>
  <testcase name="Get post id 1" classname="GET API Tests" time="0.377">
    <system-out><![CDATA[
Scenario: Get post id 1                     &amp#27;[90m# src/test/resources/features/get.feature:26&amp#27;[0m
13:57:13.081 [INFO ] [steps.Hooks] - ─────────────────────────────────────────
13:57:13.081 [INFO ] [steps.Hooks] - SCENARIO STARTED: Get post id 1
13:57:13.081 [INFO ] [steps.Hooks] - Tags: []
13:57:13.081 [INFO ] [steps.Hooks] - ─────────────────────────────────────────
13:57:13.082 [INFO ] [steps.CommonStepDefinitions] - Base URL configured: https://jsonplaceholder.typicode.com
  &amp#27;[32mGiven &amp#27;[0m&amp#27;[32muser sets API base URL&amp#27;[0m              &amp#27;[90m# steps.CommonStepDefinitions.userSetsApiBaseUrl()&amp#27;[0m
13:57:13.083 [INFO ] [steps.CommonStepDefinitions] - Base URL configured: https://jsonplaceholder.typicode.com
  &amp#27;[32mGiven &amp#27;[0m&amp#27;[32muser sets API base URL&amp#27;[0m              &amp#27;[90m# steps.CommonStepDefinitions.userSetsApiBaseUrl()&amp#27;[0m
13:57:13.084 [INFO ] [steps.GetPaymentStepDefinitions] - Sending GET request to: /posts/1
Request method:	GET
Request URI:	https://jsonplaceholder.typicode.com/posts/1
Proxy:			<none>
Request params:	<none>
Query params:	<none>
Form params:	<none>
Path params:	<none>
Headers:		Accept=application/json, application/javascript, text/javascript, text/json
				Authorization=Bearer dev-demo-token-replace-with-real-jwt
				X-Request-ID=d8cbfd61-c30d-4bb3-814f-1264acc2d887
				X-Correlation-ID=74beae81-0fb6-4432-af80-a92351d22ca8
				Content-Type=application/json
Cookies:		<none>
Multiparts:		<none>
Body:			<none>
13:57:13.431 [INFO ] [steps.GetPaymentStepDefinitions] - Response received: HTTP 200, Time: 335ms
  &amp#27;[32mWhen &amp#27;[0m&amp#27;[32muser sends GET request to &amp#27;[0m&amp#27;[32m&amp#27;[1m"/posts/1"&amp#27;[0m &amp#27;[90m# steps.GetPaymentStepDefinitions.userSendsGetRequestTo(java.lang.String)&amp#27;[0m
13:57:13.432 [INFO ] [utils.ValidationHelper] - Asserting status code: expected=200, actual=200
  &amp#27;[32mThen &amp#27;[0m&amp#27;[32mvalidate status code is &amp#27;[0m&amp#27;[32m&amp#27;[1m200&amp#27;[0m          &amp#27;[90m# steps.CommonStepDefinitions.validateStatusCodeIs(int)&amp#27;[0m
13:57:13.448 [INFO ] [utils.ValidationHelper] - Asserting field exists: userId = 1
  &amp#27;[32mAnd &amp#27;[0m&amp#27;[32mvalidate response contains &amp#27;[0m&amp#27;[32m&amp#27;[1m"userId"&amp#27;[0m   &amp#27;[90m# steps.CommonStepDefinitions.validateResponseContains(java.lang.String)&amp#27;[0m
13:57:13.449 [INFO ] [steps.Hooks] - SCENARIO PASSED: Get post id 1
]]></system-out>
  </testcase>
  <testcase name="Validate response header" classname="GET API Tests" time="0.285">
    <system-out><![CDATA[
Scenario: Validate response header        &amp#27;[90m# src/test/resources/features/get.feature:35&amp#27;[0m
13:57:13.454 [INFO ] [steps.Hooks] - ─────────────────────────────────────────
13:57:13.455 [INFO ] [steps.Hooks] - SCENARIO STARTED: Validate response header
13:57:13.455 [INFO ] [steps.Hooks] - Tags: []
13:57:13.455 [INFO ] [steps.Hooks] - ─────────────────────────────────────────
13:57:13.455 [INFO ] [steps.CommonStepDefinitions] - Base URL configured: https://jsonplaceholder.typicode.com
  &amp#27;[32mGiven &amp#27;[0m&amp#27;[32muser sets API base URL&amp#27;[0m            &amp#27;[90m# steps.CommonStepDefinitions.userSetsApiBaseUrl()&amp#27;[0m
13:57:13.456 [INFO ] [steps.CommonStepDefinitions] - Base URL configured: https://jsonplaceholder.typicode.com
  &amp#27;[32mGiven &amp#27;[0m&amp#27;[32muser sets API base URL&amp#27;[0m            &amp#27;[90m# steps.CommonStepDefinitions.userSetsApiBaseUrl()&amp#27;[0m
13:57:13.456 [INFO ] [steps.GetPaymentStepDefinitions] - Sending GET request to: /posts
Request method:	GET
Request URI:	https://jsonplaceholder.typicode.com/posts
Proxy:			<none>
Request params:	<none>
Query params:	<none>
Form params:	<none>
Path params:	<none>
Headers:		Accept=application/json, application/javascript, text/javascript, text/json
				Authorization=Bearer dev-demo-token-replace-with-real-jwt
				X-Request-ID=8258c160-89a8-47f8-bd1f-82d04ffce478
				X-Correlation-ID=72a7074f-49ed-44ca-a404-0956d5032e97
				Content-Type=application/json
Cookies:		<none>
Multiparts:		<none>
Body:			<none>
13:57:13.732 [INFO ] [steps.GetPaymentStepDefinitions] - Response received: HTTP 200, Time: 256ms
  &amp#27;[32mWhen &amp#27;[0m&amp#27;[32muser sends GET request to &amp#27;[0m&amp#27;[32m&amp#27;[1m"/posts"&amp#27;[0m &amp#27;[90m# steps.GetPaymentStepDefinitions.userSendsGetRequestTo(java.lang.String)&amp#27;[0m
13:57:13.733 [INFO ] [utils.ValidationHelper] - Header present: Content-Type = application/json; charset=utf-8
  &amp#27;[32mThen &amp#27;[0m&amp#27;[32mvalidate header &amp#27;[0m&amp#27;[32m&amp#27;[1m"Content-Type"&amp#27;[0m     &amp#27;[90m# steps.CommonStepDefinitions.validateHeader(java.lang.String)&amp#27;[0m
13:57:13.734 [INFO ] [steps.Hooks] - SCENARIO PASSED: Validate response header
]]></system-out>
  </testcase>
  <testcase name="Validate response time" classname="GET API Tests" time="0.321">
    <system-out><![CDATA[
Scenario: Validate response time             &amp#27;[90m# src/test/resources/features/get.feature:45&amp#27;[0m
13:57:13.742 [INFO ] [steps.Hooks] - ─────────────────────────────────────────
13:57:13.742 [INFO ] [steps.Hooks] - SCENARIO STARTED: Validate response time
13:57:13.742 [INFO ] [steps.Hooks] - Tags: []
13:57:13.742 [INFO ] [steps.Hooks] - ─────────────────────────────────────────
13:57:13.743 [INFO ] [steps.CommonStepDefinitions] - Base URL configured: https://jsonplaceholder.typicode.com
  &amp#27;[32mGiven &amp#27;[0m&amp#27;[32muser sets API base URL&amp#27;[0m               &amp#27;[90m# steps.CommonStepDefinitions.userSetsApiBaseUrl()&amp#27;[0m
13:57:13.744 [INFO ] [steps.CommonStepDefinitions] - Base URL configured: https://jsonplaceholder.typicode.com
  &amp#27;[32mGiven &amp#27;[0m&amp#27;[32muser sets API base URL&amp#27;[0m               &amp#27;[90m# steps.CommonStepDefinitions.userSetsApiBaseUrl()&amp#27;[0m
13:57:13.744 [INFO ] [steps.GetPaymentStepDefinitions] - Sending GET request to: /posts
Request method:	GET
Request URI:	https://jsonplaceholder.typicode.com/posts
Proxy:			<none>
Request params:	<none>
Query params:	<none>
Form params:	<none>
Path params:	<none>
Headers:		Accept=application/json, application/javascript, text/javascript, text/json
				Authorization=Bearer dev-demo-token-replace-with-real-jwt
				X-Request-ID=6b56bb7c-2667-4e51-bdcd-2b23f439f2ec
				X-Correlation-ID=f9ede4ad-1bd3-4ce0-870d-f39632f87f8b
				Content-Type=application/json
Cookies:		<none>
Multiparts:		<none>
Body:			<none>
13:57:14.053 [INFO ] [steps.GetPaymentStepDefinitions] - Response received: HTTP 200, Time: 290ms
  &amp#27;[32mWhen &amp#27;[0m&amp#27;[32muser sends GET request to &amp#27;[0m&amp#27;[32m&amp#27;[1m"/posts"&amp#27;[0m    &amp#27;[90m# steps.GetPaymentStepDefinitions.userSendsGetRequestTo(java.lang.String)&amp#27;[0m
13:57:14.054 [INFO ] [utils.ValidationHelper] - Response time: 290ms (max allowed: 5000ms)
  &amp#27;[32mThen &amp#27;[0m&amp#27;[32mvalidate response time less than &amp#27;[0m&amp#27;[32m&amp#27;[1m5000&amp#27;[0m &amp#27;[90m# steps.CommonStepDefinitions.validateResponseTimeLessThan(int)&amp#27;[0m
13:57:14.055 [INFO ] [steps.Hooks] - SCENARIO PASSED: Validate response time
]]></system-out>
  </testcase>
  <testcase name="Invalid post id" classname="GET API Tests" time="1.284">
    <system-out><![CDATA[
Scenario: Invalid post id                      &amp#27;[90m# src/test/resources/features/get.feature:53&amp#27;[0m
13:57:14.062 [INFO ] [steps.Hooks] - ─────────────────────────────────────────
13:57:14.063 [INFO ] [steps.Hooks] - SCENARIO STARTED: Invalid post id
13:57:14.063 [INFO ] [steps.Hooks] - Tags: []
13:57:14.063 [INFO ] [steps.Hooks] - ─────────────────────────────────────────
13:57:14.064 [INFO ] [steps.CommonStepDefinitions] - Base URL configured: https://jsonplaceholder.typicode.com
  &amp#27;[32mGiven &amp#27;[0m&amp#27;[32muser sets API base URL&amp#27;[0m                 &amp#27;[90m# steps.CommonStepDefinitions.userSetsApiBaseUrl()&amp#27;[0m
13:57:14.064 [INFO ] [steps.CommonStepDefinitions] - Base URL configured: https://jsonplaceholder.typicode.com
  &amp#27;[32mGiven &amp#27;[0m&amp#27;[32muser sets API base URL&amp#27;[0m                 &amp#27;[90m# steps.CommonStepDefinitions.userSetsApiBaseUrl()&amp#27;[0m
13:57:14.065 [INFO ] [steps.GetPaymentStepDefinitions] - Sending GET request to: /posts/0002
Request method:	GET
Request URI:	https://jsonplaceholder.typicode.com/posts/0002
Proxy:			<none>
Request params:	<none>
Query params:	<none>
Form params:	<none>
Path params:	<none>
Headers:		Accept=application/json, application/javascript, text/javascript, text/json
				Authorization=Bearer dev-demo-token-replace-with-real-jwt
				X-Request-ID=eaf15f08-32d2-43bd-92a6-b0aed0884f52
				X-Correlation-ID=4c9d2d23-4dda-4117-a740-e34149e787fe
				Content-Type=application/json
Cookies:		<none>
Multiparts:		<none>
Body:			<none>
13:57:15.337 [INFO ] [steps.GetPaymentStepDefinitions] - Response received: HTTP 404, Time: 1240ms
  &amp#27;[32mWhen &amp#27;[0m&amp#27;[32muser sends GET request to &amp#27;[0m&amp#27;[32m&amp#27;[1m"/posts/0002"&amp#27;[0m &amp#27;[90m# steps.GetPaymentStepDefinitions.userSendsGetRequestTo(java.lang.String)&amp#27;[0m
13:57:15.338 [INFO ] [utils.ValidationHelper] - Asserting status code: expected=404, actual=404
  &amp#27;[32mThen &amp#27;[0m&amp#27;[32mvalidate status code is &amp#27;[0m&amp#27;[32m&amp#27;[1m404&amp#27;[0m             &amp#27;[90m# steps.CommonStepDefinitions.validateStatusCodeIs(int)&amp#27;[0m
13:57:15.338 [INFO ] [steps.Hooks] - SCENARIO PASSED: Invalid post id
]]></system-out>
  </testcase>
  <testcase name="Validate Content-Type header is JSON" classname="GET API Tests" time="0.449">
    <system-out><![CDATA[
Scenario: Validate Content-Type header is JSON &amp#27;[90m# src/test/resources/features/get.feature:61&amp#27;[0m
13:57:15.345 [INFO ] [steps.Hooks] - ─────────────────────────────────────────
13:57:15.346 [INFO ] [steps.Hooks] - SCENARIO STARTED: Validate Content-Type header is JSON
13:57:15.346 [INFO ] [steps.Hooks] - Tags: []
13:57:15.346 [INFO ] [steps.Hooks] - ─────────────────────────────────────────
13:57:15.347 [INFO ] [steps.CommonStepDefinitions] - Base URL configured: https://jsonplaceholder.typicode.com
  &amp#27;[32mGiven &amp#27;[0m&amp#27;[32muser sets API base URL&amp#27;[0m                 &amp#27;[90m# steps.CommonStepDefinitions.userSetsApiBaseUrl()&amp#27;[0m
13:57:15.349 [INFO ] [steps.CommonStepDefinitions] - Base URL configured: https://jsonplaceholder.typicode.com
  &amp#27;[32mGiven &amp#27;[0m&amp#27;[32muser sets API base URL&amp#27;[0m                 &amp#27;[90m# steps.CommonStepDefinitions.userSetsApiBaseUrl()&amp#27;[0m
13:57:15.350 [INFO ] [steps.GetPaymentStepDefinitions] - Sending GET request to: /posts/1
Request method:	GET
Request URI:	https://jsonplaceholder.typicode.com/posts/1
Proxy:			<none>
Request params:	<none>
Query params:	<none>
Form params:	<none>
Path params:	<none>
Headers:		Accept=application/json, application/javascript, text/javascript, text/json
				Authorization=Bearer dev-demo-token-replace-with-real-jwt
				X-Request-ID=62b5e93a-d62a-4ae8-b948-b092cd810a71
				X-Correlation-ID=37e502dc-4233-4a27-a40b-fd226bfc5ba4
				Content-Type=application/json
Cookies:		<none>
Multiparts:		<none>
Body:			<none>
13:57:15.785 [INFO ] [steps.GetPaymentStepDefinitions] - Response received: HTTP 200, Time: 416ms
  &amp#27;[32mWhen &amp#27;[0m&amp#27;[32muser sends GET request to &amp#27;[0m&amp#27;[32m&amp#27;[1m"/posts/1"&amp#27;[0m    &amp#27;[90m# steps.GetPaymentStepDefinitions.userSendsGetRequestTo(java.lang.String)&amp#27;[0m
13:57:15.786 [INFO ] [utils.ValidationHelper] - Asserting status code: expected=200, actual=200
  &amp#27;[32mThen &amp#27;[0m&amp#27;[32mvalidate status code is &amp#27;[0m&amp#27;[32m&amp#27;[1m200&amp#27;[0m             &amp#27;[90m# steps.CommonStepDefinitions.validateStatusCodeIs(int)&amp#27;[0m
13:57:15.787 [INFO ] [utils.ValidationHelper] - Asserting Content-Type: application/json; charset=utf-8
  &amp#27;[32mAnd &amp#27;[0m&amp#27;[32mvalidate response has Content-Type JSON&amp#27;[0m  &amp#27;[90m# steps.CommonStepDefinitions.validateContentTypeJson()&amp#27;[0m
13:57:15.788 [INFO ] [steps.Hooks] - SCENARIO PASSED: Validate Content-Type header is JSON
]]></system-out>
  </testcase>
  <testcase name="Validate list response is not empty" classname="GET API Tests" time="0.299">
    <system-out><![CDATA[
Scenario: Validate list response is not empty &amp#27;[90m# src/test/resources/features/get.feature:70&amp#27;[0m
13:57:15.795 [INFO ] [steps.Hooks] - ─────────────────────────────────────────
13:57:15.796 [INFO ] [steps.Hooks] - SCENARIO STARTED: Validate list response is not empty
13:57:15.796 [INFO ] [steps.Hooks] - Tags: []
13:57:15.796 [INFO ] [steps.Hooks] - ─────────────────────────────────────────
13:57:15.797 [INFO ] [steps.CommonStepDefinitions] - Base URL configured: https://jsonplaceholder.typicode.com
  &amp#27;[32mGiven &amp#27;[0m&amp#27;[32muser sets API base URL&amp#27;[0m                &amp#27;[90m# steps.CommonStepDefinitions.userSetsApiBaseUrl()&amp#27;[0m
13:57:15.798 [INFO ] [steps.CommonStepDefinitions] - Base URL configured: https://jsonplaceholder.typicode.com
  &amp#27;[32mGiven &amp#27;[0m&amp#27;[32muser sets API base URL&amp#27;[0m                &amp#27;[90m# steps.CommonStepDefinitions.userSetsApiBaseUrl()&amp#27;[0m
13:57:15.799 [INFO ] [steps.GetPaymentStepDefinitions] - Sending GET request to: /posts
Request method:	GET
Request URI:	https://jsonplaceholder.typicode.com/posts
Proxy:			<none>
Request params:	<none>
Query params:	<none>
Form params:	<none>
Path params:	<none>
Headers:		Accept=application/json, application/javascript, text/javascript, text/json
				Authorization=Bearer dev-demo-token-replace-with-real-jwt
				X-Request-ID=db60337f-2496-47cf-be5f-53e43568b0ec
				X-Correlation-ID=ed293fe3-740e-4cb7-87cb-1512395b1cf7
				Content-Type=application/json
Cookies:		<none>
Multiparts:		<none>
Body:			<none>
13:57:16.072 [INFO ] [steps.GetPaymentStepDefinitions] - Response received: HTTP 200, Time: 258ms
  &amp#27;[32mWhen &amp#27;[0m&amp#27;[32muser sends GET request to &amp#27;[0m&amp#27;[32m&amp#27;[1m"/posts"&amp#27;[0m     &amp#27;[90m# steps.GetPaymentStepDefinitions.userSendsGetRequestTo(java.lang.String)&amp#27;[0m
13:57:16.073 [INFO ] [utils.ValidationHelper] - Asserting status code: expected=200, actual=200
  &amp#27;[32mThen &amp#27;[0m&amp#27;[32mvalidate status code is &amp#27;[0m&amp#27;[32m&amp#27;[1m200&amp#27;[0m            &amp#27;[90m# steps.CommonStepDefinitions.validateStatusCodeIs(int)&amp#27;[0m
13:57:16.087 [INFO ] [steps.GetPaymentStepDefinitions] - Response list contains 100 items
  &amp#27;[32mAnd &amp#27;[0m&amp#27;[32mvalidate response is a list with items&amp#27;[0m  &amp#27;[90m# steps.GetPaymentStepDefinitions.validateResponseIsListWithItems()&amp#27;[0m
13:57:16.087 [INFO ] [steps.Hooks] - SCENARIO PASSED: Validate list response is not empty
]]></system-out>
  </testcase>
  <testcase name="Validate required fields in payment record" classname="GET API Tests" time="0.514">
    <system-out><![CDATA[
Scenario: Validate required fields in payment record &amp#27;[90m# src/test/resources/features/get.feature:80&amp#27;[0m
13:57:16.094 [INFO ] [steps.Hooks] - ─────────────────────────────────────────
13:57:16.094 [INFO ] [steps.Hooks] - SCENARIO STARTED: Validate required fields in payment record
13:57:16.096 [INFO ] [steps.Hooks] - Tags: []
13:57:16.096 [INFO ] [steps.Hooks] - ─────────────────────────────────────────
13:57:16.096 [INFO ] [steps.CommonStepDefinitions] - Base URL configured: https://jsonplaceholder.typicode.com
  &amp#27;[32mGiven &amp#27;[0m&amp#27;[32muser sets API base URL&amp#27;[0m                       &amp#27;[90m# steps.CommonStepDefinitions.userSetsApiBaseUrl()&amp#27;[0m
13:57:16.096 [INFO ] [steps.CommonStepDefinitions] - Base URL configured: https://jsonplaceholder.typicode.com
  &amp#27;[32mGiven &amp#27;[0m&amp#27;[32muser sets API base URL&amp#27;[0m                       &amp#27;[90m# steps.CommonStepDefinitions.userSetsApiBaseUrl()&amp#27;[0m
13:57:16.097 [INFO ] [steps.GetPaymentStepDefinitions] - Sending GET request to: /posts/1
Request method:	GET
Request URI:	https://jsonplaceholder.typicode.com/posts/1
Proxy:			<none>
Request params:	<none>
Query params:	<none>
Form params:	<none>
Path params:	<none>
Headers:		Accept=application/json, application/javascript, text/javascript, text/json
				Authorization=Bearer dev-demo-token-replace-with-real-jwt
				X-Request-ID=25e7637c-50aa-4c91-8f6c-075c6f2eee83
				X-Correlation-ID=b9439a05-fcdf-4e9b-a8e5-dbb1fd077dfe
				Content-Type=application/json
Cookies:		<none>
Multiparts:		<none>
Body:			<none>
13:57:16.547 [INFO ] [steps.GetPaymentStepDefinitions] - Response received: HTTP 200, Time: 439ms
  &amp#27;[32mWhen &amp#27;[0m&amp#27;[32muser sends GET request to &amp#27;[0m&amp#27;[32m&amp#27;[1m"/posts/1"&amp#27;[0m          &amp#27;[90m# steps.GetPaymentStepDefinitions.userSendsGetRequestTo(java.lang.String)&amp#27;[0m
13:57:16.548 [INFO ] [utils.ValidationHelper] - Asserting status code: expected=200, actual=200
  &amp#27;[32mThen &amp#27;[0m&amp#27;[32mvalidate status code is &amp#27;[0m&amp#27;[32m&amp#27;[1m200&amp#27;[0m                   &amp#27;[90m# steps.CommonStepDefinitions.validateStatusCodeIs(int)&amp#27;[0m
13:57:16.560 [INFO ] [utils.ValidationHelper] - Asserting field exists: id = 1
  &amp#27;[32mAnd &amp#27;[0m&amp#27;[32mvalidate response contains &amp#27;[0m&amp#27;[32m&amp#27;[1m"id"&amp#27;[0m                &amp#27;[90m# steps.CommonStepDefinitions.validateResponseContains(java.lang.String)&amp#27;[0m
13:57:16.573 [INFO ] [utils.ValidationHelper] - Asserting field exists: title = sunt aut facere repellat provident occaecati excepturi optio reprehenderit
  &amp#27;[32mAnd &amp#27;[0m&amp#27;[32mvalidate response contains &amp#27;[0m&amp#27;[32m&amp#27;[1m"title"&amp#27;[0m             &amp#27;[90m# steps.CommonStepDefinitions.validateResponseContains(java.lang.String)&amp#27;[0m
13:57:16.586 [INFO ] [utils.ValidationHelper] - Asserting field exists: body = quia et suscipit
suscipit recusandae consequuntur expedita et cum
reprehenderit molestiae ut ut quas totam
nostrum rerum est autem sunt rem eveniet architecto
  &amp#27;[32mAnd &amp#27;[0m&amp#27;[32mvalidate response contains &amp#27;[0m&amp#27;[32m&amp#27;[1m"body"&amp#27;[0m              &amp#27;[90m# steps.CommonStepDefinitions.validateResponseContains(java.lang.String)&amp#27;[0m
13:57:16.600 [INFO ] [utils.ValidationHelper] - Asserting field exists: userId = 1
  &amp#27;[32mAnd &amp#27;[0m&amp#27;[32mvalidate response contains &amp#27;[0m&amp#27;[32m&amp#27;[1m"userId"&amp#27;[0m            &amp#27;[90m# steps.CommonStepDefinitions.validateResponseContains(java.lang.String)&amp#27;[0m
13:57:16.601 [INFO ] [steps.Hooks] - SCENARIO PASSED: Validate required fields in payment record
]]></system-out>
  </testcase>
  <testcase name="Get payments filtered by user ID" classname="GET API Tests" time="0.284">
    <system-out><![CDATA[
Scenario: Get payments filtered by user ID                                &amp#27;[90m# src/test/resources/features/get.feature:92&amp#27;[0m
13:57:16.607 [INFO ] [steps.Hooks] - ─────────────────────────────────────────
13:57:16.607 [INFO ] [steps.Hooks] - SCENARIO STARTED: Get payments filtered by user ID
13:57:16.607 [INFO ] [steps.Hooks] - Tags: []
13:57:16.607 [INFO ] [steps.Hooks] - ─────────────────────────────────────────
13:57:16.608 [INFO ] [steps.CommonStepDefinitions] - Base URL configured: https://jsonplaceholder.typicode.com
  &amp#27;[32mGiven &amp#27;[0m&amp#27;[32muser sets API base URL&amp#27;[0m                                            &amp#27;[90m# steps.CommonStepDefinitions.userSetsApiBaseUrl()&amp#27;[0m
13:57:16.608 [INFO ] [steps.CommonStepDefinitions] - Base URL configured: https://jsonplaceholder.typicode.com
  &amp#27;[32mGiven &amp#27;[0m&amp#27;[32muser sets API base URL&amp#27;[0m                                            &amp#27;[90m# steps.CommonStepDefinitions.userSetsApiBaseUrl()&amp#27;[0m
13:57:16.610 [INFO ] [steps.GetPaymentStepDefinitions] - GET /posts with ?userId=1
Request method:	GET
Request URI:	https://jsonplaceholder.typicode.com/posts?userId=1
Proxy:			<none>
Request params:	<none>
Query params:	userId=1
Form params:	<none>
Path params:	<none>
Headers:		Accept=application/json, application/javascript, text/javascript, text/json
				Authorization=Bearer dev-demo-token-replace-with-real-jwt
				X-Request-ID=6a1e2e74-80c3-4505-80bf-1a5c8fc81d98
				X-Correlation-ID=88782e94-e9bd-4cd0-bbb7-02aa44d5903f
				Content-Type=application/json
Cookies:		<none>
Multiparts:		<none>
Body:			<none>
  &amp#27;[32mWhen &amp#27;[0m&amp#27;[32muser sends GET request to &amp#27;[0m&amp#27;[32m&amp#27;[1m"/posts"&amp#27;[0m&amp#27;[32m with query param &amp#27;[0m&amp#27;[32m&amp#27;[1m"userId"&amp#27;[0m&amp#27;[32m = &amp#27;[0m&amp#27;[32m&amp#27;[1m"1"&amp#27;[0m &amp#27;[90m# steps.GetPaymentStepDefinitions.userSendsGetWithQueryParam(java.lang.String,java.lang.String,java.lang.String)&amp#27;[0m
13:57:16.882 [INFO ] [utils.ValidationHelper] - Asserting status code: expected=200, actual=200
  &amp#27;[32mThen &amp#27;[0m&amp#27;[32mvalidate status code is &amp#27;[0m&amp#27;[32m&amp#27;[1m200&amp#27;[0m                                        &amp#27;[90m# steps.CommonStepDefinitions.validateStatusCodeIs(int)&amp#27;[0m
13:57:16.885 [INFO ] [steps.GetPaymentStepDefinitions] - Response list contains 10 items
  &amp#27;[32mAnd &amp#27;[0m&amp#27;[32mvalidate response is a list with items&amp#27;[0m                              &amp#27;[90m# steps.GetPaymentStepDefinitions.validateResponseIsListWithItems()&amp#27;[0m
13:57:16.885 [INFO ] [steps.Hooks] - SCENARIO PASSED: Get payments filtered by user ID
]]></system-out>
  </testcase>
  <testcase name="Get sub-resource for payment (comments/status updates)" classname="GET API Tests" time="0.301">
    <system-out><![CDATA[
Scenario: Get sub-resource for payment (comments/status updates) &amp#27;[90m# src/test/resources/features/get.feature:102&amp#27;[0m
13:57:16.891 [INFO ] [steps.Hooks] - ─────────────────────────────────────────
13:57:16.891 [INFO ] [steps.Hooks] - SCENARIO STARTED: Get sub-resource for payment (comments/status updates)
13:57:16.891 [INFO ] [steps.Hooks] - Tags: []
13:57:16.892 [INFO ] [steps.Hooks] - ─────────────────────────────────────────
13:57:16.892 [INFO ] [steps.CommonStepDefinitions] - Base URL configured: https://jsonplaceholder.typicode.com
  &amp#27;[32mGiven &amp#27;[0m&amp#27;[32muser sets API base URL&amp#27;[0m                                   &amp#27;[90m# steps.CommonStepDefinitions.userSetsApiBaseUrl()&amp#27;[0m
13:57:16.892 [INFO ] [steps.CommonStepDefinitions] - Base URL configured: https://jsonplaceholder.typicode.com
  &amp#27;[32mGiven &amp#27;[0m&amp#27;[32muser sets API base URL&amp#27;[0m                                   &amp#27;[90m# steps.CommonStepDefinitions.userSetsApiBaseUrl()&amp#27;[0m
13:57:16.893 [INFO ] [steps.GetPaymentStepDefinitions] - Sending GET request to: /posts/1/comments
Request method:	GET
Request URI:	https://jsonplaceholder.typicode.com/posts/1/comments
Proxy:			<none>
Request params:	<none>
Query params:	<none>
Form params:	<none>
Path params:	<none>
Headers:		Accept=application/json, application/javascript, text/javascript, text/json
				Authorization=Bearer dev-demo-token-replace-with-real-jwt
				X-Request-ID=9716feb1-a4ac-407e-bc06-db9c97e9e709
				X-Correlation-ID=40073694-0649-4429-8c15-e75839d8cda5
				Content-Type=application/json
Cookies:		<none>
Multiparts:		<none>
Body:			<none>
13:57:17.185 [INFO ] [steps.GetPaymentStepDefinitions] - Response received: HTTP 200, Time: 283ms
  &amp#27;[32mWhen &amp#27;[0m&amp#27;[32muser sends GET request to &amp#27;[0m&amp#27;[32m&amp#27;[1m"/posts/1/comments"&amp#27;[0m             &amp#27;[90m# steps.GetPaymentStepDefinitions.userSendsGetRequestTo(java.lang.String)&amp#27;[0m
13:57:17.185 [INFO ] [utils.ValidationHelper] - Asserting status code: expected=200, actual=200
  &amp#27;[32mThen &amp#27;[0m&amp#27;[32mvalidate status code is &amp#27;[0m&amp#27;[32m&amp#27;[1m200&amp#27;[0m                               &amp#27;[90m# steps.CommonStepDefinitions.validateStatusCodeIs(int)&amp#27;[0m
13:57:17.187 [INFO ] [steps.GetPaymentStepDefinitions] - Response list contains 5 items
  &amp#27;[32mAnd &amp#27;[0m&amp#27;[32mvalidate response is a list with items&amp#27;[0m                     &amp#27;[90m# steps.GetPaymentStepDefinitions.validateResponseIsListWithItems()&amp#27;[0m
13:57:17.187 [INFO ] [steps.Hooks] - SCENARIO PASSED: Get sub-resource for payment (comments/status updates)
]]></system-out>
  </testcase>
  <testcase name="Validate payment ID matches requested ID" classname="GET API Tests" time="0.273">
    <system-out><![CDATA[
Scenario: Validate payment ID matches requested ID &amp#27;[90m# src/test/resources/features/get.feature:111&amp#27;[0m
13:57:17.194 [INFO ] [steps.Hooks] - ─────────────────────────────────────────
13:57:17.194 [INFO ] [steps.Hooks] - SCENARIO STARTED: Validate payment ID matches requested ID
13:57:17.194 [INFO ] [steps.Hooks] - Tags: []
13:57:17.194 [INFO ] [steps.Hooks] - ─────────────────────────────────────────
13:57:17.194 [INFO ] [steps.CommonStepDefinitions] - Base URL configured: https://jsonplaceholder.typicode.com
  &amp#27;[32mGiven &amp#27;[0m&amp#27;[32muser sets API base URL&amp#27;[0m                     &amp#27;[90m# steps.CommonStepDefinitions.userSetsApiBaseUrl()&amp#27;[0m
13:57:17.194 [INFO ] [steps.CommonStepDefinitions] - Base URL configured: https://jsonplaceholder.typicode.com
  &amp#27;[32mGiven &amp#27;[0m&amp#27;[32muser sets API base URL&amp#27;[0m                     &amp#27;[90m# steps.CommonStepDefinitions.userSetsApiBaseUrl()&amp#27;[0m
13:57:17.194 [INFO ] [steps.GetPaymentStepDefinitions] - Sending GET request to: /posts/5
Request method:	GET
Request URI:	https://jsonplaceholder.typicode.com/posts/5
Proxy:			<none>
Request params:	<none>
Query params:	<none>
Form params:	<none>
Path params:	<none>
Headers:		Accept=application/json, application/javascript, text/javascript, text/json
				Authorization=Bearer dev-demo-token-replace-with-real-jwt
				X-Request-ID=f988d8b0-5e20-44a6-97c1-29b878d8a4b2
				X-Correlation-ID=cd7a1551-33e9-4fd7-8afd-095ede28acbc
				Content-Type=application/json
Cookies:		<none>
Multiparts:		<none>
Body:			<none>
13:57:17.433 [INFO ] [steps.GetPaymentStepDefinitions] - Response received: HTTP 200, Time: 239ms
  &amp#27;[32mWhen &amp#27;[0m&amp#27;[32muser sends GET request to &amp#27;[0m&amp#27;[32m&amp#27;[1m"/posts/5"&amp#27;[0m        &amp#27;[90m# steps.GetPaymentStepDefinitions.userSendsGetRequestTo(java.lang.String)&amp#27;[0m
13:57:17.435 [INFO ] [utils.ValidationHelper] - Asserting status code: expected=200, actual=200
  &amp#27;[32mThen &amp#27;[0m&amp#27;[32mvalidate status code is &amp#27;[0m&amp#27;[32m&amp#27;[1m200&amp#27;[0m                 &amp#27;[90m# steps.CommonStepDefinitions.validateStatusCodeIs(int)&amp#27;[0m
  &amp#27;[32mAnd &amp#27;[0m&amp#27;[32mvalidate &amp#27;[0m&amp#27;[32m&amp#27;[1m"id"&amp#27;[0m&amp#27;[32m field value is &amp#27;[0m&amp#27;[32m&amp#27;[1m5&amp#27;[0m               &amp#27;[90m# steps.GetPaymentStepDefinitions.validateFieldValueIsInt(java.lang.String,int)&amp#27;[0m
13:57:17.458 [INFO ] [steps.Hooks] - SCENARIO PASSED: Validate payment ID matches requested ID
]]></system-out>
  </testcase>
  <testcase name="Validate response body is not empty" classname="GET API Tests" time="0.3">
    <system-out><![CDATA[
Scenario: Validate response body is not empty &amp#27;[90m# src/test/resources/features/get.feature:120&amp#27;[0m
13:57:17.466 [INFO ] [steps.Hooks] - ─────────────────────────────────────────
13:57:17.466 [INFO ] [steps.Hooks] - SCENARIO STARTED: Validate response body is not empty
13:57:17.466 [INFO ] [steps.Hooks] - Tags: []
13:57:17.466 [INFO ] [steps.Hooks] - ─────────────────────────────────────────
13:57:17.466 [INFO ] [steps.CommonStepDefinitions] - Base URL configured: https://jsonplaceholder.typicode.com
  &amp#27;[32mGiven &amp#27;[0m&amp#27;[32muser sets API base URL&amp#27;[0m                &amp#27;[90m# steps.CommonStepDefinitions.userSetsApiBaseUrl()&amp#27;[0m
13:57:17.466 [INFO ] [steps.CommonStepDefinitions] - Base URL configured: https://jsonplaceholder.typicode.com
  &amp#27;[32mGiven &amp#27;[0m&amp#27;[32muser sets API base URL&amp#27;[0m                &amp#27;[90m# steps.CommonStepDefinitions.userSetsApiBaseUrl()&amp#27;[0m
13:57:17.467 [INFO ] [steps.GetPaymentStepDefinitions] - Sending GET request to: /posts/1
Request method:	GET
Request URI:	https://jsonplaceholder.typicode.com/posts/1
Proxy:			<none>
Request params:	<none>
Query params:	<none>
Form params:	<none>
Path params:	<none>
Headers:		Accept=application/json, application/javascript, text/javascript, text/json
				Authorization=Bearer dev-demo-token-replace-with-real-jwt
				X-Request-ID=b059c636-db05-4fb1-a1f7-41cceb5bbdd3
				X-Correlation-ID=033d03ca-06d0-4f8f-bb9d-df28ee26564b
				Content-Type=application/json
Cookies:		<none>
Multiparts:		<none>
Body:			<none>
13:57:17.762 [INFO ] [steps.GetPaymentStepDefinitions] - Response received: HTTP 200, Time: 295ms
  &amp#27;[32mWhen &amp#27;[0m&amp#27;[32muser sends GET request to &amp#27;[0m&amp#27;[32m&amp#27;[1m"/posts/1"&amp#27;[0m   &amp#27;[90m# steps.GetPaymentStepDefinitions.userSendsGetRequestTo(java.lang.String)&amp#27;[0m
13:57:17.762 [INFO ] [utils.ValidationHelper] - Asserting status code: expected=200, actual=200
  &amp#27;[32mThen &amp#27;[0m&amp#27;[32mvalidate status code is &amp#27;[0m&amp#27;[32m&amp#27;[1m200&amp#27;[0m            &amp#27;[90m# steps.CommonStepDefinitions.validateStatusCodeIs(int)&amp#27;[0m
  &amp#27;[32mAnd &amp#27;[0m&amp#27;[32mvalidate response body is not empty&amp#27;[0m     &amp#27;[90m# steps.CommonStepDefinitions.validateResponseBodyIsNotEmpty()&amp#27;[0m
13:57:17.762 [INFO ] [steps.Hooks] - SCENARIO PASSED: Validate response body is not empty
]]></system-out>
  </testcase>
  <testcase name="Validate response meets strict SLA" classname="GET API Tests" time="0.287">
    <system-out><![CDATA[
Scenario: Validate response meets strict SLA                    &amp#27;[90m# src/test/resources/features/get.feature:129&amp#27;[0m
13:57:17.771 [INFO ] [steps.Hooks] - ─────────────────────────────────────────
13:57:17.771 [INFO ] [steps.Hooks] - SCENARIO STARTED: Validate response meets strict SLA
13:57:17.771 [INFO ] [steps.Hooks] - Tags: []
13:57:17.771 [INFO ] [steps.Hooks] - ─────────────────────────────────────────
13:57:17.771 [INFO ] [steps.CommonStepDefinitions] - Base URL configured: https://jsonplaceholder.typicode.com
  &amp#27;[32mGiven &amp#27;[0m&amp#27;[32muser sets API base URL&amp#27;[0m                                  &amp#27;[90m# steps.CommonStepDefinitions.userSetsApiBaseUrl()&amp#27;[0m
13:57:17.773 [INFO ] [steps.CommonStepDefinitions] - Base URL configured: https://jsonplaceholder.typicode.com
  &amp#27;[32mGiven &amp#27;[0m&amp#27;[32muser sets API base URL&amp#27;[0m                                  &amp#27;[90m# steps.CommonStepDefinitions.userSetsApiBaseUrl()&amp#27;[0m
13:57:17.773 [INFO ] [steps.GetPaymentStepDefinitions] - Sending GET request to: /posts/1
Request method:	GET
Request URI:	https://jsonplaceholder.typicode.com/posts/1
Proxy:			<none>
Request params:	<none>
Query params:	<none>
Form params:	<none>
Path params:	<none>
Headers:		Accept=application/json, application/javascript, text/javascript, text/json
				Authorization=Bearer dev-demo-token-replace-with-real-jwt
				X-Request-ID=19823e49-4cfe-4234-a85d-24b63560df22
				X-Correlation-ID=2a85209c-6ede-4987-9d90-85dff9fa4efe
				Content-Type=application/json
Cookies:		<none>
Multiparts:		<none>
Body:			<none>
13:57:18.047 [INFO ] [steps.GetPaymentStepDefinitions] - Response received: HTTP 200, Time: 264ms
  &amp#27;[32mWhen &amp#27;[0m&amp#27;[32muser sends GET request to &amp#27;[0m&amp#27;[32m&amp#27;[1m"/posts/1"&amp#27;[0m                     &amp#27;[90m# steps.GetPaymentStepDefinitions.userSendsGetRequestTo(java.lang.String)&amp#27;[0m
13:57:18.049 [INFO ] [utils.ValidationHelper] - Asserting status code: expected=200, actual=200
  &amp#27;[32mThen &amp#27;[0m&amp#27;[32mvalidate status code is &amp#27;[0m&amp#27;[32m&amp#27;[1m200&amp#27;[0m                              &amp#27;[90m# steps.CommonStepDefinitions.validateStatusCodeIs(int)&amp#27;[0m
13:57:18.049 [INFO ] [utils.ValidationHelper] - Response time: 264ms (max allowed: 3000ms)
  &amp#27;[32mAnd &amp#27;[0m&amp#27;[32mvalidate response time is within SLA of &amp#27;[0m&amp#27;[32m&amp#27;[1m3000&amp#27;[0m&amp#27;[32m milliseconds&amp#27;[0m &amp#27;[90m# steps.CommonStepDefinitions.validateResponseTimeWithinSla(int)&amp#27;[0m
13:57:18.049 [INFO ] [steps.Hooks] - SCENARIO PASSED: Validate response meets strict SLA
]]></system-out>
  </testcase>
  <testcase name="Get posts and users resources" classname="GET API Tests" time="0.638">
    <system-out><![CDATA[
Scenario: Get posts and users resources   &amp#27;[90m# src/test/resources/features/get.feature:138&amp#27;[0m
13:57:18.056 [INFO ] [steps.Hooks] - ─────────────────────────────────────────
13:57:18.056 [INFO ] [steps.Hooks] - SCENARIO STARTED: Get posts and users resources
13:57:18.056 [INFO ] [steps.Hooks] - Tags: []
13:57:18.056 [INFO ] [steps.Hooks] - ─────────────────────────────────────────
13:57:18.058 [INFO ] [steps.CommonStepDefinitions] - Base URL configured: https://jsonplaceholder.typicode.com
  &amp#27;[32mGiven &amp#27;[0m&amp#27;[32muser sets API base URL&amp#27;[0m            &amp#27;[90m# steps.CommonStepDefinitions.userSetsApiBaseUrl()&amp#27;[0m
13:57:18.058 [INFO ] [steps.CommonStepDefinitions] - Base URL configured: https://jsonplaceholder.typicode.com
  &amp#27;[32mGiven &amp#27;[0m&amp#27;[32muser sets API base URL&amp#27;[0m            &amp#27;[90m# steps.CommonStepDefinitions.userSetsApiBaseUrl()&amp#27;[0m
13:57:18.060 [INFO ] [steps.GetPaymentStepDefinitions] - Sending GET request to: /posts
Request method:	GET
Request URI:	https://jsonplaceholder.typicode.com/posts
Proxy:			<none>
Request params:	<none>
Query params:	<none>
Form params:	<none>
Path params:	<none>
Headers:		Accept=application/json, application/javascript, text/javascript, text/json
				Authorization=Bearer dev-demo-token-replace-with-real-jwt
				X-Request-ID=b8f345af-89a9-44bf-a76d-5e3a5ccb9dac
				X-Correlation-ID=0294d989-f525-4f15-a02e-852a97fd2789
				Content-Type=application/json
Cookies:		<none>
Multiparts:		<none>
Body:			<none>
13:57:18.359 [INFO ] [steps.GetPaymentStepDefinitions] - Response received: HTTP 200, Time: 281ms
  &amp#27;[32mWhen &amp#27;[0m&amp#27;[32muser sends GET request to &amp#27;[0m&amp#27;[32m&amp#27;[1m"/posts"&amp#27;[0m &amp#27;[90m# steps.GetPaymentStepDefinitions.userSendsGetRequestTo(java.lang.String)&amp#27;[0m
13:57:18.359 [INFO ] [utils.ValidationHelper] - Asserting status code: expected=200, actual=200
  &amp#27;[32mThen &amp#27;[0m&amp#27;[32mvalidate status code is &amp#27;[0m&amp#27;[32m&amp#27;[1m200&amp#27;[0m        &amp#27;[90m# steps.CommonStepDefinitions.validateStatusCodeIs(int)&amp#27;[0m
13:57:18.359 [INFO ] [steps.GetPaymentStepDefinitions] - Sending GET request to: /users
Request method:	GET
Request URI:	https://jsonplaceholder.typicode.com/users
Proxy:			<none>
Request params:	<none>
Query params:	<none>
Form params:	<none>
Path params:	<none>
Headers:		Accept=application/json, application/javascript, text/javascript, text/json
				Authorization=Bearer dev-demo-token-replace-with-real-jwt
				X-Request-ID=9da9a751-64c9-4e5d-aa29-ac3a8374eef1
				X-Correlation-ID=8715a577-80b9-4c0a-a79e-17fbc976bf20
				Content-Type=application/json
Cookies:		<none>
Multiparts:		<none>
Body:			<none>
13:57:18.685 [INFO ] [steps.GetPaymentStepDefinitions] - Response received: HTTP 200, Time: 315ms
  &amp#27;[32mWhen &amp#27;[0m&amp#27;[32muser sends GET request to &amp#27;[0m&amp#27;[32m&amp#27;[1m"/users"&amp#27;[0m &amp#27;[90m# steps.GetPaymentStepDefinitions.userSendsGetRequestTo(java.lang.String)&amp#27;[0m
13:57:18.685 [INFO ] [utils.ValidationHelper] - Asserting status code: expected=200, actual=200
  &amp#27;[32mThen &amp#27;[0m&amp#27;[32mvalidate status code is &amp#27;[0m&amp#27;[32m&amp#27;[1m200&amp#27;[0m        &amp#27;[90m# steps.CommonStepDefinitions.validateStatusCodeIs(int)&amp#27;[0m
13:57:18.685 [INFO ] [steps.Hooks] - SCENARIO PASSED: Get posts and users resources
]]></system-out>
  </testcase>
  <testcase name="Validate each item in list has required payment fields" classname="GET API Tests" time="5.301">
    <system-out><![CDATA[
Scenario: Validate each item in list has required payment fields &amp#27;[90m# src/test/resources/features/get.feature:149&amp#27;[0m
13:57:18.691 [INFO ] [steps.Hooks] - ─────────────────────────────────────────
13:57:18.691 [INFO ] [steps.Hooks] - SCENARIO STARTED: Validate each item in list has required payment fields
13:57:18.691 [INFO ] [steps.Hooks] - Tags: []
13:57:18.691 [INFO ] [steps.Hooks] - ─────────────────────────────────────────
13:57:18.693 [INFO ] [steps.CommonStepDefinitions] - Base URL configured: https://jsonplaceholder.typicode.com
  &amp#27;[32mGiven &amp#27;[0m&amp#27;[32muser sets API base URL&amp#27;[0m                                   &amp#27;[90m# steps.CommonStepDefinitions.userSetsApiBaseUrl()&amp#27;[0m
13:57:18.693 [INFO ] [steps.CommonStepDefinitions] - Base URL configured: https://jsonplaceholder.typicode.com
  &amp#27;[32mGiven &amp#27;[0m&amp#27;[32muser sets API base URL&amp#27;[0m                                   &amp#27;[90m# steps.CommonStepDefinitions.userSetsApiBaseUrl()&amp#27;[0m
13:57:18.693 [INFO ] [steps.GetPaymentStepDefinitions] - Sending GET request to: /posts
Request method:	GET
Request URI:	https://jsonplaceholder.typicode.com/posts
Proxy:			<none>
Request params:	<none>
Query params:	<none>
Form params:	<none>
Path params:	<none>
Headers:		Accept=application/json, application/javascript, text/javascript, text/json
				Authorization=Bearer dev-demo-token-replace-with-real-jwt
				X-Request-ID=0e919bd0-0117-4176-9f4f-f30f494dee69
				X-Correlation-ID=636e995e-c3fd-4a66-b2a2-b4713bae04f0
				Content-Type=application/json
Cookies:		<none>
Multiparts:		<none>
Body:			<none>
13:57:18.913 [INFO ] [steps.GetPaymentStepDefinitions] - Response received: HTTP 200, Time: 211ms
  &amp#27;[32mWhen &amp#27;[0m&amp#27;[32muser sends GET request to &amp#27;[0m&amp#27;[32m&amp#27;[1m"/posts"&amp#27;[0m                        &amp#27;[90m# steps.GetPaymentStepDefinitions.userSendsGetRequestTo(java.lang.String)&amp#27;[0m
13:57:18.913 [INFO ] [utils.ValidationHelper] - Asserting status code: expected=200, actual=200
  &amp#27;[32mThen &amp#27;[0m&amp#27;[32mvalidate status code is &amp#27;[0m&amp#27;[32m&amp#27;[1m200&amp#27;[0m                               &amp#27;[90m# steps.CommonStepDefinitions.validateStatusCodeIs(int)&amp#27;[0m
13:57:21.020 [INFO ] [steps.GetPaymentStepDefinitions] - All 100 items have field 'id'
  &amp#27;[32mAnd &amp#27;[0m&amp#27;[32mvalidate each item has field &amp#27;[0m&amp#27;[32m&amp#27;[1m"id"&amp#27;[0m                          &amp#27;[90m# steps.GetPaymentStepDefinitions.validateEachItemHasField(java.lang.String)&amp#27;[0m
13:57:22.616 [INFO ] [steps.GetPaymentStepDefinitions] - All 100 items have field 'title'
  &amp#27;[32mAnd &amp#27;[0m&amp#27;[32mvalidate each item has field &amp#27;[0m&amp#27;[32m&amp#27;[1m"title"&amp#27;[0m                       &amp#27;[90m# steps.GetPaymentStepDefinitions.validateEachItemHasField(java.lang.String)&amp#27;[0m
13:57:23.986 [INFO ] [steps.GetPaymentStepDefinitions] - All 100 items have field 'userId'
  &amp#27;[32mAnd &amp#27;[0m&amp#27;[32mvalidate each item has field &amp#27;[0m&amp#27;[32m&amp#27;[1m"userId"&amp#27;[0m                      &amp#27;[90m# steps.GetPaymentStepDefinitions.validateEachItemHasField(java.lang.String)&amp#27;[0m
13:57:23.987 [INFO ] [steps.Hooks] - SCENARIO PASSED: Validate each item in list has required payment fields
]]></system-out>
  </testcase>
  <testcase name="Validate German IBAN format in payment" classname="ISO 20022 Payment Field Validation Tests" time="0.921">
    <system-out><![CDATA[
Scenario: Validate German IBAN format in payment                                                                                        &amp#27;[90m# src/test/resources/features/payment_validation.feature:17&amp#27;[0m
13:57:24.009 [INFO ] [steps.Hooks] - ─────────────────────────────────────────
13:57:24.009 [INFO ] [steps.Hooks] - SCENARIO STARTED: Validate German IBAN format in payment
13:57:24.009 [INFO ] [steps.Hooks] - Tags: []
13:57:24.009 [INFO ] [steps.Hooks] - ─────────────────────────────────────────
13:57:24.010 [INFO ] [steps.CommonStepDefinitions] - Base URL configured: https://jsonplaceholder.typicode.com
  &amp#27;[32mGiven &amp#27;[0m&amp#27;[32muser sets API base URL&amp#27;[0m                                                                                                          &amp#27;[90m# steps.CommonStepDefinitions.userSetsApiBaseUrl()&amp#27;[0m
13:57:24.010 [INFO ] [steps.CommonStepDefinitions] - Base URL configured: https://jsonplaceholder.typicode.com
  &amp#27;[32mGiven &amp#27;[0m&amp#27;[32muser sets API base URL&amp#27;[0m                                                                                                          &amp#27;[90m# steps.CommonStepDefinitions.userSetsApiBaseUrl()&amp#27;[0m
13:57:24.014 [INFO ] [steps.PostPaymentStepDefinitions] - Initiating cross-border payment: 500.00 EUR from DE89370400440532013000 to FR7614508059144900028066622
13:57:24.014 [DEBUG] [models.PaymentRequestBuilder] - Built pacs.008 Credit Transfer payload: amount=500.00 EUR
Request method:	POST
Request URI:	https://jsonplaceholder.typicode.com/posts
Proxy:			<none>
Request params:	<none>
Query params:	<none>
Form params:	<none>
Path params:	<none>
Headers:		Accept=application/json, application/javascript, text/javascript, text/json
				Authorization=Bearer dev-demo-token-replace-with-real-jwt
				x-api-key=dev-api-key-replace-with-real-key
				X-Request-ID=140cc1bd-cf2a-4e0b-b2cc-071561cc9b19
				X-Correlation-ID=4804d9f6-f0c2-44d6-a22d-00a8c8aaa057
				X-Message-Type=pacs.008.001.08
				X-Channel-ID=API
				X-Idempotency-Key=8052c9fb-48da-438c-adc2-9bc9ce85e08e
				Content-Type=application/json
Cookies:		<none>
Multiparts:		<none>
Body:
{
    "messageId": "MSG-3E3F35A0",
    "creationDateTime": "2026-05-12T08:27:24.014913400Z",
    "messageType": "pacs.008.001.08",
    "creditTransferTransactionInfo": {
        "endToEndId": "E2E-50F77D65",
        "uetr": "1a737ed0-620b-4fd9-beb9-66ec370a1ff0",
        "instructedAmount": {
            "currency": "EUR",
            "amount": "500.00"
        },
        "chargeBearer": "SHAR",
        "debtor": {
            "name": "ACME Corporation"
        },
        "debtorAccount": {
            "iban": "DE89370400440532013000"
        },
        "debtorAgent": {
            "bic": "DEUTDEDB"
        },
        "creditor": {
            "name": "XYZ Supplier Ltd"
        },
        "creditorAccount": {
            "iban": "FR7614508059144900028066622"
        },
        "creditorAgent": {
            "bic": "BARCGB22"
        },
        "remittanceInformation": "Invoice INV-2024-001 Payment",
        "purpose": "SUPP"
    }
}
  &amp#27;[32mWhen &amp#27;[0m&amp#27;[32muser initiates a cross-border payment of &amp#27;[0m&amp#27;[32m&amp#27;[1m"500.00"&amp#27;[0m&amp#27;[32m &amp#27;[0m&amp#27;[32m&amp#27;[1m"EUR"&amp#27;[0m&amp#27;[32m from IBAN &amp#27;[0m&amp#27;[32m&amp#27;[1m"DE89370400440532013000"&amp#27;[0m&amp#27;[32m to IBAN &amp#27;[0m&amp#27;[32m&amp#27;[1m"FR7614508059144900028066622"&amp#27;[0m &amp#27;[90m# steps.PostPaymentStepDefinitions.userInitiatesCrossBorderPayment(java.lang.String,java.lang.String,java.lang.String,java.lang.String)&amp#27;[0m
13:57:24.913 [INFO ] [steps.PostPaymentStepDefinitions] - Payment creation validated: HTTP 201
  &amp#27;[32mThen &amp#27;[0m&amp#27;[32mvalidate payment was created successfully&amp#27;[0m                                                                                        &amp#27;[90m# steps.PostPaymentStepDefinitions.validatePaymentWasCreatedSuccessfully()&amp#27;[0m
13:57:24.914 [INFO ] [utils.ValidationHelper] - IBAN validation passed: DE89370400440532013000
  &amp#27;[32mAnd &amp#27;[0m&amp#27;[32mvalidate stored IBAN &amp#27;[0m&amp#27;[32m&amp#27;[1m"debtorIban"&amp#27;[0m&amp#27;[32m is in correct format&amp#27;[0m                                                                            &amp#27;[90m# steps.PostPaymentStepDefinitions.validateStoredIbanIsInCorrectFormat(java.lang.String)&amp#27;[0m
13:57:24.915 [INFO ] [utils.ValidationHelper] - IBAN validation passed: FR7614508059144900028066622
  &amp#27;[32mAnd &amp#27;[0m&amp#27;[32mvalidate stored IBAN &amp#27;[0m&amp#27;[32m&amp#27;[1m"creditorIban"&amp#27;[0m&amp#27;[32m is in correct format&amp#27;[0m                                                                          &amp#27;[90m# steps.PostPaymentStepDefinitions.validateStoredIbanIsInCorrectFormat(java.lang.String)&amp#27;[0m
13:57:24.915 [INFO ] [steps.Hooks] - SCENARIO PASSED: Validate German IBAN format in payment
]]></system-out>
  </testcase>
  <testcase name="Validate payment amount is correct format" classname="ISO 20022 Payment Field Validation Tests" time="0.449">
    <system-out><![CDATA[
Scenario: Validate payment amount is correct format                                                                                &amp#27;[90m# src/test/resources/features/payment_validation.feature:27&amp#27;[0m
13:57:24.921 [INFO ] [steps.Hooks] - ─────────────────────────────────────────
13:57:24.921 [INFO ] [steps.Hooks] - SCENARIO STARTED: Validate payment amount is correct format
13:57:24.921 [INFO ] [steps.Hooks] - Tags: []
13:57:24.921 [INFO ] [steps.Hooks] - ─────────────────────────────────────────
13:57:24.921 [INFO ] [steps.CommonStepDefinitions] - Base URL configured: https://jsonplaceholder.typicode.com
  &amp#27;[32mGiven &amp#27;[0m&amp#27;[32muser sets API base URL&amp#27;[0m                                                                                                     &amp#27;[90m# steps.CommonStepDefinitions.userSetsApiBaseUrl()&amp#27;[0m
13:57:24.922 [INFO ] [steps.CommonStepDefinitions] - Base URL configured: https://jsonplaceholder.typicode.com
  &amp#27;[32mGiven &amp#27;[0m&amp#27;[32muser sets API base URL&amp#27;[0m                                                                                                     &amp#27;[90m# steps.CommonStepDefinitions.userSetsApiBaseUrl()&amp#27;[0m
13:57:24.923 [INFO ] [steps.PostPaymentStepDefinitions] - Initiating cross-border payment: 250.50 USD from US12345678901234567890 to GB29NWBK60161331926819
13:57:24.924 [DEBUG] [models.PaymentRequestBuilder] - Built pacs.008 Credit Transfer payload: amount=250.50 USD
Request method:	POST
Request URI:	https://jsonplaceholder.typicode.com/posts
Proxy:			<none>
Request params:	<none>
Query params:	<none>
Form params:	<none>
Path params:	<none>
Headers:		Accept=application/json, application/javascript, text/javascript, text/json
				Authorization=Bearer dev-demo-token-replace-with-real-jwt
				x-api-key=dev-api-key-replace-with-real-key
				X-Request-ID=a8d56dde-cda8-4bfe-834c-edd09ebc457b
				X-Correlation-ID=1c0332b4-9308-4063-9ee6-bdfc136dcd8f
				X-Message-Type=pacs.008.001.08
				X-Channel-ID=API
				X-Idempotency-Key=11ece5cb-f92d-487c-8189-9737b6f3a63a
				Content-Type=application/json
Cookies:		<none>
Multiparts:		<none>
Body:
{
    "messageId": "MSG-0D6BBBAE",
    "creationDateTime": "2026-05-12T08:27:24.924057700Z",
    "messageType": "pacs.008.001.08",
    "creditTransferTransactionInfo": {
        "endToEndId": "E2E-C2F72195",
        "uetr": "2689072c-9014-4ae2-84c8-0ce40508afdb",
        "instructedAmount": {
            "currency": "USD",
            "amount": "250.50"
        },
        "chargeBearer": "SHAR",
        "debtor": {
            "name": "ACME Corporation"
        },
        "debtorAccount": {
            "iban": "US12345678901234567890"
        },
        "debtorAgent": {
            "bic": "DEUTDEDB"
        },
        "creditor": {
            "name": "XYZ Supplier Ltd"
        },
        "creditorAccount": {
            "iban": "GB29NWBK60161331926819"
        },
        "creditorAgent": {
            "bic": "BARCGB22"
        },
        "remittanceInformation": "Invoice INV-2024-001 Payment",
        "purpose": "SUPP"
    }
}
[...]
13:57:35.511 [INFO ] [steps.Hooks] - Tags: []
13:57:35.511 [INFO ] [steps.Hooks] - ─────────────────────────────────────────
13:57:35.511 [INFO ] [steps.CommonStepDefinitions] - Base URL configured: https://jsonplaceholder.typicode.com
  &amp#27;[32mGiven &amp#27;[0m&amp#27;[32muser sets API base URL&amp#27;[0m                                      &amp#27;[90m# steps.CommonStepDefinitions.userSetsApiBaseUrl()&amp#27;[0m
13:57:35.512 [INFO ] [steps.CommonStepDefinitions] - Base URL configured: https://jsonplaceholder.typicode.com
  &amp#27;[32mGiven &amp#27;[0m&amp#27;[32muser sets API base URL&amp#27;[0m                                      &amp#27;[90m# steps.CommonStepDefinitions.userSetsApiBaseUrl()&amp#27;[0m
13:57:35.513 [INFO ] [steps.PostPaymentStepDefinitions] - Sending POST to: /posts
Request method:	POST
Request URI:	https://jsonplaceholder.typicode.com/posts
Proxy:			<none>
Request params:	<none>
Query params:	<none>
Form params:	<none>
Path params:	<none>
Headers:		Accept=application/json, application/javascript, text/javascript, text/json
				Authorization=Bearer dev-demo-token-replace-with-real-jwt
				X-Request-ID=2c9cc984-6a9c-4349-b067-8d7eb04f2749
				X-Correlation-ID=219cb68c-1332-49de-8412-38c975fabb2a
				Content-Type=application/json
Cookies:		<none>
Multiparts:		<none>
Body:
{
    "title": "Payment EUR 1000.00",
    "body": "Cross-border payment via pacs.008 for amount 1000.00 EUR",
    "userId": 1
}
13:57:36.003 [INFO ] [steps.PostPaymentStepDefinitions] - POST response: HTTP 201
  &amp#27;[32mWhen &amp#27;[0m&amp#27;[32muser sends POST request to &amp#27;[0m&amp#27;[32m&amp#27;[1m"/posts"&amp#27;[0m                          &amp#27;[90m# steps.PostPaymentStepDefinitions.userSendsPostRequestTo(java.lang.String)&amp#27;[0m
13:57:36.004 [INFO ] [utils.ValidationHelper] - Asserting status code: expected=201, actual=201
  &amp#27;[32mThen &amp#27;[0m&amp#27;[32mvalidate status code is &amp#27;[0m&amp#27;[32m&amp#27;[1m201&amp#27;[0m                                  &amp#27;[90m# steps.CommonStepDefinitions.validateStatusCodeIs(int)&amp#27;[0m
13:57:36.012 [INFO ] [steps.CommonStepDefinitions] - Stored newPaymentId = 101 in context
  &amp#27;[32mAnd &amp#27;[0m&amp#27;[32mstore response field &amp#27;[0m&amp#27;[32m&amp#27;[1m"id"&amp#27;[0m&amp#27;[32m as &amp#27;[0m&amp#27;[32m&amp#27;[1m"newPaymentId"&amp#27;[0m                   &amp#27;[90m# steps.CommonStepDefinitions.storeResponseFieldAs(java.lang.String,java.lang.String)&amp#27;[0m
13:57:36.013 [INFO ] [steps.GetPaymentStepDefinitions] - Retrieving: /posts/101
13:57:36.013 [INFO ] [steps.GetPaymentStepDefinitions] - Sending GET request to: /posts/101
Request method:	GET
Request URI:	https://jsonplaceholder.typicode.com/posts/101
Proxy:			<none>
Request params:	<none>
Query params:	<none>
Form params:	<none>
Path params:	<none>
Headers:		Accept=application/json, application/javascript, text/javascript, text/json
				Authorization=Bearer dev-demo-token-replace-with-real-jwt
				X-Request-ID=6219328e-087c-46a9-aea9-e05b63ae2073
				X-Correlation-ID=04840c8c-dda4-4f4e-9751-70b7ab6fb774
				Content-Type=application/json
Cookies:		<none>
Multiparts:		<none>
Body:			<none>
13:57:36.281 [INFO ] [steps.GetPaymentStepDefinitions] - Response received: HTTP 404, Time: 263ms
  &amp#27;[32mWhen &amp#27;[0m&amp#27;[32muser retrieves resource &amp#27;[0m&amp#27;[32m&amp#27;[1m"/posts"&amp#27;[0m&amp#27;[32m by stored ID &amp#27;[0m&amp#27;[32m&amp#27;[1m"newPaymentId"&amp#27;[0m &amp#27;[90m# steps.GetPaymentStepDefinitions.userRetrievesResourceByStoredId(java.lang.String,java.lang.String)&amp#27;[0m
13:57:36.282 [INFO ] [utils.ValidationHelper] - Asserting status code: expected=200, actual=404
  &amp#27;[31mThen &amp#27;[0m&amp#27;[31mvalidate status code is &amp#27;[0m&amp#27;[31m&amp#27;[1m200&amp#27;[0m                                  &amp#27;[90m# steps.CommonStepDefinitions.validateStatusCodeIs(int)&amp#27;[0m
      &amp#27;[31morg.opentest4j.AssertionFailedError: Expected HTTP 200 but got 404. Response body: {} ==> expected: <200> but was: <404>
	at org.junit.jupiter.api.AssertionFailureBuilder.build(AssertionFailureBuilder.java:151)
	at org.junit.jupiter.api.AssertionFailureBuilder.buildAndThrow(AssertionFailureBuilder.java:132)
	at org.junit.jupiter.api.AssertEquals.failNotEqual(AssertEquals.java:197)
	at org.junit.jupiter.api.AssertEquals.assertEquals(AssertEquals.java:150)
	at org.junit.jupiter.api.Assertions.assertEquals(Assertions.java:559)
	at utils.ValidationHelper.assertStatusCode(ValidationHelper.java:38)
	at steps.CommonStepDefinitions.validateStatusCodeIs(CommonStepDefinitions.java:71)
	at ✽.validate status code is 200(file:///C:/sotwares/payment-api-framework/src/test/resources/features/post.feature:113)
&amp#27;[0m
  &amp#27;[36mAnd &amp#27;[0m&amp#27;[36mvalidate response contains &amp#27;[0m&amp#27;[36m&amp#27;[1m"id"&amp#27;[0m                               &amp#27;[90m# steps.CommonStepDefinitions.validateResponseContains(java.lang.String)&amp#27;[0m
13:57:36.283 [ERROR] [steps.Hooks] - SCENARIO FAILED: Create payment and retrieve by stored ID

    Embedding Last API Response [text/plain 21 bytes]

]]></system-out>
  </testcase>
  <testcase name="Update entire payment record" classname="PUT and PATCH API Tests - Payment Amendments" time="1.029">
    <system-out><![CDATA[
Scenario: Update entire payment record          &amp#27;[90m# src/test/resources/features/put.feature:18&amp#27;[0m
13:57:36.291 [INFO ] [steps.Hooks] - ─────────────────────────────────────────
13:57:36.291 [INFO ] [steps.Hooks] - SCENARIO STARTED: Update entire payment record
13:57:36.291 [INFO ] [steps.Hooks] - Tags: []
13:57:36.291 [INFO ] [steps.Hooks] - ─────────────────────────────────────────
13:57:36.291 [INFO ] [steps.CommonStepDefinitions] - Base URL configured: https://jsonplaceholder.typicode.com
  &amp#27;[32mGiven &amp#27;[0m&amp#27;[32muser sets API base URL&amp#27;[0m                  &amp#27;[90m# steps.CommonStepDefinitions.userSetsApiBaseUrl()&amp#27;[0m
13:57:36.292 [INFO ] [steps.CommonStepDefinitions] - Base URL configured: https://jsonplaceholder.typicode.com
  &amp#27;[32mGiven &amp#27;[0m&amp#27;[32muser sets API base URL&amp#27;[0m                  &amp#27;[90m# steps.CommonStepDefinitions.userSetsApiBaseUrl()&amp#27;[0m
13:57:36.292 [INFO ] [steps.PutDeleteStepDefinitions] - Sending PUT request to: /posts/1
Request method:	PUT
Request URI:	https://jsonplaceholder.typicode.com/posts/1
Proxy:			<none>
Request params:	<none>
Query params:	<none>
Form params:	<none>
Path params:	<none>
Headers:		Accept=application/json, application/javascript, text/javascript, text/json
				Authorization=Bearer dev-demo-token-replace-with-real-jwt
				X-Request-ID=68b33eaf-e83b-4b55-be48-58ce422dff5f
				X-Correlation-ID=da487f7f-2d76-42f9-b131-c0e95e9a5d3f
				Content-Type=application/json
Cookies:		<none>
Multiparts:		<none>
Body:
{
    "id": 1,
    "title": "Updated Payment Reference",
    "body": "Payment amount amended to 1500.00 EUR per agreement",
    "userId": 1
}
13:57:37.313 [INFO ] [steps.PutDeleteStepDefinitions] - PUT response: HTTP 200
  &amp#27;[32mWhen &amp#27;[0m&amp#27;[32muser sends PUT request to &amp#27;[0m&amp#27;[32m&amp#27;[1m"/posts/1"&amp#27;[0m     &amp#27;[90m# steps.PutDeleteStepDefinitions.userSendsPutRequestTo(java.lang.String)&amp#27;[0m
13:57:37.314 [INFO ] [utils.ValidationHelper] - Asserting status code: expected=200, actual=200
  &amp#27;[32mThen &amp#27;[0m&amp#27;[32mvalidate status code is &amp#27;[0m&amp#27;[32m&amp#27;[1m200&amp#27;[0m              &amp#27;[90m# steps.CommonStepDefinitions.validateStatusCodeIs(int)&amp#27;[0m
13:57:37.314 [INFO ] [steps.PutDeleteStepDefinitions] - Payment update validated: HTTP 200
  &amp#27;[32mAnd &amp#27;[0m&amp#27;[32mvalidate payment was updated successfully&amp#27;[0m &amp#27;[90m# steps.PutDeleteStepDefinitions.validatePaymentUpdatedSuccessfully()&amp#27;[0m
13:57:37.315 [INFO ] [steps.Hooks] - SCENARIO PASSED: Update entire payment record
]]></system-out>
  </testcase>
  <testcase name="Validate PUT response headers" classname="PUT and PATCH API Tests - Payment Amendments" time="1.155">
    <system-out><![CDATA[
Scenario: Validate PUT response headers       &amp#27;[90m# src/test/resources/features/put.feature:27&amp#27;[0m
13:57:37.318 [INFO ] [steps.Hooks] - ─────────────────────────────────────────
13:57:37.318 [INFO ] [steps.Hooks] - SCENARIO STARTED: Validate PUT response headers
13:57:37.318 [INFO ] [steps.Hooks] - Tags: []
13:57:37.319 [INFO ] [steps.Hooks] - ─────────────────────────────────────────
13:57:37.319 [INFO ] [steps.CommonStepDefinitions] - Base URL configured: https://jsonplaceholder.typicode.com
  &amp#27;[32mGiven &amp#27;[0m&amp#27;[32muser sets API base URL&amp#27;[0m                &amp#27;[90m# steps.CommonStepDefinitions.userSetsApiBaseUrl()&amp#27;[0m
13:57:37.319 [INFO ] [steps.CommonStepDefinitions] - Base URL configured: https://jsonplaceholder.typicode.com
  &amp#27;[32mGiven &amp#27;[0m&amp#27;[32muser sets API base URL&amp#27;[0m                &amp#27;[90m# steps.CommonStepDefinitions.userSetsApiBaseUrl()&amp#27;[0m
13:57:37.319 [INFO ] [steps.PutDeleteStepDefinitions] - Sending PUT request to: /posts/1
Request method:	PUT
Request URI:	https://jsonplaceholder.typicode.com/posts/1
Proxy:			<none>
Request params:	<none>
Query params:	<none>
Form params:	<none>
Path params:	<none>
Headers:		Accept=application/json, application/javascript, text/javascript, text/json
				Authorization=Bearer dev-demo-token-replace-with-real-jwt
				X-Request-ID=f420c7e7-146d-4d0b-83b7-db4b15d00507
				X-Correlation-ID=3f8147ea-bbae-46b6-946d-01807c2f72bc
				Content-Type=application/json
Cookies:		<none>
Multiparts:		<none>
Body:
{
    "id": 1,
    "title": "Updated Payment Reference",
    "body": "Payment amount amended to 1500.00 EUR per agreement",
    "userId": 1
}
13:57:38.467 [INFO ] [steps.PutDeleteStepDefinitions] - PUT response: HTTP 200
  &amp#27;[32mWhen &amp#27;[0m&amp#27;[32muser sends PUT request to &amp#27;[0m&amp#27;[32m&amp#27;[1m"/posts/1"&amp#27;[0m   &amp#27;[90m# steps.PutDeleteStepDefinitions.userSendsPutRequestTo(java.lang.String)&amp#27;[0m
13:57:38.468 [INFO ] [utils.ValidationHelper] - Asserting status code: expected=200, actual=200
  &amp#27;[32mThen &amp#27;[0m&amp#27;[32mvalidate status code is &amp#27;[0m&amp#27;[32m&amp#27;[1m200&amp#27;[0m            &amp#27;[90m# steps.CommonStepDefinitions.validateStatusCodeIs(int)&amp#27;[0m
13:57:38.469 [INFO ] [utils.ValidationHelper] - Asserting Content-Type: application/json; charset=utf-8
  &amp#27;[32mAnd &amp#27;[0m&amp#27;[32mvalidate response has Content-Type JSON&amp#27;[0m &amp#27;[90m# steps.CommonStepDefinitions.validateContentTypeJson()&amp#27;[0m
13:57:38.469 [INFO ] [steps.Hooks] - SCENARIO PASSED: Validate PUT response headers
]]></system-out>
  </testcase>
  <testcase name="Partial update of payment reference" classname="PUT and PATCH API Tests - Payment Amendments" time="1.617">
    <system-out><![CDATA[
Scenario: Partial update of payment reference                                                    &amp#27;[90m# src/test/resources/features/put.feature:37&amp#27;[0m
13:57:38.473 [INFO ] [steps.Hooks] - ─────────────────────────────────────────
13:57:38.473 [INFO ] [steps.Hooks] - SCENARIO STARTED: Partial update of payment reference
13:57:38.473 [INFO ] [steps.Hooks] - Tags: []
13:57:38.473 [INFO ] [steps.Hooks] - ─────────────────────────────────────────
13:57:38.473 [INFO ] [steps.CommonStepDefinitions] - Base URL configured: https://jsonplaceholder.typicode.com
  &amp#27;[32mGiven &amp#27;[0m&amp#27;[32muser sets API base URL&amp#27;[0m                                                                   &amp#27;[90m# steps.CommonStepDefinitions.userSetsApiBaseUrl()&amp#27;[0m
13:57:38.473 [INFO ] [steps.CommonStepDefinitions] - Base URL configured: https://jsonplaceholder.typicode.com
  &amp#27;[32mGiven &amp#27;[0m&amp#27;[32muser sets API base URL&amp#27;[0m                                                                   &amp#27;[90m# steps.CommonStepDefinitions.userSetsApiBaseUrl()&amp#27;[0m
13:57:38.474 [INFO ] [steps.PutDeleteStepDefinitions] - Sending PATCH to: /posts/1 with title=Corrected Payment Reference
Request method:	PATCH
Request URI:	https://jsonplaceholder.typicode.com/posts/1
Proxy:			<none>
Request params:	<none>
Query params:	<none>
Form params:	<none>
Path params:	<none>
Headers:		Accept=application/json, application/javascript, text/javascript, text/json
				Authorization=Bearer dev-demo-token-replace-with-real-jwt
				X-Request-ID=b50ac65e-b7f2-4d1a-8a12-51d2a9924baa
				X-Correlation-ID=f701758d-e3e3-40f7-a95b-223e67bd9bd8
				Content-Type=application/json
Cookies:		<none>
Multiparts:		<none>
Body:
{
    "title": "Corrected Payment Reference"
}
  &amp#27;[32mWhen &amp#27;[0m&amp#27;[32muser sends PATCH request to &amp#27;[0m&amp#27;[32m&amp#27;[1m"/posts/1"&amp#27;[0m&amp#27;[32m with field &amp#27;[0m&amp#27;[32m&amp#27;[1m"title"&amp#27;[0m&amp#27;[32m = &amp#27;[0m&amp#27;[32m&amp#27;[1m"Corrected Payment Reference"&amp#27;[0m &amp#27;[90m# steps.PutDeleteStepDefinitions.userSendsPatchRequest(java.lang.String,java.lang.String,java.lang.String)&amp#27;[0m
13:57:40.068 [INFO ] [utils.ValidationHelper] - Asserting status code: expected=200, actual=200
  &amp#27;[32mThen &amp#27;[0m&amp#27;[32mvalidate status code is &amp#27;[0m&amp#27;[32m&amp#27;[1m200&amp#27;[0m                                                               &amp#27;[90m# steps.CommonStepDefinitions.validateStatusCodeIs(int)&amp#27;[0m
  &amp#27;[32mAnd &amp#27;[0m&amp#27;[32mvalidate updated field &amp#27;[0m&amp#27;[32m&amp#27;[1m"title"&amp#27;[0m&amp#27;[32m contains &amp#27;[0m&amp#27;[32m&amp#27;[1m"Corrected"&amp#27;[0m                                        &amp#27;[90m# steps.PutDeleteStepDefinitions.validateUpdatedFieldContains(java.lang.String,java.lang.String)&amp#27;[0m
13:57:40.087 [INFO ] [steps.Hooks] - SCENARIO PASSED: Partial update of payment reference
]]></system-out>
  </testcase>
  <testcase name="Update payment amount" classname="PUT and PATCH API Tests - Payment Amendments" time="1.594">
    <system-out><![CDATA[
Scenario: Update payment amount                             &amp#27;[90m# src/test/resources/features/put.feature:46&amp#27;[0m
13:57:40.092 [INFO ] [steps.Hooks] - ─────────────────────────────────────────
13:57:40.092 [INFO ] [steps.Hooks] - SCENARIO STARTED: Update payment amount
13:57:40.092 [INFO ] [steps.Hooks] - Tags: []
13:57:40.092 [INFO ] [steps.Hooks] - ─────────────────────────────────────────
13:57:40.093 [INFO ] [steps.CommonStepDefinitions] - Base URL configured: https://jsonplaceholder.typicode.com
  &amp#27;[32mGiven &amp#27;[0m&amp#27;[32muser sets API base URL&amp#27;[0m                              &amp#27;[90m# steps.CommonStepDefinitions.userSetsApiBaseUrl()&amp#27;[0m
13:57:40.093 [INFO ] [steps.CommonStepDefinitions] - Base URL configured: https://jsonplaceholder.typicode.com
  &amp#27;[32mGiven &amp#27;[0m&amp#27;[32muser sets API base URL&amp#27;[0m                              &amp#27;[90m# steps.CommonStepDefinitions.userSetsApiBaseUrl()&amp#27;[0m
13:57:40.094 [INFO ] [steps.PutDeleteStepDefinitions] - Updating payment 1 with new amount 2500.00 USD
Request method:	PUT
Request URI:	https://jsonplaceholder.typicode.com/posts/1
Proxy:			<none>
Request params:	<none>
Query params:	<none>
Form params:	<none>
Path params:	<none>
Headers:		Accept=application/json, application/javascript, text/javascript, text/json
				Authorization=Bearer dev-demo-token-replace-with-real-jwt
				x-api-key=dev-api-key-replace-with-real-key
				X-Request-ID=4ca2faf8-08c4-413e-a304-b32b76f902ed
				X-Correlation-ID=610633c5-f257-4964-85d3-621a30052bdd
				X-Message-Type=pacs.008.001.08
				X-Channel-ID=API
				X-Idempotency-Key=6b2e448d-5d92-4cf9-81b0-0cb7e8d5273a
				Content-Type=application/json
Cookies:		<none>
Multiparts:		<none>
Body:
{
    "title": "Payment Update 2500.00 USD",
    "body": "Payment amended: 2500.00 USD",
    "userId": 1
}
  &amp#27;[32mWhen &amp#27;[0m&amp#27;[32muser updates payment &amp#27;[0m&amp#27;[32m&amp#27;[1m"1"&amp#27;[0m&amp#27;[32m with amount &amp#27;[0m&amp#27;[32m&amp#27;[1m"2500.00"&amp#27;[0m&amp#27;[32m &amp#27;[0m&amp#27;[32m&amp#27;[1m"USD"&amp#27;[0m &amp#27;[90m# steps.PutDeleteStepDefinitions.userUpdatesPaymentWithAmount(java.lang.String,java.lang.String,java.lang.String)&amp#27;[0m
13:57:41.680 [INFO ] [steps.PutDeleteStepDefinitions] - Payment update validated: HTTP 200
  &amp#27;[32mThen &amp#27;[0m&amp#27;[32mvalidate payment was updated successfully&amp#27;[0m            &amp#27;[90m# steps.PutDeleteStepDefinitions.validatePaymentUpdatedSuccessfully()&amp#27;[0m
13:57:41.680 [INFO ] [utils.ValidationHelper] - Response time: 1579ms (max allowed: 5000ms)
  &amp#27;[32mAnd &amp#27;[0m&amp#27;[32mvalidate response time less than &amp#27;[0m&amp#27;[32m&amp#27;[1m5000&amp#27;[0m                 &amp#27;[90m# steps.CommonStepDefinitions.validateResponseTimeLessThan(int)&amp#27;[0m
13:57:41.680 [INFO ] [steps.Hooks] - SCENARIO PASSED: Update payment amount
]]></system-out>
  </testcase>
  <testcase name="PUT response body is not empty" classname="PUT and PATCH API Tests - Payment Amendments" time="0.556">
    <system-out><![CDATA[
Scenario: PUT response body is not empty    &amp#27;[90m# src/test/resources/features/put.feature:55&amp#27;[0m
13:57:41.685 [INFO ] [steps.Hooks] - ─────────────────────────────────────────
13:57:41.685 [INFO ] [steps.Hooks] - SCENARIO STARTED: PUT response body is not empty
13:57:41.685 [INFO ] [steps.Hooks] - Tags: []
13:57:41.685 [INFO ] [steps.Hooks] - ─────────────────────────────────────────
13:57:41.685 [INFO ] [steps.CommonStepDefinitions] - Base URL configured: https://jsonplaceholder.typicode.com
  &amp#27;[32mGiven &amp#27;[0m&amp#27;[32muser sets API base URL&amp#27;[0m              &amp#27;[90m# steps.CommonStepDefinitions.userSetsApiBaseUrl()&amp#27;[0m
13:57:41.686 [INFO ] [steps.CommonStepDefinitions] - Base URL configured: https://jsonplaceholder.typicode.com
  &amp#27;[32mGiven &amp#27;[0m&amp#27;[32muser sets API base URL&amp#27;[0m              &amp#27;[90m# steps.CommonStepDefinitions.userSetsApiBaseUrl()&amp#27;[0m
13:57:41.686 [INFO ] [steps.PutDeleteStepDefinitions] - Sending PUT request to: /posts/1
Request method:	PUT
Request URI:	https://jsonplaceholder.typicode.com/posts/1
Proxy:			<none>
Request params:	<none>
Query params:	<none>
Form params:	<none>
Path params:	<none>
Headers:		Accept=application/json, application/javascript, text/javascript, text/json
				Authorization=Bearer dev-demo-token-replace-with-real-jwt
				X-Request-ID=9ae557d8-2a55-46e7-ba64-87b24d28ad51
				X-Correlation-ID=26e3cde1-7b09-4d3d-8395-637a6e51439a
				Content-Type=application/json
Cookies:		<none>
Multiparts:		<none>
Body:
{
    "id": 1,
    "title": "Updated Payment Reference",
    "body": "Payment amount amended to 1500.00 EUR per agreement",
    "userId": 1
}
13:57:42.237 [INFO ] [steps.PutDeleteStepDefinitions] - PUT response: HTTP 200
  &amp#27;[32mWhen &amp#27;[0m&amp#27;[32muser sends PUT request to &amp#27;[0m&amp#27;[32m&amp#27;[1m"/posts/1"&amp#27;[0m &amp#27;[90m# steps.PutDeleteStepDefinitions.userSendsPutRequestTo(java.lang.String)&amp#27;[0m
13:57:42.237 [INFO ] [utils.ValidationHelper] - Asserting status code: expected=200, actual=200
  &amp#27;[32mThen &amp#27;[0m&amp#27;[32mvalidate status code is &amp#27;[0m&amp#27;[32m&amp#27;[1m200&amp#27;[0m          &amp#27;[90m# steps.CommonStepDefinitions.validateStatusCodeIs(int)&amp#27;[0m
  &amp#27;[32mAnd &amp#27;[0m&amp#27;[32mvalidate response body is not empty&amp#27;[0m   &amp#27;[90m# steps.CommonStepDefinitions.validateResponseBodyIsNotEmpty()&amp#27;[0m
13:57:42.238 [INFO ] [steps.Hooks] - SCENARIO PASSED: PUT response body is not empty
]]></system-out>
  </testcase>
</testsuite>