<?xml version="1.0" encoding="UTF-8"?>
<testsuite xmlns:xsi="http://www.w3.org/2001/XMLSchema-instance" xsi:noNamespaceSchemaLocation="https://maven.apache.org/surefire/maven-surefire-plugin/xsd/surefire-test-report-3.0.xsd" version="3.0" name="TestRunner" time="79.712" tests="48" errors="0" skipped="0" failures="0">
  <properties>
[...]
</properties>
  <testcase name="Authenticated request succeeds" classname="Authentication and Authorization Tests" time="5.961">
    <system-out><![CDATA[12:38:16.009 [INFO ] [steps.Hooks] - ========================================
12:38:16.016 [INFO ] [steps.Hooks] -   ISO 20022 Payment API Test Suite
12:38:16.016 [INFO ] [steps.Hooks] -   Starting test execution...
12:38:16.016 [INFO ] [steps.Hooks] - ========================================
12:38:16.051 [INFO ] [config.ConfigManager] - Loaded config for environment: dev
12:38:16.965 [INFO ] [utils.BaseAPI] - BaseAPI initialized. Base URL: https://jsonplaceholder.typicode.com

Scenario: Authenticated request succeeds                  &amp#27;[90m# src/test/resources/features/authentication.feature:19&amp#27;[0m
12:38:17.492 [INFO ] [steps.Hooks] - ─────────────────────────────────────────
12:38:17.493 [INFO ] [steps.Hooks] - SCENARIO STARTED: Authenticated request succeeds
12:38:17.493 [INFO ] [steps.Hooks] - Tags: []
12:38:17.494 [INFO ] [steps.Hooks] - ─────────────────────────────────────────
12:38:17.502 [INFO ] [steps.CommonStepDefinitions] - Base URL configured: https://jsonplaceholder.typicode.com
  &amp#27;[32mGiven &amp#27;[0m&amp#27;[32muser sets API base URL&amp#27;[0m                            &amp#27;[90m# steps.CommonStepDefinitions.userSetsApiBaseUrl()&amp#27;[0m
12:38:17.505 [INFO ] [steps.CommonStepDefinitions] - Authentication: Using Bearer token from config
  &amp#27;[32mGiven &amp#27;[0m&amp#27;[32muser is authenticated with a valid token&amp#27;[0m          &amp#27;[90m# steps.CommonStepDefinitions.userIsAuthenticatedWithValidToken()&amp#27;[0m
12:38:17.508 [INFO ] [steps.GetPaymentStepDefinitions] - Sending authenticated GET request to: /posts/1
Request method:	GET
Request URI:	https://jsonplaceholder.typicode.com/posts/1
Proxy:			<none>
Request params:	<none>
Query params:	<none>
Form params:	<none>
Path params:	<none>
Headers:		Accept=application/json, application/javascript, text/javascript, text/json
				Authorization=Bearer dev-demo-token-replace-with-real-jwt
				x-api-key=dev-api-key-replace-with-real-key
				X-Request-ID=16d48ff0-0970-4cb8-a9a6-e697ef1fb812
				X-Correlation-ID=46daa558-1bb7-4872-ac6a-751f95a129e5
				X-Message-Type=pacs.008.001.08
				X-Channel-ID=API
				X-Idempotency-Key=0161638b-41e6-4d78-852e-ebe2a6ef026e
				Content-Type=application/json
Cookies:		<none>
Multiparts:		<none>
Body:			<none>
  &amp#27;[32mWhen &amp#27;[0m&amp#27;[32muser sends authenticated GET request to &amp#27;[0m&amp#27;[32m&amp#27;[1m"/posts/1"&amp#27;[0m &amp#27;[90m# steps.GetPaymentStepDefinitions.userSendsAuthenticatedGetRequest(java.lang.String)&amp#27;[0m
12:38:21.892 [INFO ] [utils.ValidationHelper] - Asserting status code: expected=200, actual=200
  &amp#27;[32mThen &amp#27;[0m&amp#27;[32mvalidate status code is &amp#27;[0m&amp#27;[32m&amp#27;[1m200&amp#27;[0m                        &amp#27;[90m# steps.CommonStepDefinitions.validateStatusCodeIs(int)&amp#27;[0m
12:38:22.997 [INFO ] [utils.ValidationHelper] - Asserting field exists: id = 1
  &amp#27;[32mAnd &amp#27;[0m&amp#27;[32mvalidate response contains &amp#27;[0m&amp#27;[32m&amp#27;[1m"id"&amp#27;[0m                     &amp#27;[90m# steps.CommonStepDefinitions.validateResponseContains(java.lang.String)&amp#27;[0m
12:38:23.002 [INFO ] [steps.Hooks] - SCENARIO PASSED: Authenticated request succeeds
]]></system-out>
    <system-err><![CDATA[May 14, 2026 12:38:12 PM io.cucumber.junit.platform.engine.DiscoverySelectorResolver warnWhenCucumberFeaturesPropertyIsUsed
WARNING: Discovering tests using the cucumber.features property. Other discovery selectors are ignored!
Please request/upvote/sponsor/ect better support for JUnit 5 discovery selectors.
See: https://github.com/cucumber/cucumber-jvm/pull/2498
]]></system-err>
  </testcase>
  <testcase name="Unauthenticated GET request" classname="Authentication and Authorization Tests" time="2.794">
    <system-out><![CDATA[
Scenario: Unauthenticated GET request                     &amp#27;[90m# src/test/resources/features/authentication.feature:30&amp#27;[0m
12:38:23.046 [INFO ] [steps.Hooks] - ─────────────────────────────────────────
12:38:23.047 [INFO ] [steps.Hooks] - SCENARIO STARTED: Unauthenticated GET request
12:38:23.047 [INFO ] [steps.Hooks] - Tags: []
12:38:23.048 [INFO ] [steps.Hooks] - ─────────────────────────────────────────
12:38:23.050 [INFO ] [steps.CommonStepDefinitions] - Base URL configured: https://jsonplaceholder.typicode.com
  &amp#27;[32mGiven &amp#27;[0m&amp#27;[32muser sets API base URL&amp#27;[0m                            &amp#27;[90m# steps.CommonStepDefinitions.userSetsApiBaseUrl()&amp#27;[0m
12:38:23.050 [INFO ] [steps.CommonStepDefinitions] - Authentication: None (testing unauthorized access)
  &amp#27;[32mGiven &amp#27;[0m&amp#27;[32muser has no authentication credentials&amp#27;[0m            &amp#27;[90m# steps.CommonStepDefinitions.userHasNoAuthenticationCredentials()&amp#27;[0m
12:38:23.051 [INFO ] [steps.GetPaymentStepDefinitions] - Sending UNAUTHENTICATED GET request to: /posts (expect 401/403)
Request method:	GET
Request URI:	https://jsonplaceholder.typicode.com/posts
Proxy:			<none>
Request params:	<none>
Query params:	<none>
Form params:	<none>
Path params:	<none>
Headers:		Accept=application/json, application/javascript, text/javascript, text/json
				Content-Type=application/json
Cookies:		<none>
Multiparts:		<none>
Body:			<none>
  &amp#27;[32mWhen &amp#27;[0m&amp#27;[32muser sends unauthenticated GET request to &amp#27;[0m&amp#27;[32m&amp#27;[1m"/posts"&amp#27;[0m &amp#27;[90m# steps.GetPaymentStepDefinitions.userSendsUnauthenticatedGetRequest(java.lang.String)&amp#27;[0m
12:38:25.798 [INFO ] [utils.ValidationHelper] - Asserting success status (2xx): actual=200
  &amp#27;[32mThen &amp#27;[0m&amp#27;[32mvalidate response is successful&amp#27;[0m                    &amp#27;[90m# steps.CommonStepDefinitions.validateResponseIsSuccessful()&amp#27;[0m
12:38:25.801 [INFO ] [steps.Hooks] - SCENARIO PASSED: Unauthenticated GET request
]]></system-out>
  </testcase>
  <testcase name="Unauthenticated POST request" classname="Authentication and Authorization Tests" time="4.477">
    <system-out><![CDATA[
Scenario: Unauthenticated POST request                     &amp#27;[90m# src/test/resources/features/authentication.feature:39&amp#27;[0m
12:38:25.818 [INFO ] [steps.Hooks] - ─────────────────────────────────────────
12:38:25.818 [INFO ] [steps.Hooks] - SCENARIO STARTED: Unauthenticated POST request
12:38:25.819 [INFO ] [steps.Hooks] - Tags: []
12:38:25.819 [INFO ] [steps.Hooks] - ─────────────────────────────────────────
12:38:25.820 [INFO ] [steps.CommonStepDefinitions] - Base URL configured: https://jsonplaceholder.typicode.com
  &amp#27;[32mGiven &amp#27;[0m&amp#27;[32muser sets API base URL&amp#27;[0m                             &amp#27;[90m# steps.CommonStepDefinitions.userSetsApiBaseUrl()&amp#27;[0m
12:38:25.821 [INFO ] [steps.CommonStepDefinitions] - Authentication: None (testing unauthorized access)
  &amp#27;[32mGiven &amp#27;[0m&amp#27;[32muser has no authentication credentials&amp#27;[0m             &amp#27;[90m# steps.CommonStepDefinitions.userHasNoAuthenticationCredentials()&amp#27;[0m
12:38:25.822 [INFO ] [steps.PostPaymentStepDefinitions] - Sending unauthenticated POST to: /posts (expect 401)
Request method:	POST
Request URI:	https://jsonplaceholder.typicode.com/posts
Proxy:			<none>
Request params:	<none>
Query params:	<none>
Form params:	<none>
Path params:	<none>
Headers:		Accept=application/json, application/javascript, text/javascript, text/json
				Content-Type=application/json
Cookies:		<none>
Multiparts:		<none>
Body:
{
    "title": "Payment EUR 100.00",
    "body": "Cross-border payment via pacs.008 for amount 100.00 EUR",
    "userId": 1
}
  &amp#27;[32mWhen &amp#27;[0m&amp#27;[32muser sends unauthenticated POST request to &amp#27;[0m&amp#27;[32m&amp#27;[1m"/posts"&amp#27;[0m &amp#27;[90m# steps.PostPaymentStepDefinitions.userSendsUnauthenticatedPostRequest(java.lang.String)&amp#27;[0m
12:38:30.278 [INFO ] [utils.ValidationHelper] - Asserting success status (2xx): actual=201
  &amp#27;[32mThen &amp#27;[0m&amp#27;[32mvalidate response is successful&amp#27;[0m                     &amp#27;[90m# steps.CommonStepDefinitions.validateResponseIsSuccessful()&amp#27;[0m
12:38:30.279 [INFO ] [steps.Hooks] - SCENARIO PASSED: Unauthenticated POST request
]]></system-out>
  </testcase>
  <testcase name="API Key authenticated request succeeds" classname="Authentication and Authorization Tests" time="0.461">
    <system-out><![CDATA[
Scenario: API Key authenticated request succeeds        &amp#27;[90m# src/test/resources/features/authentication.feature:47&amp#27;[0m
12:38:30.293 [INFO ] [steps.Hooks] - ─────────────────────────────────────────
12:38:30.294 [INFO ] [steps.Hooks] - SCENARIO STARTED: API Key authenticated request succeeds
12:38:30.294 [INFO ] [steps.Hooks] - Tags: []
12:38:30.295 [INFO ] [steps.Hooks] - ─────────────────────────────────────────
12:38:30.296 [INFO ] [steps.CommonStepDefinitions] - Base URL configured: https://jsonplaceholder.typicode.com
  &amp#27;[32mGiven &amp#27;[0m&amp#27;[32muser sets API base URL&amp#27;[0m                          &amp#27;[90m# steps.CommonStepDefinitions.userSetsApiBaseUrl()&amp#27;[0m
12:38:30.297 [INFO ] [steps.CommonStepDefinitions] - Authentication: Using API Key from config
  &amp#27;[32mGiven &amp#27;[0m&amp#27;[32muser uses API key authentication&amp#27;[0m                &amp#27;[90m# steps.CommonStepDefinitions.userUsesApiKeyAuthentication()&amp#27;[0m
12:38:30.299 [INFO ] [steps.GetPaymentStepDefinitions] - Sending authenticated GET request to: /posts
Request method:	GET
Request URI:	https://jsonplaceholder.typicode.com/posts
Proxy:			<none>
Request params:	<none>
Query params:	<none>
Form params:	<none>
Path params:	<none>
Headers:		Accept=application/json, application/javascript, text/javascript, text/json
				Authorization=Bearer dev-demo-token-replace-with-real-jwt
				x-api-key=dev-api-key-replace-with-real-key
				X-Request-ID=933d0467-5f4b-4121-8b7d-ced9f14d76ef
				X-Correlation-ID=7a58bff6-683f-4845-af8c-b831413cb9ac
				X-Message-Type=pacs.008.001.08
				X-Channel-ID=API
				X-Idempotency-Key=0c2dc874-a55e-4dc9-8d7d-bffd37167584
				Content-Type=application/json
Cookies:		<none>
Multiparts:		<none>
Body:			<none>
  &amp#27;[32mWhen &amp#27;[0m&amp#27;[32muser sends authenticated GET request to &amp#27;[0m&amp#27;[32m&amp#27;[1m"/posts"&amp#27;[0m &amp#27;[90m# steps.GetPaymentStepDefinitions.userSendsAuthenticatedGetRequest(java.lang.String)&amp#27;[0m
12:38:30.663 [INFO ] [utils.ValidationHelper] - Asserting status code: expected=200, actual=200
  &amp#27;[32mThen &amp#27;[0m&amp#27;[32mvalidate status code is &amp#27;[0m&amp#27;[32m&amp#27;[1m200&amp#27;[0m                      &amp#27;[90m# steps.CommonStepDefinitions.validateStatusCodeIs(int)&amp#27;[0m
12:38:30.738 [INFO ] [steps.GetPaymentStepDefinitions] - Response list contains 100 items
  &amp#27;[32mAnd &amp#27;[0m&amp#27;[32mvalidate response is a list with items&amp#27;[0m            &amp#27;[90m# steps.GetPaymentStepDefinitions.validateResponseIsListWithItems()&amp#27;[0m
12:38:30.739 [INFO ] [steps.Hooks] - SCENARIO PASSED: API Key authenticated request succeeds
]]></system-out>
  </testcase>
  <testcase name="Cancel pending payment successfully" classname="DELETE API Tests - Payment Cancellation" time="2.035">
    <system-out><![CDATA[
Scenario: Cancel pending payment successfully      &amp#27;[90m# src/test/resources/features/delete.feature:18&amp#27;[0m
12:38:30.780 [INFO ] [steps.Hooks] - ─────────────────────────────────────────
12:38:30.781 [INFO ] [steps.Hooks] - SCENARIO STARTED: Cancel pending payment successfully
12:38:30.781 [INFO ] [steps.Hooks] - Tags: []
12:38:30.781 [INFO ] [steps.Hooks] - ─────────────────────────────────────────
12:38:30.782 [INFO ] [steps.CommonStepDefinitions] - Base URL configured: https://jsonplaceholder.typicode.com
  &amp#27;[32mGiven &amp#27;[0m&amp#27;[32muser sets API base URL&amp#27;[0m                     &amp#27;[90m# steps.CommonStepDefinitions.userSetsApiBaseUrl()&amp#27;[0m
12:38:30.783 [INFO ] [steps.CommonStepDefinitions] - Base URL configured: https://jsonplaceholder.typicode.com
  &amp#27;[32mGiven &amp#27;[0m&amp#27;[32muser sets API base URL&amp#27;[0m                     &amp#27;[90m# steps.CommonStepDefinitions.userSetsApiBaseUrl()&amp#27;[0m
12:38:30.784 [INFO ] [steps.PutDeleteStepDefinitions] - Sending DELETE request to: /posts/1
Request method:	DELETE
Request URI:	https://jsonplaceholder.typicode.com/posts/1
Proxy:			<none>
Request params:	<none>
Query params:	<none>
Form params:	<none>
Path params:	<none>
Headers:		Accept=application/json, application/javascript, text/javascript, text/json
				Authorization=Bearer dev-demo-token-replace-with-real-jwt
				X-Request-ID=1065cf60-b3dc-4156-8463-91c52547b2ac
				X-Correlation-ID=208b81db-3b26-4bb7-8007-0227b05ffe7a
				Content-Type=application/json
Cookies:		<none>
Multiparts:		<none>
Body:			<none>
12:38:32.780 [INFO ] [steps.PutDeleteStepDefinitions] - DELETE response: HTTP 200
  &amp#27;[32mWhen &amp#27;[0m&amp#27;[32muser sends DELETE request to &amp#27;[0m&amp#27;[32m&amp#27;[1m"/posts/1"&amp#27;[0m     &amp#27;[90m# steps.PutDeleteStepDefinitions.userSendsDeleteRequestTo(java.lang.String)&amp#27;[0m
12:38:32.783 [INFO ] [steps.PutDeleteStepDefinitions] - Payment cancellation validated: HTTP 200
  &amp#27;[32mThen &amp#27;[0m&amp#27;[32mvalidate payment was cancelled successfully&amp#27;[0m &amp#27;[90m# steps.PutDeleteStepDefinitions.validatePaymentCancelledSuccessfully()&amp#27;[0m
12:38:32.784 [INFO ] [steps.Hooks] - SCENARIO PASSED: Cancel pending payment successfully
]]></system-out>
  </testcase>
  <testcase name="Delete post and validate status" classname="DELETE API Tests - Payment Cancellation" time="1.6">
    <system-out><![CDATA[
Scenario: Delete post and validate status &amp#27;[90m# src/test/resources/features/delete.feature:26&amp#27;[0m
12:38:32.796 [INFO ] [steps.Hooks] - ─────────────────────────────────────────
12:38:32.796 [INFO ] [steps.Hooks] - SCENARIO STARTED: Delete post and validate status
12:38:32.796 [INFO ] [steps.Hooks] - Tags: []
12:38:32.797 [INFO ] [steps.Hooks] - ─────────────────────────────────────────
12:38:32.797 [INFO ] [steps.CommonStepDefinitions] - Base URL configured: https://jsonplaceholder.typicode.com
  &amp#27;[32mGiven &amp#27;[0m&amp#27;[32muser sets API base URL&amp#27;[0m            &amp#27;[90m# steps.CommonStepDefinitions.userSetsApiBaseUrl()&amp#27;[0m
12:38:32.798 [INFO ] [steps.CommonStepDefinitions] - Base URL configured: https://jsonplaceholder.typicode.com
  &amp#27;[32mGiven &amp#27;[0m&amp#27;[32muser sets API base URL&amp#27;[0m            &amp#27;[90m# steps.CommonStepDefinitions.userSetsApiBaseUrl()&amp#27;[0m
12:38:32.799 [INFO ] [steps.PutDeleteStepDefinitions] - Cancelling payment ID: 1
12:38:32.799 [INFO ] [steps.PutDeleteStepDefinitions] - Sending DELETE request to: /posts/1
Request method:	DELETE
Request URI:	https://jsonplaceholder.typicode.com/posts/1
Proxy:			<none>
Request params:	<none>
Query params:	<none>
Form params:	<none>
Path params:	<none>
Headers:		Accept=application/json, application/javascript, text/javascript, text/json
				Authorization=Bearer dev-demo-token-replace-with-real-jwt
				X-Request-ID=573b9127-05dc-4345-a789-3b63c36a19c2
				X-Correlation-ID=e05896a2-be1c-4e1f-823c-b5f851f2ac45
				Content-Type=application/json
Cookies:		<none>
Multiparts:		<none>
Body:			<none>
12:38:34.379 [INFO ] [steps.PutDeleteStepDefinitions] - DELETE response: HTTP 200
  &amp#27;[32mWhen &amp#27;[0m&amp#27;[32muser cancels payment with ID &amp#27;[0m&amp#27;[32m&amp#27;[1m"1"&amp#27;[0m   &amp#27;[90m# steps.PutDeleteStepDefinitions.userCancelsPaymentWithId(java.lang.String)&amp#27;[0m
12:38:34.381 [INFO ] [utils.ValidationHelper] - Asserting status code: expected=200, actual=200
  &amp#27;[32mThen &amp#27;[0m&amp#27;[32mvalidate status code is &amp#27;[0m&amp#27;[32m&amp#27;[1m200&amp#27;[0m        &amp#27;[90m# steps.CommonStepDefinitions.validateStatusCodeIs(int)&amp#27;[0m
12:38:34.382 [INFO ] [steps.Hooks] - SCENARIO PASSED: Delete post and validate status
]]></system-out>
  </testcase>
  <testcase name="Cancel payment within time SLA" classname="DELETE API Tests - Payment Cancellation" time="0.66">
    <system-out><![CDATA[
Scenario: Cancel payment within time SLA           &amp#27;[90m# src/test/resources/features/delete.feature:34&amp#27;[0m
12:38:34.402 [INFO ] [steps.Hooks] - ─────────────────────────────────────────
12:38:34.402 [INFO ] [steps.Hooks] - SCENARIO STARTED: Cancel payment within time SLA
12:38:34.404 [INFO ] [steps.Hooks] - Tags: []
12:38:34.404 [INFO ] [steps.Hooks] - ─────────────────────────────────────────
12:38:34.404 [INFO ] [steps.CommonStepDefinitions] - Base URL configured: https://jsonplaceholder.typicode.com
  &amp#27;[32mGiven &amp#27;[0m&amp#27;[32muser sets API base URL&amp#27;[0m                     &amp#27;[90m# steps.CommonStepDefinitions.userSetsApiBaseUrl()&amp#27;[0m
12:38:34.404 [INFO ] [steps.CommonStepDefinitions] - Base URL configured: https://jsonplaceholder.typicode.com
  &amp#27;[32mGiven &amp#27;[0m&amp#27;[32muser sets API base URL&amp#27;[0m                     &amp#27;[90m# steps.CommonStepDefinitions.userSetsApiBaseUrl()&amp#27;[0m
12:38:34.406 [INFO ] [steps.PutDeleteStepDefinitions] - Sending DELETE request to: /posts/2
Request method:	DELETE
Request URI:	https://jsonplaceholder.typicode.com/posts/2
Proxy:			<none>
Request params:	<none>
Query params:	<none>
Form params:	<none>
Path params:	<none>
Headers:		Accept=application/json, application/javascript, text/javascript, text/json
				Authorization=Bearer dev-demo-token-replace-with-real-jwt
				X-Request-ID=f76d8207-dfa3-414e-bcac-8d813030a032
				X-Correlation-ID=258f64f3-189b-46e0-af15-ccf6437b38bd
				Content-Type=application/json
Cookies:		<none>
Multiparts:		<none>
Body:			<none>
12:38:35.034 [INFO ] [steps.PutDeleteStepDefinitions] - DELETE response: HTTP 200
  &amp#27;[32mWhen &amp#27;[0m&amp#27;[32muser sends DELETE request to &amp#27;[0m&amp#27;[32m&amp#27;[1m"/posts/2"&amp#27;[0m     &amp#27;[90m# steps.PutDeleteStepDefinitions.userSendsDeleteRequestTo(java.lang.String)&amp#27;[0m
12:38:35.036 [INFO ] [steps.PutDeleteStepDefinitions] - Payment cancellation validated: HTTP 200
  &amp#27;[32mThen &amp#27;[0m&amp#27;[32mvalidate payment was cancelled successfully&amp#27;[0m &amp#27;[90m# steps.PutDeleteStepDefinitions.validatePaymentCancelledSuccessfully()&amp#27;[0m
12:38:35.038 [INFO ] [utils.ValidationHelper] - Response time: 603ms (max allowed: 5000ms)
  &amp#27;[32mAnd &amp#27;[0m&amp#27;[32mvalidate response time less than &amp#27;[0m&amp#27;[32m&amp#27;[1m5000&amp#27;[0m        &amp#27;[90m# steps.CommonStepDefinitions.validateResponseTimeLessThan(int)&amp#27;[0m
12:38:35.042 [INFO ] [steps.Hooks] - SCENARIO PASSED: Cancel payment within time SLA
]]></system-out>
  </testcase>
  <testcase name="Attempt to cancel payment with invalid ID" classname="DELETE API Tests - Payment Cancellation" time="1.669">
    <system-out><![CDATA[
Scenario: Attempt to cancel payment with invalid ID         &amp#27;[90m# src/test/resources/features/delete.feature:44&amp#27;[0m
12:38:35.059 [INFO ] [steps.Hooks] - ─────────────────────────────────────────
12:38:35.059 [INFO ] [steps.Hooks] - SCENARIO STARTED: Attempt to cancel payment with invalid ID
12:38:35.059 [INFO ] [steps.Hooks] - Tags: []
12:38:35.059 [INFO ] [steps.Hooks] - ─────────────────────────────────────────
12:38:35.062 [INFO ] [steps.CommonStepDefinitions] - Base URL configured: https://jsonplaceholder.typicode.com
  &amp#27;[32mGiven &amp#27;[0m&amp#27;[32muser sets API base URL&amp#27;[0m                              &amp#27;[90m# steps.CommonStepDefinitions.userSetsApiBaseUrl()&amp#27;[0m
12:38:35.062 [INFO ] [steps.CommonStepDefinitions] - Base URL configured: https://jsonplaceholder.typicode.com
  &amp#27;[32mGiven &amp#27;[0m&amp#27;[32muser sets API base URL&amp#27;[0m                              &amp#27;[90m# steps.CommonStepDefinitions.userSetsApiBaseUrl()&amp#27;[0m
12:38:35.064 [INFO ] [steps.PutDeleteStepDefinitions] - Attempting to delete non-existent payment: 99999
12:38:35.064 [INFO ] [steps.PutDeleteStepDefinitions] - Sending DELETE request to: /posts/99999
Request method:	DELETE
Request URI:	https://jsonplaceholder.typicode.com/posts/99999
Proxy:			<none>
Request params:	<none>
Query params:	<none>
Form params:	<none>
Path params:	<none>
Headers:		Accept=application/json, application/javascript, text/javascript, text/json
				Authorization=Bearer dev-demo-token-replace-with-real-jwt
				X-Request-ID=fdc21ccf-f83b-4935-b755-d79039c5d350
				X-Correlation-ID=4290e416-c6cc-4a6e-bd9e-2939d5420e34
				Content-Type=application/json
Cookies:		<none>
Multiparts:		<none>
Body:			<none>
12:38:36.713 [INFO ] [steps.PutDeleteStepDefinitions] - DELETE response: HTTP 200
  &amp#27;[32mWhen &amp#27;[0m&amp#27;[32muser attempts to delete non-existent payment &amp#27;[0m&amp#27;[32m&amp#27;[1m"99999"&amp#27;[0m &amp#27;[90m# steps.PutDeleteStepDefinitions.userAttemptsToDeleteNonExistentPayment(java.lang.String)&amp#27;[0m
12:38:36.713 [INFO ] [utils.ValidationHelper] - Asserting status code: expected=200, actual=200
  &amp#27;[32mThen &amp#27;[0m&amp#27;[32mvalidate status code is &amp#27;[0m&amp#27;[32m&amp#27;[1m200&amp#27;[0m                          &amp#27;[90m# steps.CommonStepDefinitions.validateStatusCodeIs(int)&amp#27;[0m
12:38:36.713 [INFO ] [steps.Hooks] - SCENARIO PASSED: Attempt to cancel payment with invalid ID
]]></system-out>
  </testcase>
  <testcase name="Get all posts" classname="GET API Tests" time="0.911">
    <system-out><![CDATA[
Scenario: Get all posts                   &amp#27;[90m# src/test/resources/features/get.feature:17&amp#27;[0m
12:38:36.739 [INFO ] [steps.Hooks] - ─────────────────────────────────────────
12:38:36.739 [INFO ] [steps.Hooks] - SCENARIO STARTED: Get all posts
12:38:36.745 [INFO ] [steps.Hooks] - Tags: []
12:38:36.745 [INFO ] [steps.Hooks] - ─────────────────────────────────────────
12:38:36.745 [INFO ] [steps.CommonStepDefinitions] - Base URL configured: https://jsonplaceholder.typicode.com
  &amp#27;[32mGiven &amp#27;[0m&amp#27;[32muser sets API base URL&amp#27;[0m            &amp#27;[90m# steps.CommonStepDefinitions.userSetsApiBaseUrl()&amp#27;[0m
12:38:36.745 [INFO ] [steps.CommonStepDefinitions] - Base URL configured: https://jsonplaceholder.typicode.com
  &amp#27;[32mGiven &amp#27;[0m&amp#27;[32muser sets API base URL&amp#27;[0m            &amp#27;[90m# steps.CommonStepDefinitions.userSetsApiBaseUrl()&amp#27;[0m
12:38:36.745 [INFO ] [steps.GetPaymentStepDefinitions] - Sending GET request to: /posts
Request method:	GET
Request URI:	https://jsonplaceholder.typicode.com/posts
Proxy:			<none>
Request params:	<none>
Query params:	<none>
Form params:	<none>
Path params:	<none>
Headers:		Accept=application/json, application/javascript, text/javascript, text/json
				Authorization=Bearer dev-demo-token-replace-with-real-jwt
				X-Request-ID=5f548579-9a2b-4ee4-b375-3bd70e2b3713
				X-Correlation-ID=4f0ffbc8-8ef7-48e4-aa1e-8a99131df081
				Content-Type=application/json
Cookies:		<none>
Multiparts:		<none>
Body:			<none>
12:38:37.591 [INFO ] [steps.GetPaymentStepDefinitions] - Response received: HTTP 200, Time: 803ms
  &amp#27;[32mWhen &amp#27;[0m&amp#27;[32muser sends GET request to &amp#27;[0m&amp#27;[32m&amp#27;[1m"/posts"&amp#27;[0m &amp#27;[90m# steps.GetPaymentStepDefinitions.userSendsGetRequestTo(java.lang.String)&amp#27;[0m
12:38:37.591 [INFO ] [utils.ValidationHelper] - Asserting status code: expected=200, actual=200
  &amp#27;[32mThen &amp#27;[0m&amp#27;[32mvalidate status code is &amp#27;[0m&amp#27;[32m&amp#27;[1m200&amp#27;[0m        &amp#27;[90m# steps.CommonStepDefinitions.validateStatusCodeIs(int)&amp#27;[0m
12:38:37.640 [INFO ] [utils.ValidationHelper] - Asserting field exists: title = [sunt aut facere repellat provident occaecati excepturi optio reprehenderit, qui est esse, ea molestias quasi exercitationem repellat qui ipsa sit aut, eum et est occaecati, nesciunt quas odio, dolorem eum magni eos aperiam quia, magnam facilis autem, dolorem dolore est ipsam, nesciunt iure omnis dolorem tempora et accusantium, optio molestias id quia eum, et ea vero quia laudantium autem, in quibusdam tempore odit est dolorem, dolorum ut in voluptas mollitia et saepe quo animi, voluptatem eligendi optio, eveniet quod temporibus, sint suscipit perspiciatis velit dolorum rerum ipsa laboriosam odio, fugit voluptas sed molestias voluptatem provident, voluptate et itaque vero tempora molestiae, adipisci placeat illum aut reiciendis qui, doloribus ad provident suscipit at, asperiores ea ipsam voluptatibus modi minima quia sint, dolor sint quo a velit explicabo quia nam, maxime id vitae nihil numquam, autem hic labore sunt dolores incidunt, rem alias distinctio quo quis, est et quae odit qui non, quasi id et eos tenetur aut quo autem, delectus ullam et corporis nulla voluptas sequi, iusto eius quod necessitatibus culpa ea, a quo magni similique perferendis, ullam ut quidem id aut vel consequuntur, doloremque illum aliquid sunt, qui explicabo molestiae dolorem, magnam ut rerum iure, id nihil consequatur molestias animi provident, fuga nam accusamus voluptas reiciendis itaque, provident vel ut sit ratione est, explicabo et eos deleniti nostrum ab id repellendus, eos dolorem iste accusantium est eaque quam, enim quo cumque, non est facere, commodi ullam sint et excepturi error explicabo praesentium voluptas, eligendi iste nostrum consequuntur adipisci praesentium sit beatae perferendis, optio dolor molestias sit, ut numquam possimus omnis eius suscipit laudantium iure, aut quo modi neque nostrum ducimus, quibusdam cumque rem aut deserunt, ut voluptatem illum ea doloribus itaque eos, laborum non sunt aut ut assumenda perspiciatis voluptas, repellendus qui recusandae incidunt voluptates tenetur qui omnis exercitationem, soluta aliquam aperiam consequatur illo quis voluptas, qui enim et consequuntur quia animi quis voluptate quibusdam, ut quo aut ducimus alias, sit asperiores ipsam eveniet odio non quia, sit vel voluptatem et non libero, qui et at rerum necessitatibus, sed ab est est, voluptatum itaque dolores nisi et quasi, qui commodi dolor at maiores et quis id accusantium, consequatur placeat omnis quisquam quia reprehenderit fugit veritatis facere, voluptatem doloribus consectetur est ut ducimus, beatae enim quia vel, voluptas blanditiis repellendus animi ducimus error sapiente et suscipit, et fugit quas eum in in aperiam quod, consequatur id enim sunt et et, repudiandae ea animi iusto, aliquid eos sed fuga est maxime repellendus, odio quis facere architecto reiciendis optio, fugiat quod pariatur odit minima, voluptatem laborum magni, et iusto veniam et illum aut fuga, sint hic doloribus consequatur eos non id, consequuntur deleniti eos quia temporibus ab aliquid at, enim unde ratione doloribus quas enim ut sit sapiente, dignissimos eum dolor ut enim et delectus in, doloremque officiis ad et non perferendis, necessitatibus quasi exercitationem odio, quam voluptatibus rerum veritatis, pariatur consequatur quia magnam autem omnis non amet, labore in ex et explicabo corporis aut quas, tempora rem veritatis voluptas quo dolores vero, laudantium voluptate suscipit sunt enim enim, odit et voluptates doloribus alias odio et, optio ipsam molestias necessitatibus occaecati facilis veritatis dolores aut, dolore veritatis porro provident adipisci blanditiis et sunt, placeat quia et porro iste, nostrum quis quasi placeat, sapiente omnis fugit eos, sint soluta et vel magnam aut ut sed qui, ad iusto omnis odit dolor voluptatibus, aut amet sed, ratione ex tenetur perferendis, beatae soluta recusandae, qui qui voluptates illo iste minima, id minus libero illum nam ad officiis, quaerat velit veniam amet cupiditate aut numquam ut sequi, quas fugiat ut perspiciatis vero provident, laboriosam dolor voluptates, temporibus sit alias delectus eligendi possimus magni, at nam consequatur ea labore ea harum]
  &amp#27;[32mAnd &amp#27;[0m&amp#27;[32mvalidate response contains &amp#27;[0m&amp#27;[32m&amp#27;[1m"title"&amp#27;[0m  &amp#27;[90m# steps.CommonStepDefinitions.validateResponseContains(java.lang.String)&amp#27;[0m
12:38:37.640 [INFO ] [steps.Hooks] - SCENARIO PASSED: Get all posts
]]></system-out>
  </testcase>
  <testcase name="Get post id 1" classname="GET API Tests" time="0.822">
    <system-out><![CDATA[
Scenario: Get post id 1                     &amp#27;[90m# src/test/resources/features/get.feature:26&amp#27;[0m
12:38:37.654 [INFO ] [steps.Hooks] - ─────────────────────────────────────────
12:38:37.654 [INFO ] [steps.Hooks] - SCENARIO STARTED: Get post id 1
12:38:37.654 [INFO ] [steps.Hooks] - Tags: []
12:38:37.656 [INFO ] [steps.Hooks] - ─────────────────────────────────────────
12:38:37.656 [INFO ] [steps.CommonStepDefinitions] - Base URL configured: https://jsonplaceholder.typicode.com
  &amp#27;[32mGiven &amp#27;[0m&amp#27;[32muser sets API base URL&amp#27;[0m              &amp#27;[90m# steps.CommonStepDefinitions.userSetsApiBaseUrl()&amp#27;[0m
12:38:37.656 [INFO ] [steps.CommonStepDefinitions] - Base URL configured: https://jsonplaceholder.typicode.com
  &amp#27;[32mGiven &amp#27;[0m&amp#27;[32muser sets API base URL&amp#27;[0m              &amp#27;[90m# steps.CommonStepDefinitions.userSetsApiBaseUrl()&amp#27;[0m
12:38:37.662 [INFO ] [steps.GetPaymentStepDefinitions] - Sending GET request to: /posts/1
Request method:	GET
Request URI:	https://jsonplaceholder.typicode.com/posts/1
Proxy:			<none>
Request params:	<none>
Query params:	<none>
Form params:	<none>
Path params:	<none>
Headers:		Accept=application/json, application/javascript, text/javascript, text/json
				Authorization=Bearer dev-demo-token-replace-with-real-jwt
				X-Request-ID=6ca00741-3734-4da2-93c3-de14e10e4cc0
				X-Correlation-ID=03ff35f2-1a01-4c29-92fb-509ff7994ce1
				Content-Type=application/json
Cookies:		<none>
Multiparts:		<none>
Body:			<none>
12:38:38.432 [INFO ] [steps.GetPaymentStepDefinitions] - Response received: HTTP 200, Time: 745ms
  &amp#27;[32mWhen &amp#27;[0m&amp#27;[32muser sends GET request to &amp#27;[0m&amp#27;[32m&amp#27;[1m"/posts/1"&amp#27;[0m &amp#27;[90m# steps.GetPaymentStepDefinitions.userSendsGetRequestTo(java.lang.String)&amp#27;[0m
12:38:38.432 [INFO ] [utils.ValidationHelper] - Asserting status code: expected=200, actual=200
  &amp#27;[32mThen &amp#27;[0m&amp#27;[32mvalidate status code is &amp#27;[0m&amp#27;[32m&amp#27;[1m200&amp#27;[0m          &amp#27;[90m# steps.CommonStepDefinitions.validateStatusCodeIs(int)&amp#27;[0m
12:38:38.446 [INFO ] [utils.ValidationHelper] - Asserting field exists: userId = 1
  &amp#27;[32mAnd &amp#27;[0m&amp#27;[32mvalidate response contains &amp#27;[0m&amp#27;[32m&amp#27;[1m"userId"&amp#27;[0m   &amp#27;[90m# steps.CommonStepDefinitions.validateResponseContains(java.lang.String)&amp#27;[0m
12:38:38.462 [INFO ] [steps.Hooks] - SCENARIO PASSED: Get post id 1
]]></system-out>
  </testcase>
  <testcase name="Validate response header" classname="GET API Tests" time="0.407">
    <system-out><![CDATA[
Scenario: Validate response header        &amp#27;[90m# src/test/resources/features/get.feature:35&amp#27;[0m
12:38:38.468 [INFO ] [steps.Hooks] - ─────────────────────────────────────────
12:38:38.474 [INFO ] [steps.Hooks] - SCENARIO STARTED: Validate response header
12:38:38.474 [INFO ] [steps.Hooks] - Tags: []
12:38:38.474 [INFO ] [steps.Hooks] - ─────────────────────────────────────────
12:38:38.474 [INFO ] [steps.CommonStepDefinitions] - Base URL configured: https://jsonplaceholder.typicode.com
  &amp#27;[32mGiven &amp#27;[0m&amp#27;[32muser sets API base URL&amp#27;[0m            &amp#27;[90m# steps.CommonStepDefinitions.userSetsApiBaseUrl()&amp#27;[0m
12:38:38.479 [INFO ] [steps.CommonStepDefinitions] - Base URL configured: https://jsonplaceholder.typicode.com
  &amp#27;[32mGiven &amp#27;[0m&amp#27;[32muser sets API base URL&amp#27;[0m            &amp#27;[90m# steps.CommonStepDefinitions.userSetsApiBaseUrl()&amp#27;[0m
12:38:38.479 [INFO ] [steps.GetPaymentStepDefinitions] - Sending GET request to: /posts
Request method:	GET
Request URI:	https://jsonplaceholder.typicode.com/posts
Proxy:			<none>
Request params:	<none>
Query params:	<none>
Form params:	<none>
Path params:	<none>
Headers:		Accept=application/json, application/javascript, text/javascript, text/json
				Authorization=Bearer dev-demo-token-replace-with-real-jwt
				X-Request-ID=b462f03d-734f-4461-a518-e7c442e38e0e
				X-Correlation-ID=1abb2696-a31b-445b-aec3-edb1d534e8f5
				Content-Type=application/json
Cookies:		<none>
Multiparts:		<none>
Body:			<none>
12:38:38.853 [INFO ] [steps.GetPaymentStepDefinitions] - Response received: HTTP 200, Time: 340ms
  &amp#27;[32mWhen &amp#27;[0m&amp#27;[32muser sends GET request to &amp#27;[0m&amp#27;[32m&amp#27;[1m"/posts"&amp#27;[0m &amp#27;[90m# steps.GetPaymentStepDefinitions.userSendsGetRequestTo(java.lang.String)&amp#27;[0m
12:38:38.853 [INFO ] [utils.ValidationHelper] - Header present: Content-Type = application/json; charset=utf-8
  &amp#27;[32mThen &amp#27;[0m&amp#27;[32mvalidate header &amp#27;[0m&amp#27;[32m&amp#27;[1m"Content-Type"&amp#27;[0m     &amp#27;[90m# steps.CommonStepDefinitions.validateHeader(java.lang.String)&amp#27;[0m
12:38:38.853 [INFO ] [steps.Hooks] - SCENARIO PASSED: Validate response header
]]></system-out>
  </testcase>
  <testcase name="Validate response time" classname="GET API Tests" time="0.399">
    <system-out><![CDATA[
Scenario: Validate response time             &amp#27;[90m# src/test/resources/features/get.feature:45&amp#27;[0m
12:38:38.869 [INFO ] [steps.Hooks] - ─────────────────────────────────────────
12:38:38.869 [INFO ] [steps.Hooks] - SCENARIO STARTED: Validate response time
12:38:38.869 [INFO ] [steps.Hooks] - Tags: []
12:38:38.869 [INFO ] [steps.Hooks] - ─────────────────────────────────────────
12:38:38.869 [INFO ] [steps.CommonStepDefinitions] - Base URL configured: https://jsonplaceholder.typicode.com
  &amp#27;[32mGiven &amp#27;[0m&amp#27;[32muser sets API base URL&amp#27;[0m               &amp#27;[90m# steps.CommonStepDefinitions.userSetsApiBaseUrl()&amp#27;[0m
12:38:38.869 [INFO ] [steps.CommonStepDefinitions] - Base URL configured: https://jsonplaceholder.typicode.com
  &amp#27;[32mGiven &amp#27;[0m&amp#27;[32muser sets API base URL&amp#27;[0m               &amp#27;[90m# steps.CommonStepDefinitions.userSetsApiBaseUrl()&amp#27;[0m
12:38:38.869 [INFO ] [steps.GetPaymentStepDefinitions] - Sending GET request to: /posts
Request method:	GET
Request URI:	https://jsonplaceholder.typicode.com/posts
Proxy:			<none>
Request params:	<none>
Query params:	<none>
Form params:	<none>
Path params:	<none>
Headers:		Accept=application/json, application/javascript, text/javascript, text/json
				Authorization=Bearer dev-demo-token-replace-with-real-jwt
				X-Request-ID=4a3f3bc9-519c-47ab-b9ca-46490be4305f
				X-Correlation-ID=ea342e62-58ff-4180-9110-b0464b41ead6
				Content-Type=application/json
Cookies:		<none>
Multiparts:		<none>
Body:			<none>
12:38:39.268 [INFO ] [steps.GetPaymentStepDefinitions] - Response received: HTTP 200, Time: 361ms
  &amp#27;[32mWhen &amp#27;[0m&amp#27;[32muser sends GET request to &amp#27;[0m&amp#27;[32m&amp#27;[1m"/posts"&amp#27;[0m    &amp#27;[90m# steps.GetPaymentStepDefinitions.userSendsGetRequestTo(java.lang.String)&amp#27;[0m
12:38:39.268 [INFO ] [utils.ValidationHelper] - Response time: 361ms (max allowed: 5000ms)
  &amp#27;[32mThen &amp#27;[0m&amp#27;[32mvalidate response time less than &amp#27;[0m&amp#27;[32m&amp#27;[1m5000&amp#27;[0m &amp#27;[90m# steps.CommonStepDefinitions.validateResponseTimeLessThan(int)&amp#27;[0m
12:38:39.268 [INFO ] [steps.Hooks] - SCENARIO PASSED: Validate response time
]]></system-out>
  </testcase>
  <testcase name="Invalid post id" classname="GET API Tests" time="1.222">
    <system-out><![CDATA[
Scenario: Invalid post id                      &amp#27;[90m# src/test/resources/features/get.feature:53&amp#27;[0m
12:38:39.278 [INFO ] [steps.Hooks] - ─────────────────────────────────────────
12:38:39.278 [INFO ] [steps.Hooks] - SCENARIO STARTED: Invalid post id
12:38:39.278 [INFO ] [steps.Hooks] - Tags: []
12:38:39.280 [INFO ] [steps.Hooks] - ─────────────────────────────────────────
12:38:39.280 [INFO ] [steps.CommonStepDefinitions] - Base URL configured: https://jsonplaceholder.typicode.com
  &amp#27;[32mGiven &amp#27;[0m&amp#27;[32muser sets API base URL&amp#27;[0m                 &amp#27;[90m# steps.CommonStepDefinitions.userSetsApiBaseUrl()&amp#27;[0m
12:38:39.280 [INFO ] [steps.CommonStepDefinitions] - Base URL configured: https://jsonplaceholder.typicode.com
  &amp#27;[32mGiven &amp#27;[0m&amp#27;[32muser sets API base URL&amp#27;[0m                 &amp#27;[90m# steps.CommonStepDefinitions.userSetsApiBaseUrl()&amp#27;[0m
12:38:39.282 [INFO ] [steps.GetPaymentStepDefinitions] - Sending GET request to: /posts/0002
Request method:	GET
Request URI:	https://jsonplaceholder.typicode.com/posts/0002
Proxy:			<none>
Request params:	<none>
Query params:	<none>
Form params:	<none>
Path params:	<none>
Headers:		Accept=application/json, application/javascript, text/javascript, text/json
				Authorization=Bearer dev-demo-token-replace-with-real-jwt
				X-Request-ID=7ea8979f-05da-4d47-a662-fcec8e647a20
				X-Correlation-ID=16708ed3-fd7a-4167-b37d-8724ae4e9106
				Content-Type=application/json
Cookies:		<none>
Multiparts:		<none>
Body:			<none>
12:38:40.488 [INFO ] [steps.GetPaymentStepDefinitions] - Response received: HTTP 404, Time: 1190ms
  &amp#27;[32mWhen &amp#27;[0m&amp#27;[32muser sends GET request to &amp#27;[0m&amp#27;[32m&amp#27;[1m"/posts/0002"&amp#27;[0m &amp#27;[90m# steps.GetPaymentStepDefinitions.userSendsGetRequestTo(java.lang.String)&amp#27;[0m
12:38:40.488 [INFO ] [utils.ValidationHelper] - Asserting status code: expected=404, actual=404
  &amp#27;[32mThen &amp#27;[0m&amp#27;[32mvalidate status code is &amp#27;[0m&amp#27;[32m&amp#27;[1m404&amp#27;[0m             &amp#27;[90m# steps.CommonStepDefinitions.validateStatusCodeIs(int)&amp#27;[0m
12:38:40.490 [INFO ] [steps.Hooks] - SCENARIO PASSED: Invalid post id
]]></system-out>
  </testcase>
  <testcase name="Validate Content-Type header is JSON" classname="GET API Tests" time="3.292">
    <system-out><![CDATA[
Scenario: Validate Content-Type header is JSON &amp#27;[90m# src/test/resources/features/get.feature:61&amp#27;[0m
12:38:40.493 [INFO ] [steps.Hooks] - ─────────────────────────────────────────
12:38:40.495 [INFO ] [steps.Hooks] - SCENARIO STARTED: Validate Content-Type header is JSON
12:38:40.495 [INFO ] [steps.Hooks] - Tags: []
12:38:40.495 [INFO ] [steps.Hooks] - ─────────────────────────────────────────
12:38:40.495 [INFO ] [steps.CommonStepDefinitions] - Base URL configured: https://jsonplaceholder.typicode.com
  &amp#27;[32mGiven &amp#27;[0m&amp#27;[32muser sets API base URL&amp#27;[0m                 &amp#27;[90m# steps.CommonStepDefinitions.userSetsApiBaseUrl()&amp#27;[0m
12:38:40.495 [INFO ] [steps.CommonStepDefinitions] - Base URL configured: https://jsonplaceholder.typicode.com
  &amp#27;[32mGiven &amp#27;[0m&amp#27;[32muser sets API base URL&amp#27;[0m                 &amp#27;[90m# steps.CommonStepDefinitions.userSetsApiBaseUrl()&amp#27;[0m
12:38:40.495 [INFO ] [steps.GetPaymentStepDefinitions] - Sending GET request to: /posts/1
Request method:	GET
Request URI:	https://jsonplaceholder.typicode.com/posts/1
Proxy:			<none>
Request params:	<none>
Query params:	<none>
Form params:	<none>
Path params:	<none>
Headers:		Accept=application/json, application/javascript, text/javascript, text/json
				Authorization=Bearer dev-demo-token-replace-with-real-jwt
				X-Request-ID=e94806ce-5693-4550-8a76-d75e2d30521e
				X-Correlation-ID=ab7da2a1-4d01-4ffb-92df-16a4e33d3adb
				Content-Type=application/json
Cookies:		<none>
Multiparts:		<none>
Body:			<none>
12:38:43.782 [INFO ] [steps.GetPaymentStepDefinitions] - Response received: HTTP 200, Time: 3281ms
  &amp#27;[32mWhen &amp#27;[0m&amp#27;[32muser sends GET request to &amp#27;[0m&amp#27;[32m&amp#27;[1m"/posts/1"&amp#27;[0m    &amp#27;[90m# steps.GetPaymentStepDefinitions.userSendsGetRequestTo(java.lang.String)&amp#27;[0m
12:38:43.782 [INFO ] [utils.ValidationHelper] - Asserting status code: expected=200, actual=200
  &amp#27;[32mThen &amp#27;[0m&amp#27;[32mvalidate status code is &amp#27;[0m&amp#27;[32m&amp#27;[1m200&amp#27;[0m             &amp#27;[90m# steps.CommonStepDefinitions.validateStatusCodeIs(int)&amp#27;[0m
12:38:43.782 [INFO ] [utils.ValidationHelper] - Asserting Content-Type: application/json; charset=utf-8
  &amp#27;[32mAnd &amp#27;[0m&amp#27;[32mvalidate response has Content-Type JSON&amp#27;[0m  &amp#27;[90m# steps.CommonStepDefinitions.validateContentTypeJson()&amp#27;[0m
12:38:43.782 [INFO ] [steps.Hooks] - SCENARIO PASSED: Validate Content-Type header is JSON
]]></system-out>
  </testcase>
  <testcase name="Validate list response is not empty" classname="GET API Tests" time="0.345">
    <system-out><![CDATA[
Scenario: Validate list response is not empty &amp#27;[90m# src/test/resources/features/get.feature:70&amp#27;[0m
12:38:43.808 [INFO ] [steps.Hooks] - ─────────────────────────────────────────
12:38:43.808 [INFO ] [steps.Hooks] - SCENARIO STARTED: Validate list response is not empty
12:38:43.808 [INFO ] [steps.Hooks] - Tags: []
12:38:43.808 [INFO ] [steps.Hooks] - ─────────────────────────────────────────
12:38:43.808 [INFO ] [steps.CommonStepDefinitions] - Base URL configured: https://jsonplaceholder.typicode.com
  &amp#27;[32mGiven &amp#27;[0m&amp#27;[32muser sets API base URL&amp#27;[0m                &amp#27;[90m# steps.CommonStepDefinitions.userSetsApiBaseUrl()&amp#27;[0m
12:38:43.808 [INFO ] [steps.CommonStepDefinitions] - Base URL configured: https://jsonplaceholder.typicode.com
  &amp#27;[32mGiven &amp#27;[0m&amp#27;[32muser sets API base URL&amp#27;[0m                &amp#27;[90m# steps.CommonStepDefinitions.userSetsApiBaseUrl()&amp#27;[0m
12:38:43.808 [INFO ] [steps.GetPaymentStepDefinitions] - Sending GET request to: /posts
Request method:	GET
Request URI:	https://jsonplaceholder.typicode.com/posts
Proxy:			<none>
Request params:	<none>
Query params:	<none>
Form params:	<none>
Path params:	<none>
Headers:		Accept=application/json, application/javascript, text/javascript, text/json
				Authorization=Bearer dev-demo-token-replace-with-real-jwt
				X-Request-ID=830c42a4-a034-4edf-ac49-de373afcb55b
				X-Correlation-ID=b7228760-b096-416b-969a-b70065e771f6
				Content-Type=application/json
Cookies:		<none>
Multiparts:		<none>
Body:			<none>
12:38:44.111 [INFO ] [steps.GetPaymentStepDefinitions] - Response received: HTTP 200, Time: 303ms
  &amp#27;[32mWhen &amp#27;[0m&amp#27;[32muser sends GET request to &amp#27;[0m&amp#27;[32m&amp#27;[1m"/posts"&amp#27;[0m     &amp#27;[90m# steps.GetPaymentStepDefinitions.userSendsGetRequestTo(java.lang.String)&amp#27;[0m
12:38:44.111 [INFO ] [utils.ValidationHelper] - Asserting status code: expected=200, actual=200
  &amp#27;[32mThen &amp#27;[0m&amp#27;[32mvalidate status code is &amp#27;[0m&amp#27;[32m&amp#27;[1m200&amp#27;[0m            &amp#27;[90m# steps.CommonStepDefinitions.validateStatusCodeIs(int)&amp#27;[0m
12:38:44.127 [INFO ] [steps.GetPaymentStepDefinitions] - Response list contains 100 items
  &amp#27;[32mAnd &amp#27;[0m&amp#27;[32mvalidate response is a list with items&amp#27;[0m  &amp#27;[90m# steps.GetPaymentStepDefinitions.validateResponseIsListWithItems()&amp#27;[0m
12:38:44.127 [INFO ] [steps.Hooks] - SCENARIO PASSED: Validate list response is not empty
]]></system-out>
  </testcase>
  <testcase name="Validate required fields in payment record" classname="GET API Tests" time="1.105">
    <system-out><![CDATA[
Scenario: Validate required fields in payment record &amp#27;[90m# src/test/resources/features/get.feature:80&amp#27;[0m
12:38:44.127 [INFO ] [steps.Hooks] - ─────────────────────────────────────────
12:38:44.127 [INFO ] [steps.Hooks] - SCENARIO STARTED: Validate required fields in payment record
12:38:44.127 [INFO ] [steps.Hooks] - Tags: []
12:38:44.127 [INFO ] [steps.Hooks] - ─────────────────────────────────────────
12:38:44.127 [INFO ] [steps.CommonStepDefinitions] - Base URL configured: https://jsonplaceholder.typicode.com
  &amp#27;[32mGiven &amp#27;[0m&amp#27;[32muser sets API base URL&amp#27;[0m                       &amp#27;[90m# steps.CommonStepDefinitions.userSetsApiBaseUrl()&amp#27;[0m
12:38:44.127 [INFO ] [steps.CommonStepDefinitions] - Base URL configured: https://jsonplaceholder.typicode.com
  &amp#27;[32mGiven &amp#27;[0m&amp#27;[32muser sets API base URL&amp#27;[0m                       &amp#27;[90m# steps.CommonStepDefinitions.userSetsApiBaseUrl()&amp#27;[0m
12:38:44.127 [INFO ] [steps.GetPaymentStepDefinitions] - Sending GET request to: /posts/1
Request method:	GET
Request URI:	https://jsonplaceholder.typicode.com/posts/1
Proxy:			<none>
Request params:	<none>
Query params:	<none>
Form params:	<none>
Path params:	<none>
Headers:		Accept=application/json, application/javascript, text/javascript, text/json
				Authorization=Bearer dev-demo-token-replace-with-real-jwt
				X-Request-ID=55ed0193-e9e7-4dd2-b88b-f21f925789ae
				X-Correlation-ID=d89b33d8-db7d-4f54-8c1c-bf81515762dc
				Content-Type=application/json
Cookies:		<none>
Multiparts:		<none>
Body:			<none>
12:38:45.148 [INFO ] [steps.GetPaymentStepDefinitions] - Response received: HTTP 200, Time: 992ms
  &amp#27;[32mWhen &amp#27;[0m&amp#27;[32muser sends GET request to &amp#27;[0m&amp#27;[32m&amp#27;[1m"/posts/1"&amp#27;[0m          &amp#27;[90m# steps.GetPaymentStepDefinitions.userSendsGetRequestTo(java.lang.String)&amp#27;[0m
12:38:45.149 [INFO ] [utils.ValidationHelper] - Asserting status code: expected=200, actual=200
  &amp#27;[32mThen &amp#27;[0m&amp#27;[32mvalidate status code is &amp#27;[0m&amp#27;[32m&amp#27;[1m200&amp#27;[0m                   &amp#27;[90m# steps.CommonStepDefinitions.validateStatusCodeIs(int)&amp#27;[0m
12:38:45.163 [INFO ] [utils.ValidationHelper] - Asserting field exists: id = 1
  &amp#27;[32mAnd &amp#27;[0m&amp#27;[32mvalidate response contains &amp#27;[0m&amp#27;[32m&amp#27;[1m"id"&amp#27;[0m                &amp#27;[90m# steps.CommonStepDefinitions.validateResponseContains(java.lang.String)&amp#27;[0m
12:38:45.186 [INFO ] [utils.ValidationHelper] - Asserting field exists: title = sunt aut facere repellat provident occaecati excepturi optio reprehenderit
  &amp#27;[32mAnd &amp#27;[0m&amp#27;[32mvalidate response contains &amp#27;[0m&amp#27;[32m&amp#27;[1m"title"&amp#27;[0m             &amp#27;[90m# steps.CommonStepDefinitions.validateResponseContains(java.lang.String)&amp#27;[0m
12:38:45.211 [INFO ] [utils.ValidationHelper] - Asserting field exists: body = quia et suscipit
suscipit recusandae consequuntur expedita et cum
reprehenderit molestiae ut ut quas totam
nostrum rerum est autem sunt rem eveniet architecto
  &amp#27;[32mAnd &amp#27;[0m&amp#27;[32mvalidate response contains &amp#27;[0m&amp#27;[32m&amp#27;[1m"body"&amp#27;[0m              &amp#27;[90m# steps.CommonStepDefinitions.validateResponseContains(java.lang.String)&amp#27;[0m
12:38:45.231 [INFO ] [utils.ValidationHelper] - Asserting field exists: userId = 1
  &amp#27;[32mAnd &amp#27;[0m&amp#27;[32mvalidate response contains &amp#27;[0m&amp#27;[32m&amp#27;[1m"userId"&amp#27;[0m            &amp#27;[90m# steps.CommonStepDefinitions.validateResponseContains(java.lang.String)&amp#27;[0m
12:38:45.232 [INFO ] [steps.Hooks] - SCENARIO PASSED: Validate required fields in payment record
]]></system-out>
  </testcase>
  <testcase name="Get payments filtered by user ID" classname="GET API Tests" time="0.334">
    <system-out><![CDATA[
Scenario: Get payments filtered by user ID                                &amp#27;[90m# src/test/resources/features/get.feature:92&amp#27;[0m
12:38:45.239 [INFO ] [steps.Hooks] - ─────────────────────────────────────────
12:38:45.240 [INFO ] [steps.Hooks] - SCENARIO STARTED: Get payments filtered by user ID
12:38:45.240 [INFO ] [steps.Hooks] - Tags: []
12:38:45.240 [INFO ] [steps.Hooks] - ─────────────────────────────────────────
12:38:45.241 [INFO ] [steps.CommonStepDefinitions] - Base URL configured: https://jsonplaceholder.typicode.com
  &amp#27;[32mGiven &amp#27;[0m&amp#27;[32muser sets API base URL&amp#27;[0m                                            &amp#27;[90m# steps.CommonStepDefinitions.userSetsApiBaseUrl()&amp#27;[0m
12:38:45.241 [INFO ] [steps.CommonStepDefinitions] - Base URL configured: https://jsonplaceholder.typicode.com
  &amp#27;[32mGiven &amp#27;[0m&amp#27;[32muser sets API base URL&amp#27;[0m                                            &amp#27;[90m# steps.CommonStepDefinitions.userSetsApiBaseUrl()&amp#27;[0m
12:38:45.243 [INFO ] [steps.GetPaymentStepDefinitions] - GET /posts with ?userId=1
Request method:	GET
Request URI:	https://jsonplaceholder.typicode.com/posts?userId=1
Proxy:			<none>
Request params:	<none>
Query params:	userId=1
Form params:	<none>
Path params:	<none>
Headers:		Accept=application/json, application/javascript, text/javascript, text/json
				Authorization=Bearer dev-demo-token-replace-with-real-jwt
				X-Request-ID=6e473322-1aa0-4d1d-bcb1-6cf1716bf1a4
				X-Correlation-ID=411a4d1b-ee33-4d23-a5b7-3a34601989a6
				Content-Type=application/json
Cookies:		<none>
Multiparts:		<none>
Body:			<none>
  &amp#27;[32mWhen &amp#27;[0m&amp#27;[32muser sends GET request to &amp#27;[0m&amp#27;[32m&amp#27;[1m"/posts"&amp#27;[0m&amp#27;[32m with query param &amp#27;[0m&amp#27;[32m&amp#27;[1m"userId"&amp#27;[0m&amp#27;[32m = &amp#27;[0m&amp#27;[32m&amp#27;[1m"1"&amp#27;[0m &amp#27;[90m# steps.GetPaymentStepDefinitions.userSendsGetWithQueryParam(java.lang.String,java.lang.String,java.lang.String)&amp#27;[0m
12:38:45.561 [INFO ] [utils.ValidationHelper] - Asserting status code: expected=200, actual=200
  &amp#27;[32mThen &amp#27;[0m&amp#27;[32mvalidate status code is &amp#27;[0m&amp#27;[32m&amp#27;[1m200&amp#27;[0m                                        &amp#27;[90m# steps.CommonStepDefinitions.validateStatusCodeIs(int)&amp#27;[0m
12:38:45.564 [INFO ] [steps.GetPaymentStepDefinitions] - Response list contains 10 items
  &amp#27;[32mAnd &amp#27;[0m&amp#27;[32mvalidate response is a list with items&amp#27;[0m                              &amp#27;[90m# steps.GetPaymentStepDefinitions.validateResponseIsListWithItems()&amp#27;[0m
12:38:45.565 [INFO ] [steps.Hooks] - SCENARIO PASSED: Get payments filtered by user ID
]]></system-out>
  </testcase>
  <testcase name="Get sub-resource for payment (comments/status updates)" classname="GET API Tests" time="1.043">
    <system-out><![CDATA[
Scenario: Get sub-resource for payment (comments/status updates) &amp#27;[90m# src/test/resources/features/get.feature:102&amp#27;[0m
12:38:45.571 [INFO ] [steps.Hooks] - ─────────────────────────────────────────
12:38:45.572 [INFO ] [steps.Hooks] - SCENARIO STARTED: Get sub-resource for payment (comments/status updates)
12:38:45.573 [INFO ] [steps.Hooks] - Tags: []
12:38:45.573 [INFO ] [steps.Hooks] - ─────────────────────────────────────────
12:38:45.573 [INFO ] [steps.CommonStepDefinitions] - Base URL configured: https://jsonplaceholder.typicode.com
  &amp#27;[32mGiven &amp#27;[0m&amp#27;[32muser sets API base URL&amp#27;[0m                                   &amp#27;[90m# steps.CommonStepDefinitions.userSetsApiBaseUrl()&amp#27;[0m
12:38:45.574 [INFO ] [steps.CommonStepDefinitions] - Base URL configured: https://jsonplaceholder.typicode.com
  &amp#27;[32mGiven &amp#27;[0m&amp#27;[32muser sets API base URL&amp#27;[0m                                   &amp#27;[90m# steps.CommonStepDefinitions.userSetsApiBaseUrl()&amp#27;[0m
12:38:45.574 [INFO ] [steps.GetPaymentStepDefinitions] - Sending GET request to: /posts/1/comments
Request method:	GET
Request URI:	https://jsonplaceholder.typicode.com/posts/1/comments
Proxy:			<none>
Request params:	<none>
Query params:	<none>
Form params:	<none>
Path params:	<none>
Headers:		Accept=application/json, application/javascript, text/javascript, text/json
				Authorization=Bearer dev-demo-token-replace-with-real-jwt
				X-Request-ID=ce99180c-04c3-4fff-abc8-7852e7082c0a
				X-Correlation-ID=23a2369c-db10-4d80-9668-fd29fab1cef4
				Content-Type=application/json
Cookies:		<none>
Multiparts:		<none>
Body:			<none>
12:38:46.604 [INFO ] [steps.GetPaymentStepDefinitions] - Response received: HTTP 200, Time: 1020ms
  &amp#27;[32mWhen &amp#27;[0m&amp#27;[32muser sends GET request to &amp#27;[0m&amp#27;[32m&amp#27;[1m"/posts/1/comments"&amp#27;[0m             &amp#27;[90m# steps.GetPaymentStepDefinitions.userSendsGetRequestTo(java.lang.String)&amp#27;[0m
12:38:46.605 [INFO ] [utils.ValidationHelper] - Asserting status code: expected=200, actual=200
  &amp#27;[32mThen &amp#27;[0m&amp#27;[32mvalidate status code is &amp#27;[0m&amp#27;[32m&amp#27;[1m200&amp#27;[0m                               &amp#27;[90m# steps.CommonStepDefinitions.validateStatusCodeIs(int)&amp#27;[0m
12:38:46.608 [INFO ] [steps.GetPaymentStepDefinitions] - Response list contains 5 items
  &amp#27;[32mAnd &amp#27;[0m&amp#27;[32mvalidate response is a list with items&amp#27;[0m                     &amp#27;[90m# steps.GetPaymentStepDefinitions.validateResponseIsListWithItems()&amp#27;[0m
12:38:46.609 [INFO ] [steps.Hooks] - SCENARIO PASSED: Get sub-resource for payment (comments/status updates)
]]></system-out>
  </testcase>
  <testcase name="Validate payment ID matches requested ID" classname="GET API Tests" time="2.319">
    <system-out><![CDATA[
Scenario: Validate payment ID matches requested ID &amp#27;[90m# src/test/resources/features/get.feature:111&amp#27;[0m
12:38:46.617 [INFO ] [steps.Hooks] - ─────────────────────────────────────────
12:38:46.617 [INFO ] [steps.Hooks] - SCENARIO STARTED: Validate payment ID matches requested ID
12:38:46.618 [INFO ] [steps.Hooks] - Tags: []
12:38:46.618 [INFO ] [steps.Hooks] - ─────────────────────────────────────────
12:38:46.619 [INFO ] [steps.CommonStepDefinitions] - Base URL configured: https://jsonplaceholder.typicode.com
  &amp#27;[32mGiven &amp#27;[0m&amp#27;[32muser sets API base URL&amp#27;[0m                     &amp#27;[90m# steps.CommonStepDefinitions.userSetsApiBaseUrl()&amp#27;[0m
12:38:46.620 [INFO ] [steps.CommonStepDefinitions] - Base URL configured: https://jsonplaceholder.typicode.com
  &amp#27;[32mGiven &amp#27;[0m&amp#27;[32muser sets API base URL&amp#27;[0m                     &amp#27;[90m# steps.CommonStepDefinitions.userSetsApiBaseUrl()&amp#27;[0m
12:38:46.620 [INFO ] [steps.GetPaymentStepDefinitions] - Sending GET request to: /posts/5
Request method:	GET
Request URI:	https://jsonplaceholder.typicode.com/posts/5
Proxy:			<none>
Request params:	<none>
Query params:	<none>
Form params:	<none>
Path params:	<none>
Headers:		Accept=application/json, application/javascript, text/javascript, text/json
				Authorization=Bearer dev-demo-token-replace-with-real-jwt
				X-Request-ID=33638bcb-7738-4f39-855f-f128cacef75f
				X-Correlation-ID=8bf561cb-2325-47b6-b29d-071e0390dab6
				Content-Type=application/json
Cookies:		<none>
Multiparts:		<none>
Body:			<none>
12:38:48.897 [INFO ] [steps.GetPaymentStepDefinitions] - Response received: HTTP 200, Time: 2261ms
  &amp#27;[32mWhen &amp#27;[0m&amp#27;[32muser sends GET request to &amp#27;[0m&amp#27;[32m&amp#27;[1m"/posts/5"&amp#27;[0m        &amp#27;[90m# steps.GetPaymentStepDefinitions.userSendsGetRequestTo(java.lang.String)&amp#27;[0m
12:38:48.898 [INFO ] [utils.ValidationHelper] - Asserting status code: expected=200, actual=200
  &amp#27;[32mThen &amp#27;[0m&amp#27;[32mvalidate status code is &amp#27;[0m&amp#27;[32m&amp#27;[1m200&amp#27;[0m                 &amp#27;[90m# steps.CommonStepDefinitions.validateStatusCodeIs(int)&amp#27;[0m
  &amp#27;[32mAnd &amp#27;[0m&amp#27;[32mvalidate &amp#27;[0m&amp#27;[32m&amp#27;[1m"id"&amp#27;[0m&amp#27;[32m field value is &amp#27;[0m&amp#27;[32m&amp#27;[1m5&amp#27;[0m               &amp#27;[90m# steps.GetPaymentStepDefinitions.validateFieldValueIsInt(java.lang.String,int)&amp#27;[0m
12:38:48.925 [INFO ] [steps.Hooks] - SCENARIO PASSED: Validate payment ID matches requested ID
]]></system-out>
  </testcase>
  <testcase name="Validate response body is not empty" classname="GET API Tests" time="0.39">
    <system-out><![CDATA[
Scenario: Validate response body is not empty &amp#27;[90m# src/test/resources/features/get.feature:120&amp#27;[0m
12:38:48.934 [INFO ] [steps.Hooks] - ─────────────────────────────────────────
12:38:48.934 [INFO ] [steps.Hooks] - SCENARIO STARTED: Validate response body is not empty
12:38:48.935 [INFO ] [steps.Hooks] - Tags: []
12:38:48.935 [INFO ] [steps.Hooks] - ─────────────────────────────────────────
12:38:48.935 [INFO ] [steps.CommonStepDefinitions] - Base URL configured: https://jsonplaceholder.typicode.com
  &amp#27;[32mGiven &amp#27;[0m&amp#27;[32muser sets API base URL&amp#27;[0m                &amp#27;[90m# steps.CommonStepDefinitions.userSetsApiBaseUrl()&amp#27;[0m
12:38:48.936 [INFO ] [steps.CommonStepDefinitions] - Base URL configured: https://jsonplaceholder.typicode.com
  &amp#27;[32mGiven &amp#27;[0m&amp#27;[32muser sets API base URL&amp#27;[0m                &amp#27;[90m# steps.CommonStepDefinitions.userSetsApiBaseUrl()&amp#27;[0m
12:38:48.937 [INFO ] [steps.GetPaymentStepDefinitions] - Sending GET request to: /posts/1
Request method:	GET
Request URI:	https://jsonplaceholder.typicode.com/posts/1
Proxy:			<none>
Request params:	<none>
Query params:	<none>
Form params:	<none>
Path params:	<none>
Headers:		Accept=application/json, application/javascript, text/javascript, text/json
				Authorization=Bearer dev-demo-token-replace-with-real-jwt
				X-Request-ID=baed8158-8c25-438c-a098-3a8c6c39fbc5
				X-Correlation-ID=a29815ed-0545-455f-b319-85b936b84bb4
				Content-Type=application/json
Cookies:		<none>
Multiparts:		<none>
Body:			<none>
12:38:49.316 [INFO ] [steps.GetPaymentStepDefinitions] - Response received: HTTP 200, Time: 364ms
  &amp#27;[32mWhen &amp#27;[0m&amp#27;[32muser sends GET request to &amp#27;[0m&amp#27;[32m&amp#27;[1m"/posts/1"&amp#27;[0m   &amp#27;[90m# steps.GetPaymentStepDefinitions.userSendsGetRequestTo(java.lang.String)&amp#27;[0m
12:38:49.317 [INFO ] [utils.ValidationHelper] - Asserting status code: expected=200, actual=200
  &amp#27;[32mThen &amp#27;[0m&amp#27;[32mvalidate status code is &amp#27;[0m&amp#27;[32m&amp#27;[1m200&amp#27;[0m            &amp#27;[90m# steps.CommonStepDefinitions.validateStatusCodeIs(int)&amp#27;[0m
  &amp#27;[32mAnd &amp#27;[0m&amp#27;[32mvalidate response body is not empty&amp#27;[0m     &amp#27;[90m# steps.CommonStepDefinitions.validateResponseBodyIsNotEmpty()&amp#27;[0m
12:38:49.319 [INFO ] [steps.Hooks] - SCENARIO PASSED: Validate response body is not empty
]]></system-out>
  </testcase>
  <testcase name="Validate response meets strict SLA" classname="GET API Tests" time="0.365">
    <system-out><![CDATA[
Scenario: Validate response meets strict SLA                    &amp#27;[90m# src/test/resources/features/get.feature:129&amp#27;[0m
12:38:49.325 [INFO ] [steps.Hooks] - ─────────────────────────────────────────
12:38:49.325 [INFO ] [steps.Hooks] - SCENARIO STARTED: Validate response meets strict SLA
12:38:49.325 [INFO ] [steps.Hooks] - Tags: []
12:38:49.325 [INFO ] [steps.Hooks] - ─────────────────────────────────────────
12:38:49.326 [INFO ] [steps.CommonStepDefinitions] - Base URL configured: https://jsonplaceholder.typicode.com
  &amp#27;[32mGiven &amp#27;[0m&amp#27;[32muser sets API base URL&amp#27;[0m                                  &amp#27;[90m# steps.CommonStepDefinitions.userSetsApiBaseUrl()&amp#27;[0m
12:38:49.327 [INFO ] [steps.CommonStepDefinitions] - Base URL configured: https://jsonplaceholder.typicode.com
  &amp#27;[32mGiven &amp#27;[0m&amp#27;[32muser sets API base URL&amp#27;[0m                                  &amp#27;[90m# steps.CommonStepDefinitions.userSetsApiBaseUrl()&amp#27;[0m
12:38:49.327 [INFO ] [steps.GetPaymentStepDefinitions] - Sending GET request to: /posts/1
Request method:	GET
Request URI:	https://jsonplaceholder.typicode.com/posts/1
Proxy:			<none>
Request params:	<none>
Query params:	<none>
Form params:	<none>
Path params:	<none>
Headers:		Accept=application/json, application/javascript, text/javascript, text/json
				Authorization=Bearer dev-demo-token-replace-with-real-jwt
				X-Request-ID=8cf3fe58-3e86-4d80-be30-da7ea6bf6407
				X-Correlation-ID=ce1ff828-3d14-41fa-9db2-db8ec9b1d9bb
				Content-Type=application/json
Cookies:		<none>
Multiparts:		<none>
Body:			<none>
12:38:49.682 [INFO ] [steps.GetPaymentStepDefinitions] - Response received: HTTP 200, Time: 346ms
  &amp#27;[32mWhen &amp#27;[0m&amp#27;[32muser sends GET request to &amp#27;[0m&amp#27;[32m&amp#27;[1m"/posts/1"&amp#27;[0m                     &amp#27;[90m# steps.GetPaymentStepDefinitions.userSendsGetRequestTo(java.lang.String)&amp#27;[0m
12:38:49.683 [INFO ] [utils.ValidationHelper] - Asserting status code: expected=200, actual=200
  &amp#27;[32mThen &amp#27;[0m&amp#27;[32mvalidate status code is &amp#27;[0m&amp#27;[32m&amp#27;[1m200&amp#27;[0m                              &amp#27;[90m# steps.CommonStepDefinitions.validateStatusCodeIs(int)&amp#27;[0m
12:38:49.684 [INFO ] [utils.ValidationHelper] - Response time: 346ms (max allowed: 3000ms)
  &amp#27;[32mAnd &amp#27;[0m&amp#27;[32mvalidate response time is within SLA of &amp#27;[0m&amp#27;[32m&amp#27;[1m3000&amp#27;[0m&amp#27;[32m milliseconds&amp#27;[0m &amp#27;[90m# steps.CommonStepDefinitions.validateResponseTimeWithinSla(int)&amp#27;[0m
12:38:49.684 [INFO ] [steps.Hooks] - SCENARIO PASSED: Validate response meets strict SLA
]]></system-out>
  </testcase>
  <testcase name="Get posts and users resources" classname="GET API Tests" time="0.719">
    <system-out><![CDATA[
Scenario: Get posts and users resources   &amp#27;[90m# src/test/resources/features/get.feature:138&amp#27;[0m
12:38:49.693 [INFO ] [steps.Hooks] - ─────────────────────────────────────────
12:38:49.693 [INFO ] [steps.Hooks] - SCENARIO STARTED: Get posts and users resources
12:38:49.693 [INFO ] [steps.Hooks] - Tags: []
12:38:49.693 [INFO ] [steps.Hooks] - ─────────────────────────────────────────
12:38:49.694 [INFO ] [steps.CommonStepDefinitions] - Base URL configured: https://jsonplaceholder.typicode.com
  &amp#27;[32mGiven &amp#27;[0m&amp#27;[32muser sets API base URL&amp#27;[0m            &amp#27;[90m# steps.CommonStepDefinitions.userSetsApiBaseUrl()&amp#27;[0m
12:38:49.694 [INFO ] [steps.CommonStepDefinitions] - Base URL configured: https://jsonplaceholder.typicode.com
  &amp#27;[32mGiven &amp#27;[0m&amp#27;[32muser sets API base URL&amp#27;[0m            &amp#27;[90m# steps.CommonStepDefinitions.userSetsApiBaseUrl()&amp#27;[0m
12:38:49.695 [INFO ] [steps.GetPaymentStepDefinitions] - Sending GET request to: /posts
Request method:	GET
Request URI:	https://jsonplaceholder.typicode.com/posts
Proxy:			<none>
Request params:	<none>
Query params:	<none>
Form params:	<none>
Path params:	<none>
Headers:		Accept=application/json, application/javascript, text/javascript, text/json
				Authorization=Bearer dev-demo-token-replace-with-real-jwt
				X-Request-ID=16c7a35e-25c6-45cd-8d2a-00a1d1121622
				X-Correlation-ID=4829e13d-df9c-4771-8ea5-65f76a2322b6
				Content-Type=application/json
Cookies:		<none>
Multiparts:		<none>
Body:			<none>
12:38:50.078 [INFO ] [steps.GetPaymentStepDefinitions] - Response received: HTTP 200, Time: 361ms
  &amp#27;[32mWhen &amp#27;[0m&amp#27;[32muser sends GET request to &amp#27;[0m&amp#27;[32m&amp#27;[1m"/posts"&amp#27;[0m &amp#27;[90m# steps.GetPaymentStepDefinitions.userSendsGetRequestTo(java.lang.String)&amp#27;[0m
12:38:50.087 [INFO ] [utils.ValidationHelper] - Asserting status code: expected=200, actual=200
  &amp#27;[32mThen &amp#27;[0m&amp#27;[32mvalidate status code is &amp#27;[0m&amp#27;[32m&amp#27;[1m200&amp#27;[0m        &amp#27;[90m# steps.CommonStepDefinitions.validateStatusCodeIs(int)&amp#27;[0m
12:38:50.090 [INFO ] [steps.GetPaymentStepDefinitions] - Sending GET request to: /users
Request method:	GET
Request URI:	https://jsonplaceholder.typicode.com/users
Proxy:			<none>
Request params:	<none>
Query params:	<none>
Form params:	<none>
Path params:	<none>
Headers:		Accept=application/json, application/javascript, text/javascript, text/json
				Authorization=Bearer dev-demo-token-replace-with-real-jwt
				X-Request-ID=6aff5569-dd64-425a-bc19-1a85915123d0
				X-Correlation-ID=5215c77f-29e6-4884-a6a4-e14d1e1fce1a
				Content-Type=application/json
Cookies:		<none>
Multiparts:		<none>
Body:			<none>
12:38:50.402 [INFO ] [steps.GetPaymentStepDefinitions] - Response received: HTTP 200, Time: 302ms
  &amp#27;[32mWhen &amp#27;[0m&amp#27;[32muser sends GET request to &amp#27;[0m&amp#27;[32m&amp#27;[1m"/users"&amp#27;[0m &amp#27;[90m# steps.GetPaymentStepDefinitions.userSendsGetRequestTo(java.lang.String)&amp#27;[0m
12:38:50.403 [INFO ] [utils.ValidationHelper] - Asserting status code: expected=200, actual=200
  &amp#27;[32mThen &amp#27;[0m&amp#27;[32mvalidate status code is &amp#27;[0m&amp#27;[32m&amp#27;[1m200&amp#27;[0m        &amp#27;[90m# steps.CommonStepDefinitions.validateStatusCodeIs(int)&amp#27;[0m
12:38:50.403 [INFO ] [steps.Hooks] - SCENARIO PASSED: Get posts and users resources
]]></system-out>
  </testcase>
  <testcase name="Validate each item in list has required payment fields" classname="GET API Tests" time="6.108">
    <system-out><![CDATA[
Scenario: Validate each item in list has required payment fields &amp#27;[90m# src/test/resources/features/get.feature:149&amp#27;[0m
12:38:50.410 [INFO ] [steps.Hooks] - ─────────────────────────────────────────
12:38:50.410 [INFO ] [steps.Hooks] - SCENARIO STARTED: Validate each item in list has required payment fields
12:38:50.410 [INFO ] [steps.Hooks] - Tags: []
12:38:50.410 [INFO ] [steps.Hooks] - ─────────────────────────────────────────
12:38:50.411 [INFO ] [steps.CommonStepDefinitions] - Base URL configured: https://jsonplaceholder.typicode.com
  &amp#27;[32mGiven &amp#27;[0m&amp#27;[32muser sets API base URL&amp#27;[0m                                   &amp#27;[90m# steps.CommonStepDefinitions.userSetsApiBaseUrl()&amp#27;[0m
12:38:50.412 [INFO ] [steps.CommonStepDefinitions] - Base URL configured: https://jsonplaceholder.typicode.com
  &amp#27;[32mGiven &amp#27;[0m&amp#27;[32muser sets API base URL&amp#27;[0m                                   &amp#27;[90m# steps.CommonStepDefinitions.userSetsApiBaseUrl()&amp#27;[0m
12:38:50.413 [INFO ] [steps.GetPaymentStepDefinitions] - Sending GET request to: /posts
Request method:	GET
Request URI:	https://jsonplaceholder.typicode.com/posts
Proxy:			<none>
Request params:	<none>
Query params:	<none>
Form params:	<none>
Path params:	<none>
Headers:		Accept=application/json, application/javascript, text/javascript, text/json
				Authorization=Bearer dev-demo-token-replace-with-real-jwt
				X-Request-ID=b83917ef-92c2-437a-8261-c1acbb90f376
				X-Correlation-ID=cb84a01c-b1e0-4f95-815c-fcfe40669f83
				Content-Type=application/json
Cookies:		<none>
Multiparts:		<none>
Body:			<none>
12:38:50.741 [INFO ] [steps.GetPaymentStepDefinitions] - Response received: HTTP 200, Time: 313ms
  &amp#27;[32mWhen &amp#27;[0m&amp#27;[32muser sends GET request to &amp#27;[0m&amp#27;[32m&amp#27;[1m"/posts"&amp#27;[0m                        &amp#27;[90m# steps.GetPaymentStepDefinitions.userSendsGetRequestTo(java.lang.String)&amp#27;[0m
12:38:50.742 [INFO ] [utils.ValidationHelper] - Asserting status code: expected=200, actual=200
  &amp#27;[32mThen &amp#27;[0m&amp#27;[32mvalidate status code is &amp#27;[0m&amp#27;[32m&amp#27;[1m200&amp#27;[0m                               &amp#27;[90m# steps.CommonStepDefinitions.validateStatusCodeIs(int)&amp#27;[0m
12:38:52.965 [INFO ] [steps.GetPaymentStepDefinitions] - All 100 items have field 'id'
  &amp#27;[32mAnd &amp#27;[0m&amp#27;[32mvalidate each item has field &amp#27;[0m&amp#27;[32m&amp#27;[1m"id"&amp#27;[0m                          &amp#27;[90m# steps.GetPaymentStepDefinitions.validateEachItemHasField(java.lang.String)&amp#27;[0m
12:38:54.849 [INFO ] [steps.GetPaymentStepDefinitions] - All 100 items have field 'title'
  &amp#27;[32mAnd &amp#27;[0m&amp#27;[32mvalidate each item has field &amp#27;[0m&amp#27;[32m&amp#27;[1m"title"&amp#27;[0m                       &amp#27;[90m# steps.GetPaymentStepDefinitions.validateEachItemHasField(java.lang.String)&amp#27;[0m
12:38:56.510 [INFO ] [steps.GetPaymentStepDefinitions] - All 100 items have field 'userId'
  &amp#27;[32mAnd &amp#27;[0m&amp#27;[32mvalidate each item has field &amp#27;[0m&amp#27;[32m&amp#27;[1m"userId"&amp#27;[0m                      &amp#27;[90m# steps.GetPaymentStepDefinitions.validateEachItemHasField(java.lang.String)&amp#27;[0m
12:38:56.511 [INFO ] [steps.Hooks] - SCENARIO PASSED: Validate each item in list has required payment fields
]]></system-out>
  </testcase>
  <testcase name="Validate German IBAN format in payment" classname="ISO 20022 Payment Field Validation Tests" time="3.742">
    <system-out><![CDATA[
Scenario: Validate German IBAN format in payment                                                                                        &amp#27;[90m# src/test/resources/features/payment_validation.feature:17&amp#27;[0m
12:38:56.530 [INFO ] [steps.Hooks] - ─────────────────────────────────────────
12:38:56.531 [INFO ] [steps.Hooks] - SCENARIO STARTED: Validate German IBAN format in payment
12:38:56.531 [INFO ] [steps.Hooks] - Tags: []
12:38:56.532 [INFO ] [steps.Hooks] - ─────────────────────────────────────────
12:38:56.532 [INFO ] [steps.CommonStepDefinitions] - Base URL configured: https://jsonplaceholder.typicode.com
  &amp#27;[32mGiven &amp#27;[0m&amp#27;[32muser sets API base URL&amp#27;[0m                                                                                                          &amp#27;[90m# steps.CommonStepDefinitions.userSetsApiBaseUrl()&amp#27;[0m
12:38:56.533 [INFO ] [steps.CommonStepDefinitions] - Base URL configured: https://jsonplaceholder.typicode.com
  &amp#27;[32mGiven &amp#27;[0m&amp#27;[32muser sets API base URL&amp#27;[0m                                                                                                          &amp#27;[90m# steps.CommonStepDefinitions.userSetsApiBaseUrl()&amp#27;[0m
12:38:56.539 [INFO ] [steps.PostPaymentStepDefinitions] - Initiating cross-border payment: 500.00 EUR from DE89370400440532013000 to FR7614508059144900028066622
12:38:56.544 [DEBUG] [models.PaymentRequestBuilder] - Built pacs.008 Credit Transfer payload: amount=500.00 EUR
Request method:	POST
Request URI:	https://jsonplaceholder.typicode.com/posts
Proxy:			<none>
Request params:	<none>
Query params:	<none>
Form params:	<none>
Path params:	<none>
Headers:		Accept=application/json, application/javascript, text/javascript, text/json
				Authorization=Bearer dev-demo-token-replace-with-real-jwt
				x-api-key=dev-api-key-replace-with-real-key
				X-Request-ID=ec5e08ad-1db6-41bc-b745-284e9c8e68b3
				X-Correlation-ID=e97eda88-0a17-49a6-bbe2-c0be0d786381
				X-Message-Type=pacs.008.001.08
				X-Channel-ID=API
				X-Idempotency-Key=a7ce4534-da4f-48d3-9d5f-9cc8d83ddc5d
				Content-Type=application/json
Cookies:		<none>
Multiparts:		<none>
Body:
{
    "messageId": "MSG-1388974C",
    "creationDateTime": "2026-05-14T07:08:56.542384800Z",
    "messageType": "pacs.008.001.08",
    "creditTransferTransactionInfo": {
        "endToEndId": "E2E-67118585",
        "uetr": "696156b6-d5ef-4446-8928-482c95b27859",
        "instructedAmount": {
            "currency": "EUR",
            "amount": "500.00"
        },
        "chargeBearer": "SHAR",
        "debtor": {
            "name": "ACME Corporation"
        },
        "debtorAccount": {
            "iban": "DE89370400440532013000"
        },
        "debtorAgent": {
            "bic": "DEUTDEDB"
        },
        "creditor": {
            "name": "XYZ Supplier Ltd"
        },
        "creditorAccount": {
            "iban": "FR7614508059144900028066622"
        },
        "creditorAgent": {
            "bic": "BARCGB22"
        },
        "remittanceInformation": "Invoice INV-2024-001 Payment",
        "purpose": "SUPP"
    }
}
  &amp#27;[32mWhen &amp#27;[0m&amp#27;[32muser initiates a cross-border payment of &amp#27;[0m&amp#27;[32m&amp#27;[1m"500.00"&amp#27;[0m&amp#27;[32m &amp#27;[0m&amp#27;[32m&amp#27;[1m"EUR"&amp#27;[0m&amp#27;[32m from IBAN &amp#27;[0m&amp#27;[32m&amp#27;[1m"DE89370400440532013000"&amp#27;[0m&amp#27;[32m to IBAN &amp#27;[0m&amp#27;[32m&amp#27;[1m"FR7614508059144900028066622"&amp#27;[0m &amp#27;[90m# steps.PostPaymentStepDefinitions.userInitiatesCrossBorderPayment(java.lang.String,java.lang.String,java.lang.String,java.lang.String)&amp#27;[0m
12:39:00.259 [INFO ] [steps.PostPaymentStepDefinitions] - Payment creation validated: HTTP 201
  &amp#27;[32mThen &amp#27;[0m&amp#27;[32mvalidate payment was created successfully&amp#27;[0m                                                                                        &amp#27;[90m# steps.PostPaymentStepDefinitions.validatePaymentWasCreatedSuccessfully()&amp#27;[0m
12:39:00.261 [INFO ] [utils.ValidationHelper] - IBAN validation passed: DE89370400440532013000
  &amp#27;[32mAnd &amp#27;[0m&amp#27;[32mvalidate stored IBAN &amp#27;[0m&amp#27;[32m&amp#27;[1m"debtorIban"&amp#27;[0m&amp#27;[32m is in correct format&amp#27;[0m                                                                            &amp#27;[90m# steps.PostPaymentStepDefinitions.validateStoredIbanIsInCorrectFormat(java.lang.String)&amp#27;[0m
12:39:00.261 [INFO ] [utils.ValidationHelper] - IBAN validation passed: FR7614508059144900028066622
  &amp#27;[32mAnd &amp#27;[0m&amp#27;[32mvalidate stored IBAN &amp#27;[0m&amp#27;[32m&amp#27;[1m"creditorIban"&amp#27;[0m&amp#27;[32m is in correct format&amp#27;[0m                                                                          &amp#27;[90m# steps.PostPaymentStepDefinitions.validateStoredIbanIsInCorrectFormat(java.lang.String)&amp#27;[0m
12:39:00.262 [INFO ] [steps.Hooks] - SCENARIO PASSED: Validate German IBAN format in payment
]]></system-out>
  </testcase>
  <testcase name="Validate payment amount is correct format" classname="ISO 20022 Payment Field Validation Tests" time="0.677">
    <system-out><![CDATA[
Scenario: Validate payment amount is correct format                                                                                &amp#27;[90m# src/test/resources/features/payment_validation.feature:27&amp#27;[0m
12:39:00.267 [INFO ] [steps.Hooks] - ─────────────────────────────────────────
12:39:00.267 [INFO ] [steps.Hooks] - SCENARIO STARTED: Validate payment amount is correct format
12:39:00.267 [INFO ] [steps.Hooks] - Tags: []
12:39:00.269 [INFO ] [steps.Hooks] - ─────────────────────────────────────────
12:39:00.269 [INFO ] [steps.CommonStepDefinitions] - Base URL configured: https://jsonplaceholder.typicode.com
  &amp#27;[32mGiven &amp#27;[0m&amp#27;[32muser sets API base URL&amp#27;[0m                                                                                                     &amp#27;[90m# steps.CommonStepDefinitions.userSetsApiBaseUrl()&amp#27;[0m
12:39:00.270 [INFO ] [steps.CommonStepDefinitions] - Base URL configured: https://jsonplaceholder.typicode.com
  &amp#27;[32mGiven &amp#27;[0m&amp#27;[32muser sets API base URL&amp#27;[0m                                                                                                     &amp#27;[90m# steps.CommonStepDefinitions.userSetsApiBaseUrl()&amp#27;[0m
12:39:00.271 [INFO ] [steps.PostPaymentStepDefinitions] - Initiating cross-border payment: 250.50 USD from US12345678901234567890 to GB29NWBK60161331926819
12:39:00.271 [DEBUG] [models.PaymentRequestBuilder] - Built pacs.008 Credit Transfer payload: amount=250.50 USD
Request method:	POST
Request URI:	https://jsonplaceholder.typicode.com/posts
Proxy:			<none>
Request params:	<none>
Query params:	<none>
Form params:	<none>
Path params:	<none>
Headers:		Accept=application/json, application/javascript, text/javascript, text/json
				Authorization=Bearer dev-demo-token-replace-with-real-jwt
				x-api-key=dev-api-key-replace-with-real-key
				X-Request-ID=8179ab9c-20b2-47c1-9daa-6eb8f9f719b4
				X-Correlation-ID=e3ae6dc7-cf09-4552-9b90-2a715cff62d4
				X-Message-Type=pacs.008.001.08
				X-Channel-ID=API
				X-Idempotency-Key=f9480550-2256-46bf-b1ef-b396ffcbe6df
				Content-Type=application/json
Cookies:		<none>
Multiparts:		<none>
Body:
{
    "messageId": "MSG-D278E6A6",
    "creationDateTime": "2026-05-14T07:09:00.271109300Z",
    "messageType": "pacs.008.001.08",
    "creditTransferTransactionInfo": {
        "endToEndId": "E2E-994D567C",
        "uetr": "b2a783ed-1a55-4844-9a39-b20d0e796d7b",
        "instructedAmount": {
            "currency": "USD",
            "amount": "250.50"
        },
        "chargeBearer": "SHAR",
        "debtor": {
            "name": "ACME Corporation"
        },
        "debtorAccount": {
            "iban": "US12345678901234567890"
        },
        "debtorAgent": {
            "bic": "DEUTDEDB"
        },
        "creditor": {
            "name": "XYZ Supplier Ltd"
        },
        "creditorAccount": {
            "iban": "GB29NWBK60161331926819"
        },
        "creditorAgent": {
            "bic": "BARCGB22"
        },
        "remittanceInformation": "Invoice INV-2024-001 Payment",
        "purpose": "SUPP"
    }
}
  &amp#27;[32mWhen &amp#27;[0m&amp#27;[32muser initiates a cross-border payment of &amp#27;[0m&amp#27;[32m&amp#27;[1m"250.50"&amp#27;[0m&amp#27;[32m &amp#27;[0m&amp#27;[32m&amp#27;[1m"USD"&amp#27;[0m&amp#27;[32m from IBAN &amp#27;[0m&amp#27;[32m&amp#27;[1m"US12345678901234567890"&amp#27;[0m&amp#27;[32m to IBAN &amp#27;[0m&amp#27;[32m&amp#27;[1m"GB29NWBK60161331926819"&amp#27;[0m &amp#27;[90m# steps.PostPaymentStepDefinitions.userInitiatesCrossBorderPayment(java.lang.String,java.lang.String,java.lang.String,java.lang.String)&amp#27;[0m
12:39:00.936 [INFO ] [steps.PostPaymentStepDefinitions] - Payment creation validated: HTTP 201
  &amp#27;[32mThen &amp#27;[0m&amp#27;[32mvalidate payment was created successfully&amp#27;[0m                                                                                   &amp#27;[90m# steps.PostPaymentStepDefinitions.validatePaymentWasCreatedSuccessfully()&amp#27;[0m
12:39:00.937 [INFO ] [utils.ValidationHelper] - Amount validation passed: 250.50
  &amp#27;[32mAnd &amp#27;[0m&amp#27;[32mvalidate payment amount &amp#27;[0m&amp#27;[32m&amp#27;[1m"paymentAmount"&amp#27;[0m&amp#27;[32m is valid&amp#27;[0m                                                                             &amp#27;[90m# steps.PostPaymentStepDefinitions.validatePaymentAmountIsValid(java.lang.String)&amp#27;[0m
12:39:00.939 [INFO ] [utils.ValidationHelper] - Currency code validation passed: USD
  &amp#27;[32mAnd &amp#27;[0m&amp#27;[32mvalidate payment currency &amp#27;[0m&amp#27;[32m&amp#27;[1m"paymentCurrency"&amp#27;[0m&amp#27;[32m is a valid ISO 4217 code&amp#27;[0m                                                         &amp#27;[90m# steps.PostPaymentStepDefinitions.validatePaymentCurrencyIsValid(java.lang.String)&amp#27;[0m
12:39:00.939 [INFO ] [steps.Hooks] - SCENARIO PASSED: Validate payment amount is correct format
]]></system-out>
  </testcase>
[...]
12:39:25.597 [INFO ] [steps.Hooks] - Tags: []
12:39:25.597 [INFO ] [steps.Hooks] - ─────────────────────────────────────────
12:39:25.597 [INFO ] [steps.CommonStepDefinitions] - Base URL configured: https://jsonplaceholder.typicode.com
  &amp#27;[32mGiven &amp#27;[0m&amp#27;[32muser sets API base URL&amp#27;[0m             &amp#27;[90m# steps.CommonStepDefinitions.userSetsApiBaseUrl()&amp#27;[0m
12:39:25.597 [INFO ] [steps.CommonStepDefinitions] - Base URL configured: https://jsonplaceholder.typicode.com
  &amp#27;[32mGiven &amp#27;[0m&amp#27;[32muser sets API base URL&amp#27;[0m             &amp#27;[90m# steps.CommonStepDefinitions.userSetsApiBaseUrl()&amp#27;[0m
12:39:25.599 [INFO ] [steps.PostPaymentStepDefinitions] - Sending POST to: /posts
Request method:	POST
Request URI:	https://jsonplaceholder.typicode.com/posts
Proxy:			<none>
Request params:	<none>
Query params:	<none>
Form params:	<none>
Path params:	<none>
Headers:		Accept=application/json, application/javascript, text/javascript, text/json
				Authorization=Bearer dev-demo-token-replace-with-real-jwt
				X-Request-ID=a955589e-cedf-4b62-9137-bdc1704859e6
				X-Correlation-ID=00306595-bf49-40f7-834e-af3ab5e155d1
				Content-Type=application/json
Cookies:		<none>
Multiparts:		<none>
Body:
{
    "title": "Payment EUR 1000.00",
    "body": "Cross-border payment via pacs.008 for amount 1000.00 EUR",
    "userId": 1
}
12:39:26.518 [INFO ] [steps.PostPaymentStepDefinitions] - POST response: HTTP 201
  &amp#27;[32mWhen &amp#27;[0m&amp#27;[32muser sends POST request to &amp#27;[0m&amp#27;[32m&amp#27;[1m"/posts"&amp#27;[0m &amp#27;[90m# steps.PostPaymentStepDefinitions.userSendsPostRequestTo(java.lang.String)&amp#27;[0m
12:39:26.518 [INFO ] [utils.ValidationHelper] - Asserting status code: expected=201, actual=201
  &amp#27;[32mThen &amp#27;[0m&amp#27;[32mvalidate status code is &amp#27;[0m&amp#27;[32m&amp#27;[1m201&amp#27;[0m         &amp#27;[90m# steps.CommonStepDefinitions.validateStatusCodeIs(int)&amp#27;[0m
  &amp#27;[32mAnd &amp#27;[0m&amp#27;[32mvalidate response body is not empty&amp#27;[0m  &amp#27;[90m# steps.CommonStepDefinitions.validateResponseBodyIsNotEmpty()&amp#27;[0m
12:39:26.520 [INFO ] [steps.Hooks] - SCENARIO PASSED: POST response body is not empty
]]></system-out>
  </testcase>
  <testcase name="Payment response does not expose sensitive data" classname="POST API Tests - Payment Initiation" time="0.588">
    <system-out><![CDATA[
Scenario: Payment response does not expose sensitive data &amp#27;[90m# src/test/resources/features/post.feature:97&amp#27;[0m
12:39:26.528 [INFO ] [steps.Hooks] - ─────────────────────────────────────────
12:39:26.528 [INFO ] [steps.Hooks] - SCENARIO STARTED: Payment response does not expose sensitive data
12:39:26.528 [INFO ] [steps.Hooks] - Tags: []
12:39:26.528 [INFO ] [steps.Hooks] - ─────────────────────────────────────────
12:39:26.528 [INFO ] [steps.CommonStepDefinitions] - Base URL configured: https://jsonplaceholder.typicode.com
  &amp#27;[32mGiven &amp#27;[0m&amp#27;[32muser sets API base URL&amp#27;[0m                            &amp#27;[90m# steps.CommonStepDefinitions.userSetsApiBaseUrl()&amp#27;[0m
12:39:26.529 [INFO ] [steps.CommonStepDefinitions] - Base URL configured: https://jsonplaceholder.typicode.com
  &amp#27;[32mGiven &amp#27;[0m&amp#27;[32muser sets API base URL&amp#27;[0m                            &amp#27;[90m# steps.CommonStepDefinitions.userSetsApiBaseUrl()&amp#27;[0m
12:39:26.529 [INFO ] [steps.PostPaymentStepDefinitions] - Sending POST to: /posts
Request method:	POST
Request URI:	https://jsonplaceholder.typicode.com/posts
Proxy:			<none>
Request params:	<none>
Query params:	<none>
Form params:	<none>
Path params:	<none>
Headers:		Accept=application/json, application/javascript, text/javascript, text/json
				Authorization=Bearer dev-demo-token-replace-with-real-jwt
				X-Request-ID=12d7c69f-7ea5-4129-bc53-a86e5d88d47e
				X-Correlation-ID=aaf76843-b68d-4435-a798-e2e92720db5b
				Content-Type=application/json
Cookies:		<none>
Multiparts:		<none>
Body:
{
    "title": "Payment EUR 1000.00",
    "body": "Cross-border payment via pacs.008 for amount 1000.00 EUR",
    "userId": 1
}
12:39:27.110 [INFO ] [steps.PostPaymentStepDefinitions] - POST response: HTTP 201
  &amp#27;[32mWhen &amp#27;[0m&amp#27;[32muser sends POST request to &amp#27;[0m&amp#27;[32m&amp#27;[1m"/posts"&amp#27;[0m                &amp#27;[90m# steps.PostPaymentStepDefinitions.userSendsPostRequestTo(java.lang.String)&amp#27;[0m
12:39:27.110 [INFO ] [utils.ValidationHelper] - Asserting status code: expected=201, actual=201
  &amp#27;[32mThen &amp#27;[0m&amp#27;[32mvalidate status code is &amp#27;[0m&amp#27;[32m&amp#27;[1m201&amp#27;[0m                        &amp#27;[90m# steps.CommonStepDefinitions.validateStatusCodeIs(int)&amp#27;[0m
12:39:27.110 [INFO ] [utils.ValidationHelper] - Sensitive data exposure check passed
  &amp#27;[32mAnd &amp#27;[0m&amp#27;[32mvalidate no sensitive data is exposed&amp#27;[0m               &amp#27;[90m# steps.CommonStepDefinitions.validateNoSensitiveDataExposed()&amp#27;[0m
12:39:27.112 [INFO ] [steps.Hooks] - SCENARIO PASSED: Payment response does not expose sensitive data
]]></system-out>
  </testcase>
  <testcase name="Update entire payment record" classname="PUT and PATCH API Tests - Payment Amendments" time="0.549">
    <system-out><![CDATA[
Scenario: Update entire payment record          &amp#27;[90m# src/test/resources/features/put.feature:18&amp#27;[0m
12:39:27.124 [INFO ] [steps.Hooks] - ─────────────────────────────────────────
12:39:27.124 [INFO ] [steps.Hooks] - SCENARIO STARTED: Update entire payment record
12:39:27.124 [INFO ] [steps.Hooks] - Tags: []
12:39:27.124 [INFO ] [steps.Hooks] - ─────────────────────────────────────────
12:39:27.124 [INFO ] [steps.CommonStepDefinitions] - Base URL configured: https://jsonplaceholder.typicode.com
  &amp#27;[32mGiven &amp#27;[0m&amp#27;[32muser sets API base URL&amp#27;[0m                  &amp#27;[90m# steps.CommonStepDefinitions.userSetsApiBaseUrl()&amp#27;[0m
12:39:27.124 [INFO ] [steps.CommonStepDefinitions] - Base URL configured: https://jsonplaceholder.typicode.com
  &amp#27;[32mGiven &amp#27;[0m&amp#27;[32muser sets API base URL&amp#27;[0m                  &amp#27;[90m# steps.CommonStepDefinitions.userSetsApiBaseUrl()&amp#27;[0m
12:39:27.126 [INFO ] [steps.PutDeleteStepDefinitions] - Sending PUT request to: /posts/1
Request method:	PUT
Request URI:	https://jsonplaceholder.typicode.com/posts/1
Proxy:			<none>
Request params:	<none>
Query params:	<none>
Form params:	<none>
Path params:	<none>
Headers:		Accept=application/json, application/javascript, text/javascript, text/json
				Authorization=Bearer dev-demo-token-replace-with-real-jwt
				X-Request-ID=897691de-4b0b-4b1f-9cfb-dbfd5d74b458
				X-Correlation-ID=9b199175-7f6f-44a0-8a33-c7cfbe38740f
				Content-Type=application/json
Cookies:		<none>
Multiparts:		<none>
Body:
{
    "id": 1,
    "title": "Updated Payment Reference",
    "body": "Payment amount amended to 1500.00 EUR per agreement",
    "userId": 1
}
12:39:27.661 [INFO ] [steps.PutDeleteStepDefinitions] - PUT response: HTTP 200
  &amp#27;[32mWhen &amp#27;[0m&amp#27;[32muser sends PUT request to &amp#27;[0m&amp#27;[32m&amp#27;[1m"/posts/1"&amp#27;[0m     &amp#27;[90m# steps.PutDeleteStepDefinitions.userSendsPutRequestTo(java.lang.String)&amp#27;[0m
12:39:27.661 [INFO ] [utils.ValidationHelper] - Asserting status code: expected=200, actual=200
  &amp#27;[32mThen &amp#27;[0m&amp#27;[32mvalidate status code is &amp#27;[0m&amp#27;[32m&amp#27;[1m200&amp#27;[0m              &amp#27;[90m# steps.CommonStepDefinitions.validateStatusCodeIs(int)&amp#27;[0m
12:39:27.663 [INFO ] [steps.PutDeleteStepDefinitions] - Payment update validated: HTTP 200
  &amp#27;[32mAnd &amp#27;[0m&amp#27;[32mvalidate payment was updated successfully&amp#27;[0m &amp#27;[90m# steps.PutDeleteStepDefinitions.validatePaymentUpdatedSuccessfully()&amp#27;[0m
12:39:27.663 [INFO ] [steps.Hooks] - SCENARIO PASSED: Update entire payment record
]]></system-out>
  </testcase>
  <testcase name="Validate PUT response headers" classname="PUT and PATCH API Tests - Payment Amendments" time="1.592">
    <system-out><![CDATA[
Scenario: Validate PUT response headers       &amp#27;[90m# src/test/resources/features/put.feature:27&amp#27;[0m
12:39:27.667 [INFO ] [steps.Hooks] - ─────────────────────────────────────────
12:39:27.667 [INFO ] [steps.Hooks] - SCENARIO STARTED: Validate PUT response headers
12:39:27.667 [INFO ] [steps.Hooks] - Tags: []
12:39:27.667 [INFO ] [steps.Hooks] - ─────────────────────────────────────────
12:39:27.669 [INFO ] [steps.CommonStepDefinitions] - Base URL configured: https://jsonplaceholder.typicode.com
  &amp#27;[32mGiven &amp#27;[0m&amp#27;[32muser sets API base URL&amp#27;[0m                &amp#27;[90m# steps.CommonStepDefinitions.userSetsApiBaseUrl()&amp#27;[0m
12:39:27.669 [INFO ] [steps.CommonStepDefinitions] - Base URL configured: https://jsonplaceholder.typicode.com
  &amp#27;[32mGiven &amp#27;[0m&amp#27;[32muser sets API base URL&amp#27;[0m                &amp#27;[90m# steps.CommonStepDefinitions.userSetsApiBaseUrl()&amp#27;[0m
12:39:27.669 [INFO ] [steps.PutDeleteStepDefinitions] - Sending PUT request to: /posts/1
Request method:	PUT
Request URI:	https://jsonplaceholder.typicode.com/posts/1
Proxy:			<none>
Request params:	<none>
Query params:	<none>
Form params:	<none>
Path params:	<none>
Headers:		Accept=application/json, application/javascript, text/javascript, text/json
				Authorization=Bearer dev-demo-token-replace-with-real-jwt
				X-Request-ID=83439536-6c1f-48d9-9ad6-138f3106589f
				X-Correlation-ID=4da5200b-ac18-46db-b07c-fb013830c757
				Content-Type=application/json
Cookies:		<none>
Multiparts:		<none>
Body:
{
    "id": 1,
    "title": "Updated Payment Reference",
    "body": "Payment amount amended to 1500.00 EUR per agreement",
    "userId": 1
}
12:39:29.255 [INFO ] [steps.PutDeleteStepDefinitions] - PUT response: HTTP 200
  &amp#27;[32mWhen &amp#27;[0m&amp#27;[32muser sends PUT request to &amp#27;[0m&amp#27;[32m&amp#27;[1m"/posts/1"&amp#27;[0m   &amp#27;[90m# steps.PutDeleteStepDefinitions.userSendsPutRequestTo(java.lang.String)&amp#27;[0m
12:39:29.255 [INFO ] [utils.ValidationHelper] - Asserting status code: expected=200, actual=200
  &amp#27;[32mThen &amp#27;[0m&amp#27;[32mvalidate status code is &amp#27;[0m&amp#27;[32m&amp#27;[1m200&amp#27;[0m            &amp#27;[90m# steps.CommonStepDefinitions.validateStatusCodeIs(int)&amp#27;[0m
12:39:29.255 [INFO ] [utils.ValidationHelper] - Asserting Content-Type: application/json; charset=utf-8
  &amp#27;[32mAnd &amp#27;[0m&amp#27;[32mvalidate response has Content-Type JSON&amp#27;[0m &amp#27;[90m# steps.CommonStepDefinitions.validateContentTypeJson()&amp#27;[0m
12:39:29.255 [INFO ] [steps.Hooks] - SCENARIO PASSED: Validate PUT response headers
]]></system-out>
  </testcase>
  <testcase name="Partial update of payment reference" classname="PUT and PATCH API Tests - Payment Amendments" time="0.537">
    <system-out><![CDATA[
Scenario: Partial update of payment reference                                                    &amp#27;[90m# src/test/resources/features/put.feature:37&amp#27;[0m
12:39:29.255 [INFO ] [steps.Hooks] - ─────────────────────────────────────────
12:39:29.255 [INFO ] [steps.Hooks] - SCENARIO STARTED: Partial update of payment reference
12:39:29.255 [INFO ] [steps.Hooks] - Tags: []
12:39:29.255 [INFO ] [steps.Hooks] - ─────────────────────────────────────────
12:39:29.255 [INFO ] [steps.CommonStepDefinitions] - Base URL configured: https://jsonplaceholder.typicode.com
  &amp#27;[32mGiven &amp#27;[0m&amp#27;[32muser sets API base URL&amp#27;[0m                                                                   &amp#27;[90m# steps.CommonStepDefinitions.userSetsApiBaseUrl()&amp#27;[0m
12:39:29.255 [INFO ] [steps.CommonStepDefinitions] - Base URL configured: https://jsonplaceholder.typicode.com
  &amp#27;[32mGiven &amp#27;[0m&amp#27;[32muser sets API base URL&amp#27;[0m                                                                   &amp#27;[90m# steps.CommonStepDefinitions.userSetsApiBaseUrl()&amp#27;[0m
12:39:29.270 [INFO ] [steps.PutDeleteStepDefinitions] - Sending PATCH to: /posts/1 with title=Corrected Payment Reference
Request method:	PATCH
Request URI:	https://jsonplaceholder.typicode.com/posts/1
Proxy:			<none>
Request params:	<none>
Query params:	<none>
Form params:	<none>
Path params:	<none>
Headers:		Accept=application/json, application/javascript, text/javascript, text/json
				Authorization=Bearer dev-demo-token-replace-with-real-jwt
				X-Request-ID=dc2750b6-066c-4ddd-978e-f2c17405999a
				X-Correlation-ID=33ca847a-8ebc-49a8-be92-5479245d8b33
				Content-Type=application/json
Cookies:		<none>
Multiparts:		<none>
Body:
{
    "title": "Corrected Payment Reference"
}
  &amp#27;[32mWhen &amp#27;[0m&amp#27;[32muser sends PATCH request to &amp#27;[0m&amp#27;[32m&amp#27;[1m"/posts/1"&amp#27;[0m&amp#27;[32m with field &amp#27;[0m&amp#27;[32m&amp#27;[1m"title"&amp#27;[0m&amp#27;[32m = &amp#27;[0m&amp#27;[32m&amp#27;[1m"Corrected Payment Reference"&amp#27;[0m &amp#27;[90m# steps.PutDeleteStepDefinitions.userSendsPatchRequest(java.lang.String,java.lang.String,java.lang.String)&amp#27;[0m
12:39:29.760 [INFO ] [utils.ValidationHelper] - Asserting status code: expected=200, actual=200
  &amp#27;[32mThen &amp#27;[0m&amp#27;[32mvalidate status code is &amp#27;[0m&amp#27;[32m&amp#27;[1m200&amp#27;[0m                                                               &amp#27;[90m# steps.CommonStepDefinitions.validateStatusCodeIs(int)&amp#27;[0m
  &amp#27;[32mAnd &amp#27;[0m&amp#27;[32mvalidate updated field &amp#27;[0m&amp#27;[32m&amp#27;[1m"title"&amp#27;[0m&amp#27;[32m contains &amp#27;[0m&amp#27;[32m&amp#27;[1m"Corrected"&amp#27;[0m                                        &amp#27;[90m# steps.PutDeleteStepDefinitions.validateUpdatedFieldContains(java.lang.String,java.lang.String)&amp#27;[0m
12:39:29.792 [INFO ] [steps.Hooks] - SCENARIO PASSED: Partial update of payment reference
]]></system-out>
  </testcase>
  <testcase name="Update payment amount" classname="PUT and PATCH API Tests - Payment Amendments" time="1.499">
    <system-out><![CDATA[
Scenario: Update payment amount                             &amp#27;[90m# src/test/resources/features/put.feature:46&amp#27;[0m
12:39:29.798 [INFO ] [steps.Hooks] - ─────────────────────────────────────────
12:39:29.798 [INFO ] [steps.Hooks] - SCENARIO STARTED: Update payment amount
12:39:29.798 [INFO ] [steps.Hooks] - Tags: []
12:39:29.798 [INFO ] [steps.Hooks] - ─────────────────────────────────────────
12:39:29.798 [INFO ] [steps.CommonStepDefinitions] - Base URL configured: https://jsonplaceholder.typicode.com
  &amp#27;[32mGiven &amp#27;[0m&amp#27;[32muser sets API base URL&amp#27;[0m                              &amp#27;[90m# steps.CommonStepDefinitions.userSetsApiBaseUrl()&amp#27;[0m
12:39:29.798 [INFO ] [steps.CommonStepDefinitions] - Base URL configured: https://jsonplaceholder.typicode.com
  &amp#27;[32mGiven &amp#27;[0m&amp#27;[32muser sets API base URL&amp#27;[0m                              &amp#27;[90m# steps.CommonStepDefinitions.userSetsApiBaseUrl()&amp#27;[0m
12:39:29.800 [INFO ] [steps.PutDeleteStepDefinitions] - Updating payment 1 with new amount 2500.00 USD
Request method:	PUT
Request URI:	https://jsonplaceholder.typicode.com/posts/1
Proxy:			<none>
Request params:	<none>
Query params:	<none>
Form params:	<none>
Path params:	<none>
Headers:		Accept=application/json, application/javascript, text/javascript, text/json
				Authorization=Bearer dev-demo-token-replace-with-real-jwt
				x-api-key=dev-api-key-replace-with-real-key
				X-Request-ID=43779fff-9458-489c-9ad4-c2d6d09846f3
				X-Correlation-ID=6cae8006-9490-4dec-b9a0-92ffc838e70a
				X-Message-Type=pacs.008.001.08
				X-Channel-ID=API
				X-Idempotency-Key=ccc78a06-5a41-4f59-b0ca-fb9b6826916f
				Content-Type=application/json
Cookies:		<none>
Multiparts:		<none>
Body:
{
    "title": "Payment Update 2500.00 USD",
    "body": "Payment amended: 2500.00 USD",
    "userId": 1
}
  &amp#27;[32mWhen &amp#27;[0m&amp#27;[32muser updates payment &amp#27;[0m&amp#27;[32m&amp#27;[1m"1"&amp#27;[0m&amp#27;[32m with amount &amp#27;[0m&amp#27;[32m&amp#27;[1m"2500.00"&amp#27;[0m&amp#27;[32m &amp#27;[0m&amp#27;[32m&amp#27;[1m"USD"&amp#27;[0m &amp#27;[90m# steps.PutDeleteStepDefinitions.userUpdatesPaymentWithAmount(java.lang.String,java.lang.String,java.lang.String)&amp#27;[0m
12:39:31.289 [INFO ] [steps.PutDeleteStepDefinitions] - Payment update validated: HTTP 200
  &amp#27;[32mThen &amp#27;[0m&amp#27;[32mvalidate payment was updated successfully&amp#27;[0m            &amp#27;[90m# steps.PutDeleteStepDefinitions.validatePaymentUpdatedSuccessfully()&amp#27;[0m
12:39:31.291 [INFO ] [utils.ValidationHelper] - Response time: 1483ms (max allowed: 5000ms)
  &amp#27;[32mAnd &amp#27;[0m&amp#27;[32mvalidate response time less than &amp#27;[0m&amp#27;[32m&amp#27;[1m5000&amp#27;[0m                 &amp#27;[90m# steps.CommonStepDefinitions.validateResponseTimeLessThan(int)&amp#27;[0m
12:39:31.291 [INFO ] [steps.Hooks] - SCENARIO PASSED: Update payment amount
]]></system-out>
  </testcase>
  <testcase name="PUT response body is not empty" classname="PUT and PATCH API Tests - Payment Amendments" time="1.935">
    <system-out><![CDATA[
Scenario: PUT response body is not empty    &amp#27;[90m# src/test/resources/features/put.feature:55&amp#27;[0m
12:39:31.295 [INFO ] [steps.Hooks] - ─────────────────────────────────────────
12:39:31.295 [INFO ] [steps.Hooks] - SCENARIO STARTED: PUT response body is not empty
12:39:31.295 [INFO ] [steps.Hooks] - Tags: []
12:39:31.295 [INFO ] [steps.Hooks] - ─────────────────────────────────────────
12:39:31.295 [INFO ] [steps.CommonStepDefinitions] - Base URL configured: https://jsonplaceholder.typicode.com
  &amp#27;[32mGiven &amp#27;[0m&amp#27;[32muser sets API base URL&amp#27;[0m              &amp#27;[90m# steps.CommonStepDefinitions.userSetsApiBaseUrl()&amp#27;[0m
12:39:31.297 [INFO ] [steps.CommonStepDefinitions] - Base URL configured: https://jsonplaceholder.typicode.com
  &amp#27;[32mGiven &amp#27;[0m&amp#27;[32muser sets API base URL&amp#27;[0m              &amp#27;[90m# steps.CommonStepDefinitions.userSetsApiBaseUrl()&amp#27;[0m
12:39:31.297 [INFO ] [steps.PutDeleteStepDefinitions] - Sending PUT request to: /posts/1
Request method:	PUT
Request URI:	https://jsonplaceholder.typicode.com/posts/1
Proxy:			<none>
Request params:	<none>
Query params:	<none>
Form params:	<none>
Path params:	<none>
Headers:		Accept=application/json, application/javascript, text/javascript, text/json
				Authorization=Bearer dev-demo-token-replace-with-real-jwt
				X-Request-ID=f38b1860-6515-4795-96ec-ff012bd54f6e
				X-Correlation-ID=08ef1753-3d8b-46ed-8ec6-9cc4c6d04c75
				Content-Type=application/json
Cookies:		<none>
Multiparts:		<none>
Body:
{
    "id": 1,
    "title": "Updated Payment Reference",
    "body": "Payment amount amended to 1500.00 EUR per agreement",
    "userId": 1
}
12:39:33.224 [INFO ] [steps.PutDeleteStepDefinitions] - PUT response: HTTP 200
  &amp#27;[32mWhen &amp#27;[0m&amp#27;[32muser sends PUT request to &amp#27;[0m&amp#27;[32m&amp#27;[1m"/posts/1"&amp#27;[0m &amp#27;[90m# steps.PutDeleteStepDefinitions.userSendsPutRequestTo(java.lang.String)&amp#27;[0m
12:39:33.224 [INFO ] [utils.ValidationHelper] - Asserting status code: expected=200, actual=200
  &amp#27;[32mThen &amp#27;[0m&amp#27;[32mvalidate status code is &amp#27;[0m&amp#27;[32m&amp#27;[1m200&amp#27;[0m          &amp#27;[90m# steps.CommonStepDefinitions.validateStatusCodeIs(int)&amp#27;[0m
  &amp#27;[32mAnd &amp#27;[0m&amp#27;[32mvalidate response body is not empty&amp#27;[0m   &amp#27;[90m# steps.CommonStepDefinitions.validateResponseBodyIsNotEmpty()&amp#27;[0m
12:39:33.226 [INFO ] [steps.Hooks] - SCENARIO PASSED: PUT response body is not empty
]]></system-out>
  </testcase>
</testsuite>